Using port /dev/serial/by-id/usb-3D_Robotics_PX4_FMU_v5.x_0-if00
Connecting to MAVLINK...

NuttShell (NSH)
nsh> [K
nsh> [Kdynamixel_position start[24D[Kdynamixel_position start
INFO  [dynamixel_position] resetting dynamixels...
nsh> [K
nsh> [Kdynamixel_test 100[18D[Kdynamixel_test 100
LOG 24402303 0.3405437469 0.0000174527 0.3482136428 0.0000174527 0.3482136428 0.0000174527 0.3466796577 0.0000174527 0.3482136428 0.0000174527 0.3482136428 0.0000174527 
LOG 24418175 0.3344078064 0.0000349050 0.3436117172 0.0000349050 0.3436117172 0.0000349050 0.3374757767 0.0000349050 0.3405437469 0.0000349050 0.3405437469 0.0000349050 
LOG 24429524 0.3113981187 0.0000523564 0.3221359849 0.0000523564 0.3236699700 0.0000523564 0.3144660592 0.0000523564 0.3206019998 0.0000523564 0.3206019998 0.0000523564 
LOG 24446070 0.2500388622 0.0000698065 0.2623107135 0.0000698065 0.2669126689 0.0000698065 0.2546408176 0.0000698065 0.2592427731 0.0000698065 0.2669126689 0.0000698065 
LOG 24462390 0.1718058586 0.0000872548 0.1856116802 0.0000872548 0.1917476058 0.0000872548 0.1886796355 0.0000872548 0.1871456653 0.0000872548 0.1994175017 0.0000872548 
LOG 24478344 0.1027767137 0.0001047010 0.1104466170 0.0001047010 0.1196505055 0.0001047010 0.1135145798 0.0001047010 0.1104466170 0.0001047010 0.1227184683 0.0001047010 
LOG 24494548 0.0276116543 0.0001221445 0.0383495204 0.0001221445 0.0414174832 0.0001221445 0.0260776747 0.0001221445 0.0276116543 0.0001221445 0.0368155390 0.0001221445 
LOG 24504827 NaN 0.0001395850 NaN 0.0001395850 NaN 0.0001395850 NaN 0.0001395850 NaN 0.0001395850 NaN 0.0001395850 
LOG 24516895 -0.0567572899 0.0001570220 -0.0475534052 0.0001570220 -0.0552233085 0.0001570220 -0.0628932118 0.0001570220 -0.0766990408 0.0001570220 -0.0859029293 0.0001570220 
LOG 24531219 NaN 0.0001744551 NaN 0.0001744551 NaN 0.0001744551 NaN 0.0001744551 NaN 0.0001744551 NaN 0.0001744551 
LOG 24540690 NaN 0.0001918838 NaN 0.0001918838 NaN 0.0001918838 NaN 0.0001918838 NaN 0.0001918838 NaN 0.0001918838 
LOG 24554744 -0.0628932118 0.0002093077 -0.0659611747 0.0002093077 -0.0813009813 0.0002093077 -0.0981747732 0.0002093077 -0.1257864237 0.0002093077 -0.2055534273 0.0002093077 
LOG 24567143 NaN 0.0002267264 NaN 0.0002267264 NaN 0.0002267264 NaN 0.0002267264 NaN 0.0002267264 NaN 0.0002267264 
LOG 24576956 -0.0291456357 0.0002441394 -0.0214757323 0.0002441394 -0.0567572899 0.0002441394 -0.0628932118 0.0002441394 -0.0951068103 0.0002441394 -0.1764077991 0.0002441394 
LOG 24590386 -0.0061359233 0.0002615463 -0.0046019424 0.0002615463 -0.0337475799 0.0002615463 -0.0352815576 0.0002615463 -0.0674951598 0.0002615463 -0.1380582750 0.0002615463 
LOG 24603145 0.0092038848 0.0002789467 0.0061359233 0.0002789467 -0.0107378662 0.0002789467 -0.0184077695 0.0002789467 -0.0398835018 0.0002789467 -0.0859029293 0.0002789467 
LOG 24615899 0.0153398085 0.0002963401 0.0107378662 0.0002963401 0.0061359233 0.0002963401 -0.0092038848 0.0002963401 -0.0168737900 0.0002963401 -0.0276116543 0.0002963401 
LOG 24628884 0.0168737900 0.0003137261 0.0122718466 0.0003137261 0.0138058271 0.0003137261 -0.0030679617 0.0003137261 0.0030679617 0.0003137261 0.0337475799 0.0003137261 
LOG 24642087 0.0122718466 0.0003311042 0.0107378662 0.0003311042 0.0153398085 0.0003311042 0.0015339808 0.0003311042 0.0107378662 0.0003311042 0.0966407955 0.0003311042 
LOG 24656103 0.0107378662 0.0003484741 0.0092038848 0.0003484741 0.0138058271 0.0003484741 0.0030679617 0.0003484741 0.0107378662 0.0003484741 0.1426602155 0.0003484741 
LOG 24669158 NaN 0.0003658352 NaN 0.0003658352 NaN 0.0003658352 NaN 0.0003658352 NaN 0.0003658352 NaN 0.0003658352 
LOG 24679183 0.0030679617 0.0003831873 0.0015339808 0.0003831873 0.0061359233 0.0003831873 -0.0046019424 0.0003831873 0.0046019424 0.0003831873 0.1702718735 0.0003831873 
LOG 24692003 -0.0015339808 0.0004005297 0.0015339808 0.0004005297 0.0015339808 0.0004005297 -0.0061359233 0.0004005297 -0.0015339808 0.0004005297 0.1472621560 0.0004005297 
LOG 24705566 -0.0030679617 0.0004178621 0.0015339808 0.0004178621 -0.0046019424 0.0004178621 -0.0092038848 0.0004178621 -0.0061359233 0.0004178621 0.1058446765 0.0004178621 
LOG 24717921 -0.0030679617 0.0004351841 0.0015339808 0.0004351841 -0.0061359233 0.0004351841 -0.0092038848 0.0004351841 -0.0122718466 0.0004351841 0.0582912713 0.0004351841 
LOG 24729963 -0.0015339808 0.0004524952 0.0015339808 0.0004524952 -0.0061359233 0.0004524952 -0.0092038848 0.0004524952 -0.0168737900 0.0004524952 0.0061359233 0.0004524952 
LOG 24743380 0.0000000000 0.0004697950 0.0015339808 0.0004697950 -0.0061359233 0.0004697950 -0.0092038848 0.0004697950 -0.0199417509 0.0004697950 -0.0536893308 0.0004697950 
LOG 24756261 NaN 0.0004870830 NaN 0.0004870830 NaN 0.0004870830 NaN 0.0004870830 NaN 0.0004870830 NaN 0.0004870830 
LOG 24765625 0.0000000000 0.0005043588 0.0015339808 0.0005043588 -0.0061359233 0.0005043588 -0.0092038848 0.0005043588 -0.0168737900 0.0005043588 -0.1288543940 0.0005043588 
LOG 24777631 NaN 0.0005216221 NaN 0.0005216221 NaN 0.0005216221 NaN 0.0005216221 NaN 0.0005216221 NaN 0.0005216221 
LOG 24790693 NaN 0.0005388723 NaN 0.0005388723 NaN 0.0005388723 NaN 0.0005388723 NaN 0.0005388723 NaN 0.0005388723 
LOG 24798700 0.0000000000 0.0005561091 0.0015339808 0.0005561091 -0.0061359233 0.0005561091 -0.0092038848 0.0005561091 -0.0122718466 0.0005561091 -0.1334563345 0.0005561091 
LOG 24814804 0.0000000000 0.0005733319 0.0015339808 0.0005733319 -0.0061359233 0.0005733319 -0.0092038848 0.0005733319 -0.0122718466 0.0005733319 -0.0889708847 0.0005733319 
LOG 24830733 0.0000000000 0.0005905404 0.0015339808 0.0005905404 -0.0061359233 0.0005905404 -0.0092038848 0.0005905404 -0.0122718466 0.0005905404 -0.0260776747 0.0005905404 
LOG 24844982 0.0000000000 0.0006077341 0.0015339808 0.0006077341 -0.0061359233 0.0006077341 -0.0107378662 0.0006077341 -0.0122718466 0.0006077341 0.0337475799 0.0006077341 
LOG 24861499 0.0000000000 0.0006249127 0.0015339808 0.0006249127 -0.0061359233 0.0006249127 -0.0092038848 0.0006249127 -0.0122718466 0.0006249127 0.0935728326 0.0006249127 
LOG 24873761 NaN 0.0006420756 NaN 0.0006420756 NaN 0.0006420756 NaN 0.0006420756 NaN 0.0006420756 NaN 0.0006420756 
LOG 24885169 NaN 0.0006592225 NaN 0.0006592225 NaN 0.0006592225 NaN 0.0006592225 NaN 0.0006592225 NaN 0.0006592225 
LOG 24896140 NaN 0.0006763529 NaN 0.0006763529 NaN 0.0006763529 NaN 0.0006763529 NaN 0.0006763529 NaN 0.0006763529 
LOG 24908401 0.0000000000 0.0006934663 0.0015339808 0.0006934663 -0.0061359233 0.0006934663 -0.0092038848 0.0006934663 -0.0092038848 0.0006934663 0.1196505055 0.0006934663 
LOG 24920485 NaN 0.0007105625 NaN 0.0007105625 NaN 0.0007105625 NaN 0.0007105625 NaN 0.0007105625 NaN 0.0007105625 
LOG 24928830 0.0000000000 0.0007276409 0.0015339808 0.0007276409 -0.0061359233 0.0007276409 -0.0092038848 0.0007276409 -0.0076699043 0.0007276409 0.0444854423 0.0007276409 
LOG 24946081 0.0000000000 0.0007447011 0.0015339808 0.0007447011 -0.0061359233 0.0007447011 -0.0092038848 0.0007447011 -0.0076699043 0.0007447011 -0.0199417509 0.0007447011 
LOG 24960905 0.0000000000 0.0007617426 0.0015339808 0.0007617426 -0.0061359233 0.0007617426 -0.0092038848 0.0007617426 -0.0076699043 0.0007617426 -0.0690291375 0.0007617426 
LOG 24973382 0.0000000000 0.0007787651 0.0015339808 0.0007787651 -0.0061359233 0.0007787651 -0.0092038848 0.0007787651 -0.0076699043 0.0007787651 -0.1012427360 0.0007787651 
LOG 24990095 0.0000000000 0.0007957682 0.0015339808 0.0007957682 -0.0061359233 0.0007957682 -0.0092038848 0.0007957682 -0.0061359233 0.0007957682 -0.1227184683 0.0007957682 
LOG 25003668 0.0000000000 0.0008127514 0.0015339808 0.0008127514 -0.0061359233 0.0008127514 -0.0092038848 0.0008127514 -0.0061359233 0.0008127514 -0.1135145798 0.0008127514 
LOG 25017333 NaN 0.0008297142 NaN 0.0008297142 NaN 0.0008297142 NaN 0.0008297142 NaN 0.0008297142 NaN 0.0008297142 
LOG 25026686 0.0000000000 0.0008466563 0.0015339808 0.0008466563 -0.0061359233 0.0008466563 -0.0092038848 0.0008466563 -0.0046019424 0.0008466563 -0.0598252527 0.0008466563 
LOG 25040734 0.0000000000 0.0008635772 0.0015339808 0.0008635772 -0.0061359233 0.0008635772 -0.0092038848 0.0008635772 -0.0046019424 0.0008635772 -0.0138058271 0.0008635772 
LOG 25054108 0.0000000000 0.0008804766 0.0015339808 0.0008804766 -0.0061359233 0.0008804766 -0.0092038848 0.0008804766 -0.0046019424 0.0008804766 0.0291456357 0.0008804766 
LOG 25066179 0.0000000000 0.0008973539 0.0015339808 0.0008973539 -0.0061359233 0.0008973539 -0.0092038848 0.0008973539 -0.0046019424 0.0008973539 0.0644271970 0.0008973539 
LOG 25083164 0.0000000000 0.0009142088 0.0015339808 0.0009142088 -0.0061359233 0.0009142088 -0.0092038848 0.0009142088 -0.0046019424 0.0009142088 0.0981747732 0.0009142088 
LOG 25098469 NaN 0.0009310409 NaN 0.0009310409 NaN 0.0009310409 NaN 0.0009310409 NaN 0.0009310409 NaN 0.0009310409 
LOG 25109983 0.0000000000 0.0009478497 0.0015339808 0.0009478497 -0.0061359233 0.0009478497 -0.0092038848 0.0009478497 -0.0046019424 0.0009478497 0.0966407955 0.0009478497 
LOG 25126568 NaN 0.0009646348 NaN 0.0009646348 NaN 0.0009646348 NaN 0.0009646348 NaN 0.0009646348 NaN 0.0009646348 
LOG 25138522 0.0000000000 0.0009813957 0.0015339808 0.0009813957 -0.0061359233 0.0009813957 -0.0092038848 0.0009813957 -0.0030679617 0.0009813957 0.0276116543 0.0009813957 
LOG 25158132 0.0000000000 0.0009981322 0.0015339808 0.0009981322 -0.0061359233 0.0009981322 -0.0092038848 0.0009981322 -0.0030679617 0.0009981322 -0.0276116543 0.0009981322 
LOG 25169923 0.0000000000 0.0010148436 0.0015339808 0.0010148436 -0.0061359233 0.0010148436 -0.0092038848 0.0010148436 -0.0046019424 0.0010148436 -0.0567572899 0.0010148436 
LOG 25186001 0.0000000000 0.0010315297 0.0015339808 0.0010315297 -0.0061359233 0.0010315297 -0.0092038848 0.0010315297 -0.0030679617 0.0010315297 -0.0859029293 0.0010315297 
LOG 25198386 0.0000000000 0.0010481901 0.0015339808 0.0010481901 -0.0061359233 0.0010481901 -0.0092038848 0.0010481901 -0.0030679617 0.0010481901 -0.0935728326 0.0010481901 
LOG 25213069 0.0000000000 0.0010648242 0.0015339808 0.0010648242 -0.0061359233 0.0010648242 -0.0092038848 0.0010648242 -0.0030679617 0.0010648242 -0.0828349665 0.0010648242 
LOG 25224750 0.0000000000 0.0010814316 0.0015339808 0.0010814316 -0.0061359233 0.0010814316 -0.0092038848 0.0010814316 -0.0030679617 0.0010814316 -0.0628932118 0.0010814316 
LOG 25240717 0.0000000000 0.0010980121 0.0015339808 0.0010980121 -0.0061359233 0.0010980121 -0.0092038848 0.0010980121 -0.0030679617 0.0010980121 -0.0245436933 0.0010980121 
LOG 25256167 0.0000000000 0.0011145651 0.0015339808 0.0011145651 -0.0061359233 0.0011145651 -0.0092038848 0.0011145651 -0.0030679617 0.0011145651 0.0138058271 0.0011145651 
LOG 25268956 0.0000000000 0.0011310902 0.0015339808 0.0011310902 -0.0061359233 0.0011310902 -0.0092038848 0.0011310902 -0.0015339808 0.0011310902 0.0429514647 0.0011310902 
LOG 25282505 0.0000000000 0.0011475871 0.0015339808 0.0011475871 -0.0061359233 0.0011475871 -0.0092038848 0.0011475871 -0.0015339808 0.0011475871 0.0659611747 0.0011475871 
LOG 25298389 0.0000000000 0.0011640552 0.0015339808 0.0011640552 -0.0061359233 0.0011640552 -0.0076699043 0.0011640552 -0.0015339808 0.0011640552 0.0766990408 0.0011640552 
LOG 25310391 NaN 0.0011804943 NaN 0.0011804943 NaN 0.0011804943 NaN 0.0011804943 NaN 0.0011804943 NaN 0.0011804943 
LOG 25322178 NaN 0.0011969039 NaN 0.0011969039 NaN 0.0011969039 NaN 0.0011969039 NaN 0.0011969039 NaN 0.0011969039 
LOG 25332388 0.0000000000 0.0012132835 0.0015339808 0.0012132835 -0.0061359233 0.0012132835 -0.0061359233 0.0012132835 -0.0015339808 0.0012132835 0.0398835018 0.0012132835 
LOG 25347242 0.0000000000 0.0012296328 0.0015339808 0.0012296328 -0.0061359233 0.0012296328 -0.0061359233 0.0012296328 -0.0015339808 0.0012296328 0.0107378662 0.0012296328 
LOG 25359557 0.0000000000 0.0012459514 0.0015339808 0.0012459514 -0.0061359233 0.0012459514 -0.0061359233 0.0012459514 -0.0015339808 0.0012459514 -0.0138058271 0.0012459514 
LOG 25373105 0.0000000000 0.0012622387 0.0015339808 0.0012622387 -0.0061359233 0.0012622387 -0.0061359233 0.0012622387 -0.0015339808 0.0012622387 -0.0398835018 0.0012622387 
LOG 25386134 0.0000000000 0.0012784946 0.0015339808 0.0012784946 -0.0061359233 0.0012784946 -0.0061359233 0.0012784946 -0.0015339808 0.0012784946 -0.0552233085 0.0012784946 
LOG 25403591 NaN 0.0012947185 NaN 0.0012947185 NaN 0.0012947185 NaN 0.0012947185 NaN 0.0012947185 NaN 0.0012947185 
LOG 25415674 0.0000000000 0.0013109100 0.0015339808 0.0013109100 -0.0061359233 0.0013109100 -0.0061359233 0.0013109100 -0.0015339808 0.0013109100 -0.0552233085 0.0013109100 
LOG 25432479 0.0000000000 0.0013270688 0.0015339808 0.0013270688 -0.0061359233 0.0013270688 -0.0061359233 0.0013270688 -0.0015339808 0.0013270688 -0.0337475799 0.0013270688 
LOG 25446084 0.0000000000 0.0013431944 0.0015339808 0.0013431944 -0.0061359233 0.0013431944 -0.0046019424 0.0013431944 -0.0015339808 0.0013431944 -0.0107378662 0.0013431944 
LOG 25459069 0.0000000000 0.0013592864 0.0015339808 0.0013592864 -0.0061359233 0.0013592864 -0.0061359233 0.0013592864 0.0000000000 0.0013592864 0.0107378662 0.0013592864 
LOG 25472268 0.0000000000 0.0013753443 0.0015339808 0.0013753443 -0.0061359233 0.0013753443 -0.0046019424 0.0013753443 -0.0015339808 0.0013753443 0.0322135985 0.0013753443 
LOG 25484268 0.0000000000 0.0013913680 0.0015339808 0.0013913680 -0.0061359233 0.0013913680 -0.0046019424 0.0013913680 -0.0015339808 0.0013913680 0.0444854423 0.0013913680 
LOG 25499754 0.0000000000 0.0014073568 0.0015339808 0.0014073568 -0.0061359233 0.0014073568 -0.0046019424 0.0014073568 0.0000000000 0.0014073568 0.0506213680 0.0014073568 
LOG 25510913 0.0000000000 0.0014233105 0.0015339808 0.0014233105 -0.0061359233 0.0014233105 -0.0061359233 0.0014233105 -0.0015339808 0.0014233105 0.0460194238 0.0014233105 
LOG 25526967 0.0000000000 0.0014392285 0.0015339808 0.0014392285 -0.0061359233 0.0014392285 -0.0046019424 0.0014392285 -0.0015339808 0.0014392285 0.0306796171 0.0014392285 
LOG 25538732 0.0000000000 0.0014551107 0.0015339808 0.0014551107 -0.0061359233 0.0014551107 -0.0046019424 0.0014551107 -0.0015339808 0.0014551107 0.0168737900 0.0014551107 
LOG 25555552 0.0000000000 0.0014709564 0.0015339808 0.0014709564 -0.0061359233 0.0014709564 -0.0046019424 0.0014709564 0.0000000000 0.0014709564 -0.0046019424 0.0014709564 
LOG 25569650 0.0000000000 0.0014867653 0.0015339808 0.0014867653 -0.0061359233 0.0014867653 -0.0046019424 0.0014867653 -0.0015339808 0.0014867653 -0.0214757323 0.0014867653 
LOG 25581196 0.0000000000 0.0015025372 0.0015339808 0.0015025372 -0.0061359233 0.0015025372 -0.0046019424 0.0015025372 0.0000000000 0.0015025372 -0.0322135985 0.0015025372 
LOG 25596338 NaN 0.0015182714 NaN 0.0015182714 NaN 0.0015182714 NaN 0.0015182714 NaN 0.0015182714 NaN 0.0015182714 
LOG 25605908 0.0000000000 0.0015339677 0.0015339808 0.0015339677 -0.0061359233 0.0015339677 -0.0046019424 0.0015339677 -0.0015339808 0.0015339677 -0.0383495204 0.0015339677 
LOG 25620711 0.0000000000 0.0015496255 0.0015339808 0.0015496255 -0.0061359233 0.0015496255 -0.0030679617 0.0015496255 -0.0015339808 0.0015496255 -0.0291456357 0.0015496255 
LOG 25633753 0.0000000000 0.0015652447 0.0015339808 0.0015652447 -0.0061359233 0.0015652447 -0.0030679617 0.0015652447 0.0000000000 0.0015652447 -0.0168737900 0.0015652447 
LOG 25644308 0.0000000000 0.0015808247 0.0015339808 0.0015808247 -0.0061359233 0.0015808247 -0.0015339808 0.0015808247 0.0000000000 0.0015808247 -0.0061359233 0.0015808247 
LOG 25658378 0.0000000000 0.0015963652 0.0015339808 0.0015963652 -0.0061359233 0.0015963652 -0.0015339808 0.0015963652 0.0015339808 0.0015963652 0.0092038848 0.0015963652 
LOG 25670732 0.0000000000 0.0016118658 0.0015339808 0.0016118658 -0.0061359233 0.0016118658 -0.0015339808 0.0016118658 0.0015339808 0.0016118658 0.0214757323 0.0016118658 
LOG 25684379 0.0000000000 0.0016273261 0.0015339808 0.0016273261 -0.0061359233 0.0016273261 -0.0015339808 0.0016273261 0.0030679617 0.0016273261 0.0291456357 0.0016273261 
LOG 25698143 0.0000000000 0.0016427458 0.0015339808 0.0016427458 -0.0061359233 0.0016427458 -0.0015339808 0.0016427458 0.0015339808 0.0016427458 0.0322135985 0.0016427458 
LOG 25710890 0.0000000000 0.0016581244 0.0015339808 0.0016581244 -0.0061359233 0.0016581244 -0.0015339808 0.0016581244 0.0015339808 0.0016581244 0.0291456357 0.0016581244 
LOG 25724926 0.0000000000 0.0016734615 0.0015339808 0.0016734615 -0.0061359233 0.0016734615 -0.0015339808 0.0016734615 0.0030679617 0.0016734615 0.0199417509 0.0016734615 
LOG 25739761 0.0000000000 0.0016887567 0.0015339808 0.0016887567 -0.0061359233 0.0016887567 -0.0015339808 0.0016887567 0.0015339808 0.0016887567 0.0092038848 0.0016887567 
LOG 25756800 0.0000000000 0.0017040098 0.0015339808 0.0017040098 -0.0061359233 0.0017040098 -0.0015339808 0.0017040098 0.0030679617 0.0017040098 -0.0046019424 0.0017040098 
LOG 25769914 0.0000000000 0.0017192203 0.0015339808 0.0017192203 -0.0061359233 0.0017192203 -0.0015339808 0.0017192203 0.0030679617 0.0017192203 -0.0122718466 0.0017192203 
LOG 25783698 0.0000000000 0.0017343877 0.0015339808 0.0017343877 -0.0061359233 0.0017343877 -0.0015339808 0.0017343877 0.0015339808 0.0017343877 -0.0168737900 0.0017343877 
LOG 25797535 0.0000000000 0.0017495118 0.0015339808 0.0017495118 -0.0061359233 0.0017495118 -0.0015339808 0.0017495118 0.0030679617 0.0017495118 -0.0184077695 0.0017495118 
LOG 25811110 0.0000000000 0.0017645922 0.0015339808 0.0017645922 -0.0061359233 0.0017645922 -0.0015339808 0.0017645922 0.0030679617 0.0017645922 -0.0168737900 0.0017645922 
LOG 25823676 0.0000000000 0.0017796285 0.0015339808 0.0017796285 -0.0061359233 0.0017796285 -0.0015339808 0.0017796285 0.0030679617 0.0017796285 -0.0122718466 0.0017796285 
LOG 25837597 0.0000000000 0.0017946202 0.0015339808 0.0017946202 -0.0061359233 0.0017946202 -0.0015339808 0.0017946202 0.0030679617 0.0017946202 -0.0061359233 0.0017946202 
LOG 25851713 0.0000000000 0.0018095671 0.0015339808 0.0018095671 -0.0061359233 0.0018095671 -0.0015339808 0.0018095671 0.0030679617 0.0018095671 0.0030679617 0.0018095671 
LOG 25863702 0.0000000000 0.0018244688 0.0015339808 0.0018244688 -0.0061359233 0.0018244688 -0.0015339808 0.0018244688 0.0030679617 0.0018244688 0.0076699043 0.0018244688 
LOG 25877295 0.0000000000 0.0018393248 0.0015339808 0.0018393248 -0.0061359233 0.0018393248 -0.0015339808 0.0018393248 0.0030679617 0.0018393248 0.0138058271 0.0018393248 
LOG 25890436 0.0000000000 0.0018541350 0.0015339808 0.0018541350 -0.0061359233 0.0018541350 -0.0015339808 0.0018541350 0.0030679617 0.0018541350 0.0153398085 0.0018541350 
LOG 25905173 0.0000000000 0.0018688986 0.0015339808 0.0018688986 -0.0061359233 0.0018688986 -0.0015339808 0.0018688986 0.0030679617 0.0018688986 0.0153398085 0.0018688986 
LOG 25917926 0.0000000000 0.0018836156 0.0015339808 0.0018836156 -0.0061359233 0.0018836156 -0.0015339808 0.0018836156 0.0030679617 0.0018836156 0.0122718466 0.0018836156 
LOG 25931107 0.0000000000 0.0018982856 0.0015339808 0.0018982856 -0.0061359233 0.0018982856 -0.0015339808 0.0018982856 0.0030679617 0.0018982856 0.0076699043 0.0018982856 
LOG 25944791 0.0000000000 0.0019129080 0.0015339808 0.0019129080 -0.0046019424 0.0019129080 0.0000000000 0.0019129080 0.0030679617 0.0019129080 0.0030679617 0.0019129080 
LOG 25957287 0.0000000000 0.0019274827 0.0015339808 0.0019274827 -0.0046019424 0.0019274827 0.0000000000 0.0019274827 0.0015339808 0.0019274827 -0.0015339808 0.0019274827 
LOG 25970566 0.0000000000 0.0019420091 0.0015339808 0.0019420091 -0.0046019424 0.0019420091 0.0000000000 0.0019420091 0.0030679617 0.0019420091 -0.0046019424 0.0019420091 
LOG 25985096 0.0000000000 0.0019564868 0.0015339808 0.0019564868 -0.0046019424 0.0019564868 0.0000000000 0.0019564868 0.0030679617 0.0019564868 -0.0061359233 0.0019564868 
LOG 25997948 0.0000000000 0.0019709158 0.0015339808 0.0019709158 -0.0046019424 0.0019709158 0.0000000000 0.0019709158 0.0030679617 0.0019709158 -0.0061359233 0.0019709158 
LOG 26012718 0.0000000000 0.0019852957 0.0015339808 0.0019852957 -0.0046019424 0.0019852957 0.0000000000 0.0019852957 0.0030679617 0.0019852957 -0.0061359233 0.0019852957 
LOG 26027588 0.0000000000 0.0019996257 0.0015339808 0.0019996257 -0.0046019424 0.0019996257 0.0000000000 0.0019996257 0.0015339808 0.0019996257 -0.0046019424 0.0019996257 
LOG 26038565 0.0000000000 0.0020139057 0.0015339808 0.0020139057 -0.0046019424 0.0020139057 0.0000000000 0.0020139057 0.0030679617 0.0020139057 -0.0030679617 0.0020139057 
LOG 26053744 0.0000000000 0.0020281356 0.0015339808 0.0020281356 -0.0046019424 0.0020281356 0.0000000000 0.0020281356 0.0030679617 0.0020281356 0.0015339808 0.0020281356 
LOG 26065919 0.0000000000 0.0020423145 0.0015339808 0.0020423145 -0.0046019424 0.0020423145 0.0000000000 0.0020423145 0.0030679617 0.0020423145 0.0030679617 0.0020423145 
LOG 26077652 0.0000000000 0.0020564424 0.0015339808 0.0020564424 -0.0061359233 0.0020564424 0.0000000000 0.0020564424 0.0030679617 0.0020564424 0.0030679617 0.0020564424 
LOG 26090165 0.0000000000 0.0020705191 0.0015339808 0.0020705191 -0.0046019424 0.0020705191 -0.0015339808 0.0020705191 0.0030679617 0.0020705191 0.0030679617 0.0020705191 
LOG 26108174 0.0000000000 0.0020845439 0.0015339808 0.0020845439 -0.0046019424 0.0020845439 0.0000000000 0.0020845439 0.0015339808 0.0020845439 0.0030679617 0.0020845439 
LOG 26118867 0.0000000000 0.0020985166 0.0015339808 0.0020985166 -0.0046019424 0.0020985166 0.0000000000 0.0020985166 0.0030679617 0.0020985166 0.0030679617 0.0020985166 
LOG 26132822 0.0000000000 0.0021124368 0.0015339808 0.0021124368 -0.0046019424 0.0021124368 0.0000000000 0.0021124368 0.0030679617 0.0021124368 0.0030679617 0.0021124368 
LOG 26148089 0.0000000000 0.0021263042 0.0015339808 0.0021263042 -0.0046019424 0.0021263042 0.0000000000 0.0021263042 0.0015339808 0.0021263042 0.0030679617 0.0021263042 
LOG 26160254 0.0000000000 0.0021401185 0.0015339808 0.0021401185 -0.0046019424 0.0021401185 0.0000000000 0.0021401185 0.0030679617 0.0021401185 0.0030679617 0.0021401185 
LOG 26173301 0.0000000000 0.0021538793 0.0015339808 0.0021538793 -0.0046019424 0.0021538793 -0.0015339808 0.0021538793 0.0030679617 0.0021538793 0.0030679617 0.0021538793 
LOG 26187210 0.0000000000 0.0021675860 0.0015339808 0.0021675860 -0.0046019424 0.0021675860 0.0000000000 0.0021675860 0.0030679617 0.0021675860 0.0030679617 0.0021675860 
LOG 26199683 0.0000000000 0.0021812387 0.0015339808 0.0021812387 -0.0046019424 0.0021812387 0.0000000000 0.0021812387 0.0030679617 0.0021812387 0.0030679617 0.0021812387 
LOG 26212862 0.0000000000 0.0021948370 0.0015339808 0.0021948370 -0.0046019424 0.0021948370 0.0000000000 0.0021948370 0.0030679617 0.0021948370 0.0030679617 0.0021948370 
LOG 26226966 0.0000000000 0.0022083803 0.0015339808 0.0022083803 -0.0046019424 0.0022083803 0.0000000000 0.0022083803 0.0030679617 0.0022083803 0.0030679617 0.0022083803 
LOG 26238685 0.0000000000 0.0022218684 0.0015339808 0.0022218684 -0.0046019424 0.0022218684 0.0000000000 0.0022218684 0.0030679617 0.0022218684 0.0030679617 0.0022218684 
LOG 26255920 0.0000000000 0.0022353008 0.0015339808 0.0022353008 -0.0046019424 0.0022353008 0.0015339808 0.0022353008 0.0030679617 0.0022353008 0.0030679617 0.0022353008 
LOG 26266952 0.0000000000 0.0022486777 0.0015339808 0.0022486777 -0.0046019424 0.0022486777 0.0000000000 0.0022486777 0.0030679617 0.0022486777 0.0030679617 0.0022486777 
LOG 26280018 0.0000000000 0.0022619981 0.0015339808 0.0022619981 -0.0046019424 0.0022619981 0.0000000000 0.0022619981 0.0030679617 0.0022619981 0.0030679617 0.0022619981 
LOG 26294722 0.0000000000 0.0022752620 0.0015339808 0.0022752620 -0.0046019424 0.0022752620 0.0000000000 0.0022752620 0.0030679617 0.0022752620 0.0030679617 0.0022752620 
LOG 26308478 0.0000000000 0.0022884691 0.0015339808 0.0022884691 -0.0046019424 0.0022884691 0.0000000000 0.0022884691 0.0030679617 0.0022884691 0.0030679617 0.0022884691 
LOG 26322258 NaN 0.0023016189 NaN 0.0023016189 NaN 0.0023016189 NaN 0.0023016189 NaN 0.0023016189 NaN 0.0023016189 
LOG 26332056 0.0000000000 0.0023147110 0.0015339808 0.0023147110 -0.0046019424 0.0023147110 0.0015339808 0.0023147110 0.0030679617 0.0023147110 0.0015339808 0.0023147110 
LOG 26343758 NaN 0.0023277455 NaN 0.0023277455 NaN 0.0023277455 NaN 0.0023277455 NaN 0.0023277455 NaN 0.0023277455 
LOG 26354080 0.0000000000 0.0023407217 0.0015339808 0.0023407217 -0.0046019424 0.0023407217 0.0015339808 0.0023407217 0.0030679617 0.0023407217 0.0015339808 0.0023407217 
LOG 26365136 0.0000000000 0.0023536393 0.0015339808 0.0023536393 -0.0046019424 0.0023536393 0.0000000000 0.0023536393 0.0030679617 0.0023536393 0.0015339808 0.0023536393 
LOG 26381318 0.0000000000 0.0023664983 0.0015339808 0.0023664983 -0.0046019424 0.0023664983 0.0000000000 0.0023664983 0.0030679617 0.0023664983 0.0015339808 0.0023664983 
LOG 26394003 0.0000000000 0.0023792980 0.0015339808 0.0023792980 -0.0046019424 0.0023792980 0.0015339808 0.0023792980 0.0030679617 0.0023792980 0.0015339808 0.0023792980 
LOG 26408883 0.0000000000 0.0023920382 0.0015339808 0.0023920382 -0.0046019424 0.0023920382 0.0015339808 0.0023920382 0.0030679617 0.0023920382 0.0015339808 0.0023920382 
LOG 26425978 0.0000000000 0.0024047187 0.0015339808 0.0024047187 -0.0046019424 0.0024047187 0.0000000000 0.0024047187 0.0030679617 0.0024047187 0.0015339808 0.0024047187 
LOG 26442140 0.0000000000 0.0024173388 0.0015339808 0.0024173388 -0.0046019424 0.0024173388 0.0015339808 0.0024173388 0.0030679617 0.0024173388 0.0015339808 0.0024173388 
LOG 26456400 0.0000000000 0.0024298988 0.0015339808 0.0024298988 -0.0046019424 0.0024298988 0.0000000000 0.0024298988 0.0030679617 0.0024298988 0.0015339808 0.0024298988 
LOG 26473130 0.0000000000 0.0024423979 0.0015339808 0.0024423979 -0.0046019424 0.0024423979 0.0015339808 0.0024423979 0.0030679617 0.0024423979 0.0015339808 0.0024423979 
LOG 26487454 0.0000000000 0.0024548359 0.0015339808 0.0024548359 -0.0046019424 0.0024548359 0.0015339808 0.0024548359 0.0030679617 0.0024548359 0.0015339808 0.0024548359 
LOG 26503078 0.0000000000 0.0024672125 0.0015339808 0.0024672125 -0.0046019424 0.0024672125 0.0000000000 0.0024672125 0.0030679617 0.0024672125 0.0015339808 0.0024672125 
LOG 26518096 0.0000000000 0.0024795276 0.0015339808 0.0024795276 -0.0046019424 0.0024795276 0.0000000000 0.0024795276 0.0030679617 0.0024795276 0.0015339808 0.0024795276 
LOG 26534495 0.0000000000 0.0024917806 0.0015339808 0.0024917806 -0.0030679617 0.0024917806 0.0000000000 0.0024917806 0.0030679617 0.0024917806 0.0015339808 0.0024917806 
LOG 26552482 0.0000000000 0.0025039713 0.0015339808 0.0025039713 -0.0030679617 0.0025039713 0.0015339808 0.0025039713 0.0015339808 0.0025039713 0.0015339808 0.0025039713 
LOG 26569734 0.0000000000 0.0025160995 0.0015339808 0.0025160995 -0.0030679617 0.0025160995 0.0000000000 0.0025160995 0.0030679617 0.0025160995 0.0015339808 0.0025160995 
LOG 26583474 0.0000000000 0.0025281645 0.0015339808 0.0025281645 -0.0030679617 0.0025281645 0.0015339808 0.0025281645 0.0030679617 0.0025281645 0.0015339808 0.0025281645 
LOG 26599179 0.0000000000 0.0025401667 0.0015339808 0.0025401667 -0.0030679617 0.0025401667 0.0015339808 0.0025401667 0.0030679617 0.0025401667 0.0015339808 0.0025401667 
LOG 26611382 0.0000000000 0.0025521051 0.0015339808 0.0025521051 -0.0030679617 0.0025521051 0.0015339808 0.0025521051 0.0030679617 0.0025521051 0.0015339808 0.0025521051 
LOG 26626518 0.0000000000 0.0025639799 0.0015339808 0.0025639799 -0.0030679617 0.0025639799 0.0000000000 0.0025639799 0.0030679617 0.0025639799 0.0015339808 0.0025639799 
LOG 26636746 0.0000000000 0.0025757905 0.0015339808 0.0025757905 -0.0030679617 0.0025757905 0.0015339808 0.0025757905 0.0015339808 0.0025757905 0.0015339808 0.0025757905 
LOG 26651759 0.0000000000 0.0025875366 0.0015339808 0.0025875366 -0.0030679617 0.0025875366 0.0015339808 0.0025875366 0.0030679617 0.0025875366 0.0015339808 0.0025875366 
LOG 26666964 0.0000000000 0.0025992182 0.0015339808 0.0025992182 -0.0030679617 0.0025992182 0.0015339808 0.0025992182 0.0015339808 0.0025992182 0.0015339808 0.0025992182 
LOG 26679258 0.0000000000 0.0026108348 0.0015339808 0.0026108348 -0.0030679617 0.0026108348 0.0015339808 0.0026108348 0.0030679617 0.0026108348 0.0015339808 0.0026108348 
LOG 26691559 0.0000000000 0.0026223860 0.0015339808 0.0026223860 -0.0030679617 0.0026223860 0.0015339808 0.0026223860 0.0030679617 0.0026223860 0.0015339808 0.0026223860 
LOG 26704940 0.0000000000 0.0026338717 0.0015339808 0.0026338717 -0.0030679617 0.0026338717 0.0015339808 0.0026338717 0.0030679617 0.0026338717 0.0015339808 0.0026338717 
LOG 26719294 0.0000000000 0.0026452916 0.0015339808 0.0026452916 -0.0030679617 0.0026452916 0.0015339808 0.0026452916 0.0030679617 0.0026452916 0.0015339808 0.0026452916 
LOG 26730667 0.0000000000 0.0026566454 0.0015339808 0.0026566454 -0.0030679617 0.0026566454 0.0000000000 0.0026566454 0.0015339808 0.0026566454 0.0015339808 0.0026566454 
LOG 26747368 0.0000000000 0.0026679325 0.0015339808 0.0026679325 -0.0030679617 0.0026679325 0.0000000000 0.0026679325 0.0030679617 0.0026679325 0.0015339808 0.0026679325 
LOG 26757650 0.0000000000 0.0026791533 0.0015339808 0.0026791533 -0.0030679617 0.0026791533 0.0015339808 0.0026791533 0.0030679617 0.0026791533 0.0015339808 0.0026791533 
LOG 26769631 0.0000000000 0.0026903069 0.0015339808 0.0026903069 -0.0030679617 0.0026903069 0.0015339808 0.0026903069 0.0030679617 0.0026903069 0.0015339808 0.0026903069 
LOG 26784912 0.0000000000 0.0027013933 0.0015339808 0.0027013933 -0.0030679617 0.0027013933 0.0015339808 0.0027013933 0.0030679617 0.0027013933 0.0015339808 0.0027013933 
LOG 26799546 0.0000000000 0.0027124120 0.0015339808 0.0027124120 -0.0030679617 0.0027124120 0.0015339808 0.0027124120 0.0030679617 0.0027124120 0.0015339808 0.0027124120 
LOG 26811910 0.0000000000 0.0027233632 0.0015339808 0.0027233632 -0.0030679617 0.0027233632 0.0015339808 0.0027233632 0.0030679617 0.0027233632 0.0015339808 0.0027233632 
LOG 26825904 0.0000000000 0.0027342462 0.0015339808 0.0027342462 -0.0030679617 0.0027342462 0.0015339808 0.0027342462 0.0030679617 0.0027342462 0.0015339808 0.0027342462 
LOG 26841341 0.0000000000 0.0027450607 0.0015339808 0.0027450607 -0.0030679617 0.0027450607 0.0000000000 0.0027450607 0.0030679617 0.0027450607 0.0015339808 0.0027450607 
LOG 26853175 0.0000000000 0.0027558065 0.0015339808 0.0027558065 -0.0030679617 0.0027558065 0.0015339808 0.0027558065 0.0030679617 0.0027558065 0.0015339808 0.0027558065 
LOG 26865650 0.0000000000 0.0027664837 0.0015339808 0.0027664837 -0.0030679617 0.0027664837 0.0015339808 0.0027664837 0.0030679617 0.0027664837 0.0015339808 0.0027664837 
LOG 26880470 0.0000000000 0.0027770917 0.0015339808 0.0027770917 -0.0030679617 0.0027770917 0.0000000000 0.0027770917 0.0030679617 0.0027770917 0.0015339808 0.0027770917 
LOG 26892170 0.0000000000 0.0027876301 0.0015339808 0.0027876301 -0.0030679617 0.0027876301 0.0015339808 0.0027876301 0.0015339808 0.0027876301 0.0015339808 0.0027876301 
LOG 26907715 0.0000000000 0.0027980988 0.0015339808 0.0027980988 -0.0030679617 0.0027980988 0.0000000000 0.0027980988 0.0015339808 0.0027980988 0.0015339808 0.0027980988 
LOG 26917763 0.0000000000 0.0028084978 0.0015339808 0.0028084978 -0.0030679617 0.0028084978 0.0000000000 0.0028084978 0.0030679617 0.0028084978 0.0015339808 0.0028084978 
LOG 26933306 0.0000000000 0.0028188264 0.0015339808 0.0028188264 -0.0030679617 0.0028188264 0.0015339808 0.0028188264 0.0030679617 0.0028188264 0.0015339808 0.0028188264 
LOG 26946685 0.0000000000 0.0028290846 0.0015339808 0.0028290846 -0.0030679617 0.0028290846 0.0015339808 0.0028290846 0.0030679617 0.0028290846 0.0015339808 0.0028290846 
LOG 26964583 0.0000000000 0.0028392719 0.0015339808 0.0028392719 -0.0030679617 0.0028392719 0.0015339808 0.0028392719 0.0030679617 0.0028392719 0.0015339808 0.0028392719 
LOG 26976334 0.0000000000 0.0028493884 0.0015339808 0.0028493884 -0.0030679617 0.0028493884 0.0015339808 0.0028493884 0.0015339808 0.0028493884 0.0015339808 0.0028493884 
LOG 26988801 0.0000000000 0.0028594336 0.0015339808 0.0028594336 -0.0030679617 0.0028594336 0.0015339808 0.0028594336 0.0015339808 0.0028594336 0.0015339808 0.0028594336 
LOG 27002255 0.0000000000 0.0028694074 0.0015339808 0.0028694074 -0.0030679617 0.0028694074 0.0015339808 0.0028694074 0.0030679617 0.0028694074 0.0015339808 0.0028694074 
LOG 27016716 0.0000000000 0.0028793095 0.0015339808 0.0028793095 -0.0030679617 0.0028793095 0.0015339808 0.0028793095 0.0030679617 0.0028793095 0.0015339808 0.0028793095 
LOG 27029625 0.0000000000 0.0028891393 0.0015339808 0.0028891393 -0.0030679617 0.0028891393 0.0015339808 0.0028891393 0.0030679617 0.0028891393 0.0015339808 0.0028891393 
LOG 27045281 0.0000000000 0.0028988973 0.0015339808 0.0028988973 -0.0030679617 0.0028988973 0.0000000000 0.0028988973 0.0015339808 0.0028988973 0.0015339808 0.0028988973 
LOG 27062071 0.0000000000 0.0029085826 0.0015339808 0.0029085826 -0.0030679617 0.0029085826 0.0015339808 0.0029085826 0.0015339808 0.0029085826 0.0015339808 0.0029085826 
LOG 27076840 0.0000000000 0.0029181952 0.0015339808 0.0029181952 -0.0030679617 0.0029181952 0.0015339808 0.0029181952 0.0030679617 0.0029181952 0.0015339808 0.0029181952 
LOG 27089338 0.0000000000 0.0029277347 0.0015339808 0.0029277347 -0.0030679617 0.0029277347 0.0015339808 0.0029277347 0.0030679617 0.0029277347 0.0015339808 0.0029277347 
LOG 27106704 0.0000000000 0.0029372012 0.0015339808 0.0029372012 -0.0030679617 0.0029372012 0.0015339808 0.0029372012 0.0030679617 0.0029372012 0.0015339808 0.0029372012 
LOG 27119710 0.0000000000 0.0029465943 0.0015339808 0.0029465943 -0.0030679617 0.0029465943 0.0015339808 0.0029465943 0.0015339808 0.0029465943 0.0015339808 0.0029465943 
LOG 27135050 0.0000000000 0.0029559135 0.0015339808 0.0029559135 -0.0030679617 0.0029559135 0.0015339808 0.0029559135 0.0015339808 0.0029559135 0.0015339808 0.0029559135 
LOG 27149913 0.0000000000 0.0029651590 0.0015339808 0.0029651590 -0.0030679617 0.0029651590 0.0015339808 0.0029651590 0.0015339808 0.0029651590 0.0015339808 0.0029651590 
LOG 27162784 0.0000000000 0.0029743304 0.0015339808 0.0029743304 -0.0030679617 0.0029743304 0.0015339808 0.0029743304 0.0030679617 0.0029743304 0.0015339808 0.0029743304 
LOG 27174717 0.0000000000 0.0029834274 0.0015339808 0.0029834274 -0.0030679617 0.0029834274 0.0000000000 0.0029834274 0.0030679617 0.0029834274 0.0015339808 0.0029834274 
LOG 27186928 0.0000000000 0.0029924498 0.0015339808 0.0029924498 -0.0030679617 0.0029924498 0.0015339808 0.0029924498 0.0030679617 0.0029924498 0.0015339808 0.0029924498 
LOG 27199672 0.0000000000 0.0030013972 0.0015339808 0.0030013972 -0.0030679617 0.0030013972 0.0015339808 0.0030013972 0.0030679617 0.0030013972 0.0015339808 0.0030013972 
LOG 27214408 0.0000000000 0.0030102700 0.0015339808 0.0030102700 -0.0030679617 0.0030102700 0.0000000000 0.0030102700 0.0030679617 0.0030102700 0.0015339808 0.0030102700 
LOG 27229987 0.0000000000 0.0030190672 0.0015339808 0.0030190672 -0.0030679617 0.0030190672 0.0015339808 0.0030190672 0.0030679617 0.0030190672 0.0015339808 0.0030190672 
LOG 27246366 0.0000000000 0.0030277891 0.0015339808 0.0030277891 -0.0030679617 0.0030277891 0.0015339808 0.0030277891 0.0015339808 0.0030277891 0.0015339808 0.0030277891 
LOG 27263908 0.0000000000 0.0030364350 0.0015339808 0.0030364350 -0.0015339808 0.0030364350 0.0015339808 0.0030364350 0.0030679617 0.0030364350 0.0015339808 0.0030364350 
LOG 27275931 0.0000000000 0.0030450053 0.0015339808 0.0030450053 -0.0015339808 0.0030450053 0.0015339808 0.0030450053 0.0030679617 0.0030450053 0.0015339808 0.0030450053 
LOG 27289783 0.0000000000 0.0030534994 0.0015339808 0.0030534994 -0.0015339808 0.0030534994 0.0015339808 0.0030534994 0.0030679617 0.0030534994 0.0015339808 0.0030534994 
LOG 27301960 0.0000000000 0.0030619171 0.0015339808 0.0030619171 -0.0015339808 0.0030619171 0.0000000000 0.0030619171 0.0030679617 0.0030619171 0.0015339808 0.0030619171 
LOG 27316772 0.0000000000 0.0030702583 0.0015339808 0.0030702583 -0.0015339808 0.0030702583 0.0015339808 0.0030702583 0.0030679617 0.0030702583 0.0015339808 0.0030702583 
LOG 27328928 0.0000000000 0.0030785226 0.0015339808 0.0030785226 -0.0015339808 0.0030785226 0.0015339808 0.0030785226 0.0015339808 0.0030785226 0.0015339808 0.0030785226 
LOG 27341997 0.0000000000 0.0030867101 0.0015339808 0.0030867101 -0.0015339808 0.0030867101 0.0015339808 0.0030867101 0.0015339808 0.0030867101 0.0015339808 0.0030867101 
LOG 27355318 0.0000000000 0.0030948205 0.0015339808 0.0030948205 -0.0015339808 0.0030948205 0.0015339808 0.0030948205 0.0030679617 0.0030948205 0.0015339808 0.0030948205 
LOG 27367519 0.0000000000 0.0031028534 0.0015339808 0.0031028534 -0.0015339808 0.0031028534 0.0030679617 0.0031028534 0.0015339808 0.0031028534 0.0015339808 0.0031028534 
LOG 27380730 0.0000000000 0.0031108088 0.0015339808 0.0031108088 -0.0015339808 0.0031108088 0.0030679617 0.0031108088 0.0015339808 0.0031108088 0.0015339808 0.0031108088 
LOG 27395085 0.0000000000 0.0031186864 0.0015339808 0.0031186864 -0.0015339808 0.0031186864 0.0030679617 0.0031186864 0.0015339808 0.0031186864 0.0015339808 0.0031186864 
LOG 27407352 0.0000000000 0.0031264860 0.0015339808 0.0031264860 -0.0015339808 0.0031264860 0.0030679617 0.0031264860 0.0030679617 0.0031264860 0.0015339808 0.0031264860 
LOG 27422415 0.0000000000 0.0031342076 0.0015339808 0.0031342076 -0.0015339808 0.0031342076 0.0015339808 0.0031342076 0.0015339808 0.0031342076 0.0015339808 0.0031342076 
LOG 27435160 0.0000000000 0.0031418507 0.0015339808 0.0031418507 -0.0015339808 0.0031418507 0.0015339808 0.0031418507 0.0030679617 0.0031418507 0.0015339808 0.0031418507 
LOG 27451717 0.0000000000 0.0031494151 0.0015339808 0.0031494151 -0.0015339808 0.0031494151 0.0030679617 0.0031494151 0.0030679617 0.0031494151 0.0015339808 0.0031494151 
LOG 27466084 0.0000000000 0.0031569011 0.0015339808 0.0031569011 -0.0015339808 0.0031569011 0.0030679617 0.0031569011 0.0030679617 0.0031569011 0.0015339808 0.0031569011 
LOG 27479727 0.0000000000 0.0031643079 0.0015339808 0.0031643079 -0.0015339808 0.0031643079 0.0030679617 0.0031643079 0.0015339808 0.0031643079 0.0015339808 0.0031643079 
LOG 27493915 0.0000000000 0.0031716358 0.0015339808 0.0031716358 -0.0015339808 0.0031716358 0.0030679617 0.0031716358 0.0030679617 0.0031716358 0.0015339808 0.0031716358 
LOG 27505692 0.0000000000 0.0031788843 0.0015339808 0.0031788843 -0.0015339808 0.0031788843 0.0015339808 0.0031788843 0.0030679617 0.0031788843 0.0015339808 0.0031788843 
LOG 27517921 0.0000000000 0.0031860531 0.0015339808 0.0031860531 -0.0015339808 0.0031860531 0.0030679617 0.0031860531 0.0015339808 0.0031860531 0.0015339808 0.0031860531 
LOG 27532134 0.0000000000 0.0031931426 0.0015339808 0.0031931426 -0.0015339808 0.0031931426 0.0030679617 0.0031931426 0.0030679617 0.0031931426 0.0015339808 0.0031931426 
LOG 27545652 0.0000000000 0.0032001522 0.0015339808 0.0032001522 -0.0015339808 0.0032001522 0.0030679617 0.0032001522 0.0030679617 0.0032001522 0.0015339808 0.0032001522 
LOG 27559176 0.0000000000 0.0032070817 0.0015339808 0.0032070817 -0.0015339808 0.0032070817 0.0030679617 0.0032070817 0.0030679617 0.0032070817 0.0015339808 0.0032070817 
LOG 27569755 0.0000000000 0.0032139311 0.0015339808 0.0032139311 -0.0015339808 0.0032139311 0.0030679617 0.0032139311 0.0030679617 0.0032139311 0.0015339808 0.0032139311 
LOG 27585601 0.0000000000 0.0032207002 0.0015339808 0.0032207002 -0.0015339808 0.0032207002 0.0015339808 0.0032207002 0.0030679617 0.0032207002 0.0015339808 0.0032207002 
LOG 27599114 0.0000000000 0.0032273887 0.0015339808 0.0032273887 -0.0015339808 0.0032273887 0.0030679617 0.0032273887 0.0030679617 0.0032273887 0.0015339808 0.0032273887 
LOG 27615975 0.0000000000 0.0032339965 0.0015339808 0.0032339965 -0.0015339808 0.0032339965 0.0030679617 0.0032339965 0.0015339808 0.0032339965 0.0030679617 0.0032339965 
LOG 27628883 0.0000000000 0.0032405234 0.0015339808 0.0032405234 0.0000000000 0.0032405234 0.0030679617 0.0032405234 0.0030679617 0.0032405234 0.0030679617 0.0032405234 
LOG 27644725 0.0000000000 0.0032469693 0.0015339808 0.0032469693 0.0000000000 0.0032469693 0.0030679617 0.0032469693 0.0030679617 0.0032469693 0.0030679617 0.0032469693 
LOG 27660919 0.0000000000 0.0032533342 0.0015339808 0.0032533342 0.0000000000 0.0032533342 0.0030679617 0.0032533342 0.0015339808 0.0032533342 0.0030679617 0.0032533342 
LOG 27673625 0.0000000000 0.0032596176 0.0015339808 0.0032596176 0.0000000000 0.0032596176 0.0030679617 0.0032596176 0.0015339808 0.0032596176 0.0030679617 0.0032596176 
LOG 27690267 0.0000000000 0.0032658197 0.0015339808 0.0032658197 0.0000000000 0.0032658197 0.0030679617 0.0032658197 0.0030679617 0.0032658197 0.0046019424 0.0032658197 
LOG 27703745 0.0000000000 0.0032719399 0.0015339808 0.0032719399 0.0000000000 0.0032719399 0.0030679617 0.0032719399 0.0030679617 0.0032719399 0.0030679617 0.0032719399 
LOG 27718057 0.0000000000 0.0032779784 0.0015339808 0.0032779784 0.0000000000 0.0032779784 0.0030679617 0.0032779784 0.0030679617 0.0032779784 0.0030679617 0.0032779784 
LOG 27730406 0.0000000000 0.0032839351 0.0015339808 0.0032839351 0.0000000000 0.0032839351 0.0030679617 0.0032839351 0.0030679617 0.0032839351 0.0046019424 0.0032839351 
LOG 27748855 0.0000000000 0.0032898095 0.0015339808 0.0032898095 0.0000000000 0.0032898095 0.0030679617 0.0032898095 0.0015339808 0.0032898095 0.0030679617 0.0032898095 
LOG 27759689 0.0000000000 0.0032956018 0.0015339808 0.0032956018 0.0000000000 0.0032956018 0.0030679617 0.0032956018 0.0030679617 0.0032956018 0.0030679617 0.0032956018 
LOG 27776469 0.0000000000 0.0033013115 0.0015339808 0.0033013115 0.0000000000 0.0033013115 0.0030679617 0.0033013115 0.0015339808 0.0033013115 0.0046019424 0.0033013115 
LOG 27790159 0.0000000000 0.0033069388 0.0015339808 0.0033069388 0.0000000000 0.0033069388 0.0030679617 0.0033069388 0.0030679617 0.0033069388 0.0046019424 0.0033069388 
LOG 27803265 0.0000000000 0.0033124834 0.0030679617 0.0033124834 0.0000000000 0.0033124834 0.0030679617 0.0033124834 0.0015339808 0.0033124834 0.0030679617 0.0033124834 
LOG 27817618 0.0000000000 0.0033179454 0.0015339808 0.0033179454 0.0000000000 0.0033179454 0.0030679617 0.0033179454 0.0030679617 0.0033179454 0.0046019424 0.0033179454 
LOG 27832695 0.0000000000 0.0033233243 0.0015339808 0.0033233243 0.0000000000 0.0033233243 0.0030679617 0.0033233243 0.0015339808 0.0033233243 0.0030679617 0.0033233243 
LOG 27843756 0.0000000000 0.0033286200 0.0015339808 0.0033286200 0.0000000000 0.0033286200 0.0030679617 0.0033286200 0.0030679617 0.0033286200 0.0030679617 0.0033286200 
LOG 27859075 0.0000000000 0.0033338326 0.0015339808 0.0033338326 0.0000000000 0.0033338326 0.0015339808 0.0033338326 0.0030679617 0.0033338326 0.0046019424 0.0033338326 
LOG 27874688 0.0000000000 0.0033389619 0.0015339808 0.0033389619 0.0000000000 0.0033389619 0.0030679617 0.0033389619 0.0015339808 0.0033389619 0.0030679617 0.0033389619 
LOG 27888980 0.0000000000 0.0033440075 0.0015339808 0.0033440075 0.0000000000 0.0033440075 0.0030679617 0.0033440075 0.0030679617 0.0033440075 0.0046019424 0.0033440075 
LOG 27899986 0.0000000000 0.0033489699 0.0015339808 0.0033489699 0.0000000000 0.0033489699 0.0030679617 0.0033489699 0.0030679617 0.0033489699 0.0030679617 0.0033489699 
LOG 27918749 0.0000000000 0.0033538481 0.0015339808 0.0033538481 0.0000000000 0.0033538481 0.0030679617 0.0033538481 0.0030679617 0.0033538481 0.0030679617 0.0033538481 
LOG 27934393 0.0000000000 0.0033586428 0.0015339808 0.0033586428 0.0000000000 0.0033586428 0.0030679617 0.0033586428 0.0030679617 0.0033586428 0.0030679617 0.0033586428 
LOG 27950127 0.0000000000 0.0033633534 0.0015339808 0.0033633534 0.0000000000 0.0033633534 0.0030679617 0.0033633534 0.0015339808 0.0033633534 0.0046019424 0.0033633534 
LOG 27967089 0.0000000000 0.0033679800 0.0015339808 0.0033679800 0.0000000000 0.0033679800 0.0030679617 0.0033679800 0.0030679617 0.0033679800 0.0030679617 0.0033679800 
LOG 27980131 0.0000000000 0.0033725223 0.0015339808 0.0033725223 0.0000000000 0.0033725223 0.0030679617 0.0033725223 0.0015339808 0.0033725223 0.0030679617 0.0033725223 
LOG 27994692 0.0000000000 0.0033769803 0.0015339808 0.0033769803 0.0000000000 0.0033769803 0.0030679617 0.0033769803 0.0030679617 0.0033769803 0.0030679617 0.0033769803 
LOG 28009672 0.0000000000 0.0033813538 0.0015339808 0.0033813538 0.0000000000 0.0033813538 0.0030679617 0.0033813538 0.0030679617 0.0033813538 0.0030679617 0.0033813538 
LOG 28024015 NaN 0.0033856430 NaN 0.0033856430 NaN 0.0033856430 NaN 0.0033856430 NaN 0.0033856430 NaN 0.0033856430 
LOG 28034091 0.0000000000 0.0033898475 0.0015339808 0.0033898475 0.0000000000 0.0033898475 0.0030679617 0.0033898475 0.0030679617 0.0033898475 0.0030679617 0.0033898475 
LOG 28047290 0.0000000000 0.0033939669 0.0015339808 0.0033939669 0.0000000000 0.0033939669 0.0030679617 0.0033939669 0.0030679617 0.0033939669 0.0030679617 0.0033939669 
LOG 28063337 0.0000000000 0.0033980019 0.0015339808 0.0033980019 0.0000000000 0.0033980019 0.0030679617 0.0033980019 0.0030679617 0.0033980019 0.0030679617 0.0033980019 
LOG 28076320 0.0000000000 0.0034019519 0.0015339808 0.0034019519 0.0000000000 0.0034019519 0.0030679617 0.0034019519 0.0030679617 0.0034019519 0.0046019424 0.0034019519 
LOG 28088185 0.0000000000 0.0034058166 0.0015339808 0.0034058166 0.0000000000 0.0034058166 0.0030679617 0.0034058166 0.0015339808 0.0034058166 0.0030679617 0.0034058166 
LOG 28103259 0.0000000000 0.0034095962 0.0015339808 0.0034095962 0.0000000000 0.0034095962 0.0030679617 0.0034095962 0.0015339808 0.0034095962 0.0046019424 0.0034095962 
LOG 28113955 0.0000000000 0.0034132907 0.0015339808 0.0034132907 0.0000000000 0.0034132907 0.0030679617 0.0034132907 0.0030679617 0.0034132907 0.0030679617 0.0034132907 
LOG 28128683 0.0000000000 0.0034168998 0.0015339808 0.0034168998 0.0000000000 0.0034168998 0.0030679617 0.0034168998 0.0030679617 0.0034168998 0.0046019424 0.0034168998 
LOG 28144178 0.0000000000 0.0034204235 0.0015339808 0.0034204235 0.0000000000 0.0034204235 0.0030679617 0.0034204235 0.0015339808 0.0034204235 0.0030679617 0.0034204235 
LOG 28159299 0.0000000000 0.0034238617 0.0015339808 0.0034238617 0.0000000000 0.0034238617 0.0030679617 0.0034238617 0.0030679617 0.0034238617 0.0030679617 0.0034238617 
LOG 28173170 0.0000000000 0.0034272142 0.0015339808 0.0034272142 0.0000000000 0.0034272142 0.0030679617 0.0034272142 0.0030679617 0.0034272142 0.0030679617 0.0034272142 
LOG 28187191 0.0000000000 0.0034304813 0.0015339808 0.0034304813 0.0000000000 0.0034304813 0.0030679617 0.0034304813 0.0030679617 0.0034304813 0.0030679617 0.0034304813 
LOG 28200513 0.0000000000 0.0034336622 0.0015339808 0.0034336622 0.0000000000 0.0034336622 0.0030679617 0.0034336622 0.0030679617 0.0034336622 0.0030679617 0.0034336622 
LOG 28212267 0.0000000000 0.0034367577 0.0015339808 0.0034367577 0.0000000000 0.0034367577 0.0030679617 0.0034367577 0.0015339808 0.0034367577 0.0030679617 0.0034367577 
LOG 28224152 0.0000000000 0.0034397671 0.0015339808 0.0034397671 0.0000000000 0.0034397671 0.0030679617 0.0034397671 0.0030679617 0.0034397671 0.0046019424 0.0034397671 
LOG 28237976 0.0000000000 0.0034426905 0.0015339808 0.0034426905 0.0000000000 0.0034426905 0.0030679617 0.0034426905 0.0030679617 0.0034426905 0.0046019424 0.0034426905 
LOG 28252284 0.0000000000 0.0034455277 0.0015339808 0.0034455277 0.0000000000 0.0034455277 0.0015339808 0.0034455277 0.0030679617 0.0034455277 0.0030679617 0.0034455277 
LOG 28265650 0.0000000000 0.0034482789 0.0015339808 0.0034482789 0.0000000000 0.0034482789 0.0030679617 0.0034482789 0.0030679617 0.0034482789 0.0030679617 0.0034482789 
LOG 28277726 0.0000000000 0.0034509439 0.0015339808 0.0034509439 0.0000000000 0.0034509439 0.0030679617 0.0034509439 0.0030679617 0.0034509439 0.0030679617 0.0034509439 
LOG 28293136 0.0000000000 0.0034535227 0.0015339808 0.0034535227 0.0000000000 0.0034535227 0.0030679617 0.0034535227 0.0030679617 0.0034535227 0.0046019424 0.0034535227 
LOG 28305631 0.0000000000 0.0034560149 0.0015339808 0.0034560149 0.0000000000 0.0034560149 0.0030679617 0.0034560149 0.0030679617 0.0034560149 0.0030679617 0.0034560149 
LOG 28318716 0.0000000000 0.0034584210 0.0015339808 0.0034584210 0.0000000000 0.0034584210 0.0030679617 0.0034584210 0.0030679617 0.0034584210 0.0030679617 0.0034584210 
LOG 28331995 0.0000000000 0.0034607404 0.0015339808 0.0034607404 0.0000000000 0.0034607404 0.0015339808 0.0034607404 0.0015339808 0.0034607404 0.0046019424 0.0034607404 
LOG 28347743 0.0000000000 0.0034629735 0.0015339808 0.0034629735 0.0000000000 0.0034629735 0.0030679617 0.0034629735 0.0030679617 0.0034629735 0.0030679617 0.0034629735 
LOG 28361147 0.0000000000 0.0034651197 0.0015339808 0.0034651197 0.0000000000 0.0034651197 0.0030679617 0.0034651197 0.0030679617 0.0034651197 0.0046019424 0.0034651197 
LOG 28371983 0.0000000000 0.0034671796 0.0015339808 0.0034671796 0.0000000000 0.0034671796 0.0030679617 0.0034671796 0.0030679617 0.0034671796 0.0030679617 0.0034671796 
LOG 28385610 0.0000000000 0.0034691528 0.0015339808 0.0034691528 0.0000000000 0.0034691528 0.0030679617 0.0034691528 0.0030679617 0.0034691528 0.0030679617 0.0034691528 
LOG 28398766 0.0000000000 0.0034710390 0.0015339808 0.0034710390 0.0000000000 0.0034710390 0.0015339808 0.0034710390 0.0030679617 0.0034710390 0.0030679617 0.0034710390 
LOG 28416817 0.0000000000 0.0034728388 0.0015339808 0.0034728388 0.0000000000 0.0034728388 0.0030679617 0.0034728388 0.0015339808 0.0034728388 0.0030679617 0.0034728388 
LOG 28429920 0.0000000000 0.0034745515 0.0015339808 0.0034745515 0.0000000000 0.0034745515 0.0030679617 0.0034745515 0.0015339808 0.0034745515 0.0030679617 0.0034745515 
LOG 28444003 0.0000000000 0.0034761773 0.0015339808 0.0034761773 0.0000000000 0.0034761773 0.0030679617 0.0034761773 0.0015339808 0.0034761773 0.0030679617 0.0034761773 
LOG 28458709 0.0000000000 0.0034777164 0.0015339808 0.0034777164 0.0000000000 0.0034777164 0.0030679617 0.0034777164 0.0015339808 0.0034777164 0.0030679617 0.0034777164 
LOG 28471680 0.0000000000 0.0034791685 0.0015339808 0.0034791685 0.0000000000 0.0034791685 0.0030679617 0.0034791685 0.0030679617 0.0034791685 0.0030679617 0.0034791685 
LOG 28486715 0.0000000000 0.0034805336 0.0015339808 0.0034805336 0.0000000000 0.0034805336 0.0030679617 0.0034805336 0.0030679617 0.0034805336 0.0030679617 0.0034805336 
LOG 28501172 0.0000000000 0.0034818116 0.0015339808 0.0034818116 0.0000000000 0.0034818116 0.0030679617 0.0034818116 0.0030679617 0.0034818116 0.0030679617 0.0034818116 
LOG 28514686 0.0000000000 0.0034830028 0.0015339808 0.0034830028 0.0000000000 0.0034830028 0.0030679617 0.0034830028 0.0030679617 0.0034830028 0.0030679617 0.0034830028 
LOG 28526685 0.0000000000 0.0034841066 0.0015339808 0.0034841066 0.0000000000 0.0034841066 0.0030679617 0.0034841066 0.0015339808 0.0034841066 0.0030679617 0.0034841066 
LOG 28541556 0.0000000000 0.0034851236 0.0015339808 0.0034851236 -0.0015339808 0.0034851236 0.0030679617 0.0034851236 0.0030679617 0.0034851236 0.0030679617 0.0034851236 
LOG 28557652 0.0000000000 0.0034860533 0.0015339808 0.0034860533 0.0000000000 0.0034860533 0.0030679617 0.0034860533 0.0030679617 0.0034860533 0.0030679617 0.0034860533 
LOG 28570716 0.0000000000 0.0034868959 0.0015339808 0.0034868959 0.0000000000 0.0034868959 0.0030679617 0.0034868959 0.0030679617 0.0034868959 0.0030679617 0.0034868959 
LOG 28585860 0.0000000000 0.0034876512 0.0015339808 0.0034876512 0.0000000000 0.0034876512 0.0015339808 0.0034876512 0.0030679617 0.0034876512 0.0030679617 0.0034876512 
LOG 28598970 0.0000000000 0.0034883195 0.0015339808 0.0034883195 0.0000000000 0.0034883195 0.0030679617 0.0034883195 0.0030679617 0.0034883195 0.0030679617 0.0034883195 
LOG 28614315 0.0000000000 0.0034889004 0.0015339808 0.0034889004 0.0000000000 0.0034889004 0.0030679617 0.0034889004 0.0030679617 0.0034889004 0.0030679617 0.0034889004 
LOG 28630301 0.0000000000 0.0034893942 0.0015339808 0.0034893942 0.0000000000 0.0034893942 0.0030679617 0.0034893942 0.0030679617 0.0034893942 0.0030679617 0.0034893942 
LOG 28642146 0.0000000000 0.0034898007 0.0015339808 0.0034898007 0.0000000000 0.0034898007 0.0030679617 0.0034898007 0.0030679617 0.0034898007 0.0030679617 0.0034898007 
LOG 28654149 0.0000000000 0.0034901202 0.0015339808 0.0034901202 0.0000000000 0.0034901202 0.0030679617 0.0034901202 0.0030679617 0.0034901202 0.0030679617 0.0034901202 
LOG 28669784 0.0000000000 0.0034903521 0.0015339808 0.0034903521 0.0000000000 0.0034903521 0.0030679617 0.0034903521 0.0030679617 0.0034903521 0.0030679617 0.0034903521 
LOG 28682147 0.0000000000 0.0034904969 0.0015339808 0.0034904969 0.0000000000 0.0034904969 0.0030679617 0.0034904969 0.0030679617 0.0034904969 0.0030679617 0.0034904969 
LOG 28699302 0.0000000000 0.0034905544 0.0015339808 0.0034905544 0.0000000000 0.0034905544 0.0030679617 0.0034905544 0.0030679617 0.0034905544 0.0030679617 0.0034905544 
LOG 28711745 0.0000000000 0.0034905246 0.0015339808 0.0034905246 0.0000000000 0.0034905246 0.0030679617 0.0034905246 0.0030679617 0.0034905246 0.0030679617 0.0034905246 
LOG 28723993 0.0000000000 0.0034904077 0.0015339808 0.0034904077 0.0000000000 0.0034904077 0.0030679617 0.0034904077 0.0030679617 0.0034904077 0.0030679617 0.0034904077 
LOG 28737185 0.0000000000 0.0034902035 0.0015339808 0.0034902035 0.0000000000 0.0034902035 0.0030679617 0.0034902035 0.0030679617 0.0034902035 0.0030679617 0.0034902035 
LOG 28753296 0.0000000000 0.0034899120 0.0015339808 0.0034899120 0.0000000000 0.0034899120 0.0030679617 0.0034899120 0.0015339808 0.0034899120 0.0030679617 0.0034899120 
LOG 28768954 0.0000000000 0.0034895332 0.0015339808 0.0034895332 0.0015339808 0.0034895332 0.0030679617 0.0034895332 0.0015339808 0.0034895332 0.0030679617 0.0034895332 
LOG 28782477 0.0000000000 0.0034890671 0.0015339808 0.0034890671 0.0015339808 0.0034890671 0.0030679617 0.0034890671 0.0030679617 0.0034890671 0.0030679617 0.0034890671 
LOG 28795765 0.0000000000 0.0034885139 0.0015339808 0.0034885139 0.0015339808 0.0034885139 0.0030679617 0.0034885139 0.0030679617 0.0034885139 0.0030679617 0.0034885139 
LOG 28811974 0.0000000000 0.0034878736 0.0015339808 0.0034878736 0.0015339808 0.0034878736 0.0030679617 0.0034878736 0.0030679617 0.0034878736 0.0030679617 0.0034878736 
LOG 28828686 0.0000000000 0.0034871460 0.0015339808 0.0034871460 0.0015339808 0.0034871460 0.0030679617 0.0034871460 0.0030679617 0.0034871460 0.0030679617 0.0034871460 
LOG 28844912 0.0000000000 0.0034863311 0.0015339808 0.0034863311 0.0015339808 0.0034863311 0.0030679617 0.0034863311 0.0030679617 0.0034863311 0.0030679617 0.0034863311 
LOG 28859467 0.0000000000 0.0034854291 0.0015339808 0.0034854291 0.0015339808 0.0034854291 0.0030679617 0.0034854291 0.0015339808 0.0034854291 0.0030679617 0.0034854291 
LOG 28872940 0.0000000000 0.0034844400 0.0015339808 0.0034844400 0.0015339808 0.0034844400 0.0030679617 0.0034844400 0.0030679617 0.0034844400 0.0030679617 0.0034844400 
LOG 28885740 0.0000000000 0.0034833639 0.0015339808 0.0034833639 0.0015339808 0.0034833639 0.0030679617 0.0034833639 0.0030679617 0.0034833639 0.0030679617 0.0034833639 
LOG 28901630 0.0000000000 0.0034822004 0.0015339808 0.0034822004 0.0015339808 0.0034822004 0.0030679617 0.0034822004 0.0030679617 0.0034822004 0.0030679617 0.0034822004 
LOG 28914005 0.0000000000 0.0034809501 0.0015339808 0.0034809501 0.0015339808 0.0034809501 0.0030679617 0.0034809501 0.0015339808 0.0034809501 0.0030679617 0.0034809501 
LOG 28927766 0.0000000000 0.0034796128 0.0015339808 0.0034796128 0.0015339808 0.0034796128 0.0030679617 0.0034796128 0.0015339808 0.0034796128 0.0030679617 0.0034796128 
LOG 28943974 0.0000000000 0.0034781883 0.0015339808 0.0034781883 0.0015339808 0.0034781883 0.0015339808 0.0034781883 0.0030679617 0.0034781883 0.0030679617 0.0034781883 
LOG 28956386 0.0000000000 0.0034766770 0.0015339808 0.0034766770 0.0015339808 0.0034766770 0.0030679617 0.0034766770 0.0030679617 0.0034766770 0.0030679617 0.0034766770 
LOG 28968784 0.0000000000 0.0034750788 0.0015339808 0.0034750788 0.0015339808 0.0034750788 0.0030679617 0.0034750788 0.0030679617 0.0034750788 0.0030679617 0.0034750788 
LOG 28984558 0.0000000000 0.0034733936 0.0015339808 0.0034733936 0.0015339808 0.0034733936 0.0030679617 0.0034733936 0.0030679617 0.0034733936 0.0030679617 0.0034733936 
LOG 29000918 0.0000000000 0.0034716218 0.0015339808 0.0034716218 0.0015339808 0.0034716218 0.0030679617 0.0034716218 0.0030679617 0.0034716218 0.0030679617 0.0034716218 
LOG 29016308 0.0000000000 0.0034697631 0.0015339808 0.0034697631 0.0015339808 0.0034697631 0.0030679617 0.0034697631 0.0030679617 0.0034697631 0.0030679617 0.0034697631 
LOG 29028837 0.0000000000 0.0034678176 0.0015339808 0.0034678176 0.0015339808 0.0034678176 0.0030679617 0.0034678176 0.0030679617 0.0034678176 0.0030679617 0.0034678176 
LOG 29042143 0.0000000000 0.0034657854 0.0015339808 0.0034657854 0.0015339808 0.0034657854 0.0030679617 0.0034657854 0.0030679617 0.0034657854 0.0030679617 0.0034657854 
LOG 29055709 0.0000000000 0.0034636664 0.0015339808 0.0034636664 0.0015339808 0.0034636664 0.0030679617 0.0034636664 0.0030679617 0.0034636664 0.0030679617 0.0034636664 
LOG 29066870 0.0000000000 0.0034614610 0.0015339808 0.0034614610 0.0015339808 0.0034614610 0.0015339808 0.0034614610 0.0015339808 0.0034614610 0.0030679617 0.0034614610 
LOG 29082109 0.0000000000 0.0034591691 0.0015339808 0.0034591691 0.0015339808 0.0034591691 0.0030679617 0.0034591691 0.0015339808 0.0034591691 0.0030679617 0.0034591691 
LOG 29097563 0.0000000000 0.0034567907 0.0015339808 0.0034567907 0.0015339808 0.0034567907 0.0030679617 0.0034567907 0.0030679617 0.0034567907 0.0030679617 0.0034567907 
LOG 29112157 0.0000000000 0.0034543260 0.0015339808 0.0034543260 0.0015339808 0.0034543260 0.0030679617 0.0034543260 0.0030679617 0.0034543260 0.0030679617 0.0034543260 
LOG 29124305 0.0000000000 0.0034517746 0.0015339808 0.0034517746 0.0015339808 0.0034517746 0.0030679617 0.0034517746 0.0030679617 0.0034517746 0.0030679617 0.0034517746 
LOG 29138337 0.0000000000 0.0034491371 0.0015339808 0.0034491371 0.0015339808 0.0034491371 0.0030679617 0.0034491371 0.0015339808 0.0034491371 0.0030679617 0.0034491371 
LOG 29150175 0.0000000000 0.0034464134 0.0015339808 0.0034464134 0.0015339808 0.0034464134 0.0030679617 0.0034464134 0.0030679617 0.0034464134 0.0030679617 0.0034464134 
LOG 29161746 0.0000000000 0.0034436036 0.0015339808 0.0034436036 0.0015339808 0.0034436036 0.0030679617 0.0034436036 0.0015339808 0.0034436036 0.0030679617 0.0034436036 
LOG 29176379 0.0000000000 0.0034407075 0.0015339808 0.0034407075 0.0015339808 0.0034407075 0.0030679617 0.0034407075 0.0015339808 0.0034407075 0.0030679617 0.0034407075 
LOG 29188948 0.0000000000 0.0034377256 0.0015339808 0.0034377256 0.0015339808 0.0034377256 0.0030679617 0.0034377256 0.0030679617 0.0034377256 0.0030679617 0.0034377256 
LOG 29203161 0.0000000000 0.0034346576 0.0015339808 0.0034346576 0.0015339808 0.0034346576 0.0030679617 0.0034346576 0.0030679617 0.0034346576 0.0030679617 0.0034346576 
LOG 29215736 0.0000000000 0.0034315039 0.0015339808 0.0034315039 0.0015339808 0.0034315039 0.0030679617 0.0034315039 0.0030679617 0.0034315039 0.0030679617 0.0034315039 
LOG 29230129 0.0000000000 0.0034282643 0.0015339808 0.0034282643 0.0015339808 0.0034282643 0.0030679617 0.0034282643 0.0015339808 0.0034282643 0.0030679617 0.0034282643 
LOG 29242782 0.0000000000 0.0034249390 0.0015339808 0.0034249390 0.0015339808 0.0034249390 0.0030679617 0.0034249390 0.0015339808 0.0034249390 0.0030679617 0.0034249390 
LOG 29258745 0.0000000000 0.0034215280 0.0015339808 0.0034215280 0.0015339808 0.0034215280 0.0030679617 0.0034215280 0.0015339808 0.0034215280 0.0030679617 0.0034215280 
LOG 29273754 0.0000000000 0.0034180316 0.0015339808 0.0034180316 0.0015339808 0.0034180316 0.0030679617 0.0034180316 0.0030679617 0.0034180316 0.0030679617 0.0034180316 
LOG 29287064 0.0000000000 0.0034144495 0.0015339808 0.0034144495 0.0015339808 0.0034144495 0.0030679617 0.0034144495 0.0015339808 0.0034144495 0.0030679617 0.0034144495 
LOG 29301333 0.0000000000 0.0034107824 0.0015339808 0.0034107824 0.0015339808 0.0034107824 0.0030679617 0.0034107824 0.0030679617 0.0034107824 0.0030679617 0.0034107824 
LOG 29314179 0.0000000000 0.0034070297 0.0015339808 0.0034070297 0.0015339808 0.0034070297 0.0030679617 0.0034070297 0.0015339808 0.0034070297 0.0030679617 0.0034070297 
LOG 29330071 0.0000000000 0.0034031922 0.0015339808 0.0034031922 0.0015339808 0.0034031922 0.0030679617 0.0034031922 0.0030679617 0.0034031922 0.0030679617 0.0034031922 
LOG 29343779 0.0000000000 0.0033992692 0.0015339808 0.0033992692 0.0015339808 0.0033992692 0.0030679617 0.0033992692 0.0030679617 0.0033992692 0.0030679617 0.0033992692 
LOG 29355915 0.0000000000 0.0033952615 0.0015339808 0.0033952615 0.0015339808 0.0033952615 0.0030679617 0.0033952615 0.0030679617 0.0033952615 0.0030679617 0.0033952615 
LOG 29369632 0.0000000000 0.0033911688 0.0015339808 0.0033911688 0.0015339808 0.0033911688 0.0030679617 0.0033911688 0.0030679617 0.0033911688 0.0030679617 0.0033911688 
LOG 29383138 0.0000000000 0.0033869913 0.0015339808 0.0033869913 0.0015339808 0.0033869913 0.0030679617 0.0033869913 0.0030679617 0.0033869913 0.0030679617 0.0033869913 
LOG 29397914 0.0000000000 0.0033827294 0.0015339808 0.0033827294 0.0015339808 0.0033827294 0.0030679617 0.0033827294 0.0030679617 0.0033827294 0.0030679617 0.0033827294 
LOG 29410070 0.0000000000 0.0033783827 0.0015339808 0.0033783827 0.0015339808 0.0033783827 0.0030679617 0.0033783827 0.0030679617 0.0033783827 0.0030679617 0.0033783827 
LOG 29425909 0.0000000000 0.0033739514 0.0015339808 0.0033739514 0.0015339808 0.0033739514 0.0030679617 0.0033739514 0.0030679617 0.0033739514 0.0030679617 0.0033739514 
LOG 29440688 0.0000000000 0.0033694359 0.0015339808 0.0033694359 0.0015339808 0.0033694359 0.0030679617 0.0033694359 0.0015339808 0.0033694359 0.0030679617 0.0033694359 
LOG 29454760 0.0000000000 0.0033648361 0.0015339808 0.0033648361 0.0015339808 0.0033648361 0.0030679617 0.0033648361 0.0030679617 0.0033648361 0.0030679617 0.0033648361 
LOG 29469296 0.0000000000 0.0033601522 0.0015339808 0.0033601522 0.0015339808 0.0033601522 0.0030679617 0.0033601522 0.0015339808 0.0033601522 0.0030679617 0.0033601522 
LOG 29484349 0.0000000000 0.0033553846 0.0015339808 0.0033553846 0.0015339808 0.0033553846 0.0030679617 0.0033553846 0.0030679617 0.0033553846 0.0030679617 0.0033553846 
LOG 29499081 0.0000000000 0.0033505328 0.0015339808 0.0033505328 0.0015339808 0.0033505328 0.0030679617 0.0033505328 0.0015339808 0.0033505328 0.0030679617 0.0033505328 
LOG 29512704 0.0000000000 0.0033455973 0.0015339808 0.0033455973 0.0015339808 0.0033455973 0.0030679617 0.0033455973 0.0015339808 0.0033455973 0.0030679617 0.0033455973 
LOG 29527381 0.0000000000 0.0033405782 0.0015339808 0.0033405782 0.0015339808 0.0033405782 0.0030679617 0.0033405782 0.0015339808 0.0033405782 0.0046019424 0.0033405782 
LOG 29542880 NaN 0.0033354755 NaN 0.0033354755 NaN 0.0033354755 NaN 0.0033354755 NaN 0.0033354755 NaN 0.0033354755 
LOG 29554304 0.0000000000 0.0033302894 0.0015339808 0.0033302894 0.0015339808 0.0033302894 0.0030679617 0.0033302894 0.0030679617 0.0033302894 0.0030679617 0.0033302894 
LOG 29566737 0.0000000000 0.0033250202 0.0015339808 0.0033250202 0.0015339808 0.0033250202 0.0030679617 0.0033250202 0.0030679617 0.0033250202 0.0030679617 0.0033250202 
LOG 29581297 0.0000000000 0.0033196677 0.0015339808 0.0033196677 0.0015339808 0.0033196677 0.0015339808 0.0033196677 0.0015339808 0.0033196677 0.0030679617 0.0033196677 
LOG 29595117 0.0000000000 0.0033142322 0.0015339808 0.0033142322 0.0015339808 0.0033142322 0.0030679617 0.0033142322 0.0030679617 0.0033142322 0.0030679617 0.0033142322 
LOG 29609711 0.0000000000 0.0033087139 0.0015339808 0.0033087139 0.0015339808 0.0033087139 0.0030679617 0.0033087139 0.0015339808 0.0033087139 0.0030679617 0.0033087139 
LOG 29623961 0.0000000000 0.0033031129 0.0015339808 0.0033031129 0.0015339808 0.0033031129 0.0030679617 0.0033031129 0.0015339808 0.0033031129 0.0030679617 0.0033031129 
LOG 29635303 0.0000000000 0.0032974295 0.0015339808 0.0032974295 0.0015339808 0.0032974295 0.0030679617 0.0032974295 0.0030679617 0.0032974295 0.0030679617 0.0032974295 
LOG 29648549 0.0000000000 0.0032916635 0.0015339808 0.0032916635 0.0015339808 0.0032916635 0.0030679617 0.0032916635 0.0030679617 0.0032916635 0.0030679617 0.0032916635 
LOG 29664053 0.0000000000 0.0032858152 0.0015339808 0.0032858152 0.0015339808 0.0032858152 0.0030679617 0.0032858152 0.0015339808 0.0032858152 0.0030679617 0.0032858152 
LOG 29676065 0.0000000000 0.0032798848 0.0015339808 0.0032798848 0.0015339808 0.0032798848 0.0030679617 0.0032798848 0.0015339808 0.0032798848 0.0030679617 0.0032798848 
LOG 29689655 0.0000000000 0.0032738722 0.0015339808 0.0032738722 0.0015339808 0.0032738722 0.0030679617 0.0032738722 0.0030679617 0.0032738722 0.0030679617 0.0032738722 
LOG 29702102 0.0000000000 0.0032677781 0.0015339808 0.0032677781 0.0015339808 0.0032677781 0.0030679617 0.0032677781 0.0030679617 0.0032677781 0.0030679617 0.0032677781 
LOG 29715080 0.0000000000 0.0032616020 0.0015339808 0.0032616020 0.0015339808 0.0032616020 0.0030679617 0.0032616020 0.0030679617 0.0032616020 0.0030679617 0.0032616020 
LOG 29726726 NaN 0.0032553445 NaN 0.0032553445 NaN 0.0032553445 NaN 0.0032553445 NaN 0.0032553445 NaN 0.0032553445 
LOG 29740062 0.0000000000 0.0032490056 0.0015339808 0.0032490056 0.0015339808 0.0032490056 0.0030679617 0.0032490056 0.0030679617 0.0032490056 0.0030679617 0.0032490056 
LOG 29753278 0.0000000000 0.0032425856 0.0015339808 0.0032425856 0.0015339808 0.0032425856 0.0030679617 0.0032425856 0.0015339808 0.0032425856 0.0030679617 0.0032425856 
LOG 29766116 0.0000000000 0.0032360842 0.0015339808 0.0032360842 0.0015339808 0.0032360842 0.0030679617 0.0032360842 0.0015339808 0.0032360842 0.0030679617 0.0032360842 
LOG 29778687 0.0000000000 0.0032295021 0.0015339808 0.0032295021 0.0015339808 0.0032295021 0.0030679617 0.0032295021 0.0030679617 0.0032295021 0.0030679617 0.0032295021 
LOG 29792822 0.0000000000 0.0032228394 0.0015339808 0.0032228394 0.0015339808 0.0032228394 0.0030679617 0.0032228394 0.0015339808 0.0032228394 0.0030679617 0.0032228394 
LOG 29805720 0.0000000000 0.0032160960 0.0015339808 0.0032160960 0.0015339808 0.0032160960 0.0030679617 0.0032160960 0.0030679617 0.0032160960 0.0030679617 0.0032160960 
LOG 29821999 0.0000000000 0.0032092722 0.0015339808 0.0032092722 0.0015339808 0.0032092722 0.0030679617 0.0032092722 0.0030679617 0.0032092722 0.0030679617 0.0032092722 
LOG 29835497 0.0000000000 0.0032023680 0.0015339808 0.0032023680 0.0015339808 0.0032023680 0.0030679617 0.0032023680 0.0030679617 0.0032023680 0.0030679617 0.0032023680 
nsh> [KLOG 29849282 0.0000000000 0.0031953841 0.0015339808 0.0031953841 0.0015339808 0.0031953841 0.0030679617 0.0031953841 0.0030679617 0.0031953841 0.0030679617 0.0031953841 
LOG 29861625 0.0000000000 0.0031883200 0.0015339808 0.0031883200 0.0015339808 0.0031883200 0.0030679617 0.0031883200 0.0030679617 0.0031883200 0.0030679617 0.0031883200 
LOG 29875063 0.0000000000 0.0031811765 0.0015339808 0.0031811765 0.0015339808 0.0031811765 0.0030679617 0.0031811765 0.0030679617 0.0031811765 0.0030679617 0.0031811765 
LOG 29886716 0.0000000000 0.0031739532 0.0015339808 0.0031739532 0.0015339808 0.0031739532 0.0030679617 0.0031739532 0.0030679617 0.0031739532 0.0030679617 0.0031739532 
LOG 29901564 NaN 0.0031666507 NaN 0.0031666507 NaN 0.0031666507 NaN 0.0031666507 NaN 0.0031666507 NaN 0.0031666507 
LOG 29914889 0.0000000000 0.0031592690 0.0015339808 0.0031592690 0.0015339808 0.0031592690 0.0030679617 0.0031592690 0.0015339808 0.0031592690 0.0030679617 0.0031592690 
LOG 29930465 0.0000000000 0.0031518082 0.0015339808 0.0031518082 0.0015339808 0.0031518082 0.0030679617 0.0031518082 0.0030679617 0.0031518082 0.0030679617 0.0031518082 
LOG 29942787 0.0000000000 0.0031442686 0.0015339808 0.0031442686 0.0015339808 0.0031442686 0.0030679617 0.0031442686 0.0015339808 0.0031442686 0.0030679617 0.0031442686 
LOG 29959347 0.0000000000 0.0031366507 0.0015339808 0.0031366507 0.0015339808 0.0031366507 0.0030679617 0.0031366507 0.0015339808 0.0031366507 0.0030679617 0.0031366507 
LOG 29973075 0.0000000000 0.0031289540 0.0015339808 0.0031289540 0.0015339808 0.0031289540 0.0030679617 0.0031289540 0.0030679617 0.0031289540 0.0030679617 0.0031289540 
LOG 29988531 0.0000000000 0.0031211793 0.0015339808 0.0031211793 0.0015339808 0.0031211793 0.0030679617 0.0031211793 0.0030679617 0.0031211793 0.0030679617 0.0031211793 
LOG 30003754 0.0000000000 0.0031133266 0.0015339808 0.0031133266 0.0015339808 0.0031133266 0.0030679617 0.0031133266 0.0030679617 0.0031133266 0.0030679617 0.0031133266 
LOG 30019860 0.0000000000 0.0031053959 0.0015339808 0.0031053959 0.0015339808 0.0031053959 0.0030679617 0.0031053959 0.0030679617 0.0031053959 0.0030679617 0.0031053959 
LOG 30034090 0.0000000000 0.0030973877 0.0015339808 0.0030973877 0.0015339808 0.0030973877 0.0030679617 0.0030973877 0.0015339808 0.0030973877 0.0030679617 0.0030973877 
LOG 30050425 0.0000000000 0.0030893020 0.0015339808 0.0030893020 0.0015339808 0.0030893020 0.0030679617 0.0030893020 0.0030679617 0.0030893020 0.0030679617 0.0030893020 
LOG 30063692 0.0000000000 0.0030811389 0.0015339808 0.0030811389 0.0015339808 0.0030811389 0.0030679617 0.0030811389 0.0030679617 0.0030811389 0.0030679617 0.0030811389 
LOG 30077667 0.0000000000 0.0030728991 0.0015339808 0.0030728991 0.0015339808 0.0030728991 0.0030679617 0.0030728991 0.0030679617 0.0030728991 0.0030679617 0.0030728991 
LOG 30091904 0.0000000000 0.0030645824 0.0015339808 0.0030645824 0.0015339808 0.0030645824 0.0030679617 0.0030645824 0.0030679617 0.0030645824 0.0030679617 0.0030645824 
LOG 30107087 0.0000000000 0.0030561890 0.0015339808 0.0030561890 0.0015339808 0.0030561890 0.0030679617 0.0030561890 0.0030679617 0.0030561890 0.0030679617 0.0030561890 
LOG 30120010 0.0000000000 0.0030477191 0.0015339808 0.0030477191 0.0015339808 0.0030477191 0.0030679617 0.0030477191 0.0030679617 0.0030477191 0.0030679617 0.0030477191 
LOG 30134152 0.0000000000 0.0030391731 0.0015339808 0.0030391731 0.0015339808 0.0030391731 0.0030679617 0.0030391731 0.0015339808 0.0030391731 0.0015339808 0.0030391731 
LOG 30150511 0.0000000000 0.0030305511 0.0015339808 0.0030305511 0.0015339808 0.0030305511 0.0030679617 0.0030305511 0.0030679617 0.0030305511 0.0000000000 0.0030305511 
LOG 30164690 0.0000000000 0.0030218535 0.0015339808 0.0030218535 0.0015339808 0.0030218535 0.0030679617 0.0030218535 0.0030679617 0.0030218535 0.0000000000 0.0030218535 
LOG 30176767 0.0000000000 0.0030130802 0.0015339808 0.0030130802 0.0015339808 0.0030130802 0.0030679617 0.0030130802 0.0030679617 0.0030130802 0.0000000000 0.0030130802 
LOG 30190325 0.0000000000 0.0030042317 0.0015339808 0.0030042317 0.0015339808 0.0030042317 0.0030679617 0.0030042317 0.0030679617 0.0030042317 0.0000000000 0.0030042317 
LOG 30207550 0.0000000000 0.0029953080 0.0015339808 0.0029953080 0.0015339808 0.0029953080 0.0030679617 0.0029953080 0.0030679617 0.0029953080 0.0000000000 0.0029953080 
LOG 30223488 0.0000000000 0.0029863094 0.0015339808 0.0029863094 0.0015339808 0.0029863094 0.0030679617 0.0029863094 0.0030679617 0.0029863094 0.0000000000 0.0029863094 
LOG 30236827 0.0000000000 0.0029772362 0.0015339808 0.0029772362 0.0015339808 0.0029772362 0.0030679617 0.0029772362 0.0030679617 0.0029772362 0.0000000000 0.0029772362 
LOG 30248715 0.0000000000 0.0029680885 0.0015339808 0.0029680885 0.0015339808 0.0029680885 0.0030679617 0.0029680885 0.0030679617 0.0029680885 0.0000000000 0.0029680885 
LOG 30263911 0.0000000000 0.0029588665 0.0015339808 0.0029588665 0.0015339808 0.0029588665 0.0030679617 0.0029588665 0.0015339808 0.0029588665 0.0000000000 0.0029588665 
LOG 30274980 0.0000000000 0.0029495708 0.0015339808 0.0029495708 0.0015339808 0.0029495708 0.0015339808 0.0029495708 0.0030679617 0.0029495708 0.0000000000 0.0029495708 
LOG 30288915 0.0000000000 0.0029402012 0.0015339808 0.0029402012 0.0015339808 0.0029402012 0.0030679617 0.0029402012 0.0030679617 0.0029402012 0.0000000000 0.0029402012 
LOG 30301631 0.0000000000 0.0029307581 0.0015339808 0.0029307581 0.0015339808 0.0029307581 0.0030679617 0.0029307581 0.0030679617 0.0029307581 0.0000000000 0.0029307581 
LOG 30316493 0.0000000000 0.0029212418 0.0015339808 0.0029212418 0.0015339808 0.0029212418 0.0030679617 0.0029212418 0.0030679617 0.0029212418 0.0000000000 0.0029212418 
LOG 30328924 0.0000000000 0.0029116524 0.0015339808 0.0029116524 0.0015339808 0.0029116524 0.0030679617 0.0029116524 0.0030679617 0.0029116524 0.0000000000 0.0029116524 
LOG 30341757 0.0000000000 0.0029019902 0.0015339808 0.0029019902 0.0015339808 0.0029019902 0.0030679617 0.0029019902 0.0030679617 0.0029019902 0.0000000000 0.0029019902 
LOG 30356515 0.0000000000 0.0028922553 0.0015339808 0.0028922553 0.0015339808 0.0028922553 0.0030679617 0.0028922553 0.0030679617 0.0028922553 0.0000000000 0.0028922553 
LOG 30368940 0.0000000000 0.0028824485 0.0015339808 0.0028824485 0.0015339808 0.0028824485 0.0030679617 0.0028824485 0.0030679617 0.0028824485 0.0000000000 0.0028824485 
LOG 30383961 0.0000000000 0.0028725693 0.0015339808 0.0028725693 0.0015339808 0.0028725693 0.0030679617 0.0028725693 0.0030679617 0.0028725693 0.0000000000 0.0028725693 
LOG 30396822 0.0000000000 0.0028626183 0.0015339808 0.0028626183 0.0015339808 0.0028626183 0.0030679617 0.0028626183 0.0030679617 0.0028626183 0.0000000000 0.0028626183 
LOG 30409976 0.0000000000 0.0028525959 0.0015339808 0.0028525959 0.0015339808 0.0028525959 0.0015339808 0.0028525959 0.0030679617 0.0028525959 0.0000000000 0.0028525959 
LOG 30423249 0.0000000000 0.0028425022 0.0015339808 0.0028425022 0.0015339808 0.0028425022 0.0015339808 0.0028425022 0.0030679617 0.0028425022 0.0000000000 0.0028425022 
LOG 30437630 0.0000000000 0.0028323373 0.0015339808 0.0028323373 0.0015339808 0.0028323373 0.0015339808 0.0028323373 0.0015339808 0.0028323373 0.0000000000 0.0028323373 
LOG 30449653 0.0000000000 0.0028221016 0.0015339808 0.0028221016 0.0015339808 0.0028221016 0.0030679617 0.0028221016 0.0015339808 0.0028221016 0.0000000000 0.0028221016 
LOG 30464069 0.0000000000 0.0028117953 0.0015339808 0.0028117953 0.0015339808 0.0028117953 0.0015339808 0.0028117953 0.0030679617 0.0028117953 0.0000000000 0.0028117953 
LOG 30478972 0.0000000000 0.0028014190 0.0015339808 0.0028014190 0.0015339808 0.0028014190 0.0030679617 0.0028014190 0.0030679617 0.0028014190 0.0015339808 0.0028014190 
LOG 30492315 0.0000000000 0.0027909724 0.0015339808 0.0027909724 0.0015339808 0.0027909724 0.0030679617 0.0027909724 0.0030679617 0.0027909724 0.0015339808 0.0027909724 
LOG 30509357 0.0000000000 0.0027804561 0.0015339808 0.0027804561 0.0015339808 0.0027804561 0.0030679617 0.0027804561 0.0030679617 0.0027804561 0.0030679617 0.0027804561 
LOG 30521998 0.0000000000 0.0027698702 0.0015339808 0.0027698702 0.0015339808 0.0027698702 0.0030679617 0.0027698702 0.0030679617 0.0027698702 0.0015339808 0.0027698702 
LOG 30533714 0.0000000000 0.0027592152 0.0015339808 0.0027592152 0.0015339808 0.0027592152 0.0030679617 0.0027592152 0.0030679617 0.0027592152 0.0030679617 0.0027592152 
LOG 30548971 0.0000000000 0.0027484910 0.0015339808 0.0027484910 0.0015339808 0.0027484910 0.0030679617 0.0027484910 0.0015339808 0.0027484910 0.0015339808 0.0027484910 
LOG 30562278 0.0000000000 0.0027376984 0.0015339808 0.0027376984 0.0015339808 0.0027376984 0.0015339808 0.0027376984 0.0015339808 0.0027376984 0.0030679617 0.0027376984 
LOG 30576052 0.0000000000 0.0027268371 0.0015339808 0.0027268371 0.0015339808 0.0027268371 0.0030679617 0.0027268371 0.0030679617 0.0027268371 0.0015339808 0.0027268371 
LOG 30587695 0.0000000000 0.0027159078 0.0015339808 0.0027159078 0.0015339808 0.0027159078 0.0030679617 0.0027159078 0.0030679617 0.0027159078 0.0030679617 0.0027159078 
LOG 30603274 0.0000000000 0.0027049105 0.0015339808 0.0027049105 0.0015339808 0.0027049105 0.0030679617 0.0027049105 0.0030679617 0.0027049105 0.0030679617 0.0027049105 
LOG 30617369 0.0000000000 0.0026938457 0.0015339808 0.0026938457 0.0015339808 0.0026938457 0.0030679617 0.0026938457 0.0015339808 0.0026938457 0.0015339808 0.0026938457 
LOG 30635182 0.0000000000 0.0026827133 0.0015339808 0.0026827133 0.0015339808 0.0026827133 0.0030679617 0.0026827133 0.0030679617 0.0026827133 0.0030679617 0.0026827133 
LOG 30649744 0.0000000000 0.0026715139 0.0015339808 0.0026715139 0.0015339808 0.0026715139 0.0030679617 0.0026715139 0.0030679617 0.0026715139 0.0030679617 0.0026715139 
LOG 30664981 0.0000000000 0.0026602480 0.0015339808 0.0026602480 0.0015339808 0.0026602480 0.0030679617 0.0026602480 0.0015339808 0.0026602480 0.0030679617 0.0026602480 
LOG 30681863 0.0000000000 0.0026489152 0.0015339808 0.0026489152 0.0015339808 0.0026489152 0.0015339808 0.0026489152 0.0030679617 0.0026489152 0.0030679617 0.0026489152 
LOG 30694717 0.0000000000 0.0026375165 0.0015339808 0.0026375165 0.0015339808 0.0026375165 0.0030679617 0.0026375165 0.0030679617 0.0026375165 0.0030679617 0.0026375165 
LOG 30709093 0.0000000000 0.0026260517 0.0015339808 0.0026260517 0.0015339808 0.0026260517 0.0030679617 0.0026260517 0.0030679617 0.0026260517 0.0015339808 0.0026260517 
LOG 30723125 0.0000000000 0.0026145212 0.0015339808 0.0026145212 0.0015339808 0.0026145212 0.0030679617 0.0026145212 0.0030679617 0.0026145212 0.0030679617 0.0026145212 
LOG 30738170 0.0000000000 0.0026029255 0.0015339808 0.0026029255 0.0015339808 0.0026029255 0.0030679617 0.0026029255 0.0030679617 0.0026029255 0.0030679617 0.0026029255 
LOG 30753161 0.0000000000 0.0025912647 0.0015339808 0.0025912647 0.0015339808 0.0025912647 0.0030679617 0.0025912647 0.0015339808 0.0025912647 0.0030679617 0.0025912647 
LOG 30770341 0.0000000000 0.0025795391 0.0015339808 0.0025795391 0.0015339808 0.0025795391 0.0030679617 0.0025795391 0.0030679617 0.0025795391 0.0015339808 0.0025795391 
LOG 30783677 0.0000000000 0.0025677488 0.0015339808 0.0025677488 0.0015339808 0.0025677488 0.0030679617 0.0025677488 0.0030679617 0.0025677488 0.0030679617 0.0025677488 
LOG 30797872 0.0000000000 0.0025558944 0.0015339808 0.0025558944 0.0015339808 0.0025558944 0.0030679617 0.0025558944 0.0015339808 0.0025558944 0.0030679617 0.0025558944 
LOG 30815283 0.0000000000 0.0025439763 0.0015339808 0.0025439763 0.0015339808 0.0025439763 0.0030679617 0.0025439763 0.0030679617 0.0025439763 0.0030679617 0.0025439763 
LOG 30828301 0.0000000000 0.0025319946 0.0015339808 0.0025319946 0.0015339808 0.0025319946 0.0030679617 0.0025319946 0.0030679617 0.0025319946 0.0030679617 0.0025319946 
LOG 30842279 0.0000000000 0.0025199493 0.0015339808 0.0025199493 0.0015339808 0.0025199493 0.0030679617 0.0025199493 0.0030679617 0.0025199493 0.0030679617 0.0025199493 
LOG 30856137 0.0000000000 0.0025078412 0.0015339808 0.0025078412 0.0015339808 0.0025078412 0.0030679617 0.0025078412 0.0030679617 0.0025078412 0.0030679617 0.0025078412 
LOG 30868963 0.0000000000 0.0024956705 0.0015339808 0.0024956705 0.0015339808 0.0024956705 0.0030679617 0.0024956705 0.0030679617 0.0024956705 0.0030679617 0.0024956705 
LOG 30883994 0.0000000000 0.0024834373 0.0015339808 0.0024834373 0.0015339808 0.0024834373 0.0030679617 0.0024834373 0.0030679617 0.0024834373 0.0015339808 0.0024834373 
LOG 30898902 0.0000000000 0.0024711420 0.0015339808 0.0024711420 0.0015339808 0.0024711420 0.0030679617 0.0024711420 0.0015339808 0.0024711420 0.0030679617 0.0024711420 
LOG 30911298 0.0000000000 0.0024587850 0.0015339808 0.0024587850 0.0015339808 0.0024587850 0.0030679617 0.0024587850 0.0015339808 0.0024587850 0.0015339808 0.0024587850 
LOG 30925163 0.0000000000 0.0024463665 0.0015339808 0.0024463665 0.0015339808 0.0024463665 0.0030679617 0.0024463665 0.0030679617 0.0024463665 0.0015339808 0.0024463665 
LOG 30939354 0.0000000000 0.0024338868 0.0015339808 0.0024338868 0.0015339808 0.0024338868 0.0030679617 0.0024338868 0.0030679617 0.0024338868 0.0015339808 0.0024338868 
LOG 30955504 0.0000000000 0.0024213460 0.0015339808 0.0024213460 0.0015339808 0.0024213460 0.0030679617 0.0024213460 0.0030679617 0.0024213460 0.0015339808 0.0024213460 
LOG 30969892 0.0000000000 0.0024087450 0.0015339808 0.0024087450 0.0015339808 0.0024087450 0.0030679617 0.0024087450 0.0030679617 0.0024087450 0.0015339808 0.0024087450 
LOG 30984738 0.0000000000 0.0023960837 0.0015339808 0.0023960837 0.0015339808 0.0023960837 0.0030679617 0.0023960837 0.0030679617 0.0023960837 0.0015339808 0.0023960837 
LOG 30998983 0.0000000000 0.0023833625 0.0015339808 0.0023833625 0.0015339808 0.0023833625 0.0030679617 0.0023833625 0.0030679617 0.0023833625 0.0015339808 0.0023833625 
LOG 31009650 0.0000000000 0.0023705817 0.0015339808 0.0023705817 0.0015339808 0.0023705817 0.0030679617 0.0023705817 0.0030679617 0.0023705817 0.0015339808 0.0023705817 
LOG 31024733 0.0000000000 0.0023577418 0.0015339808 0.0023577418 0.0015339808 0.0023577418 0.0030679617 0.0023577418 0.0030679617 0.0023577418 0.0015339808 0.0023577418 
LOG 31039990 0.0000000000 0.0023448428 0.0015339808 0.0023448428 0.0015339808 0.0023448428 0.0030679617 0.0023448428 0.0030679617 0.0023448428 0.0015339808 0.0023448428 
LOG 31049721 0.0000000000 0.0023318853 0.0015339808 0.0023318853 0.0015339808 0.0023318853 0.0030679617 0.0023318853 0.0030679617 0.0023318853 0.0030679617 0.0023318853 
LOG 31064538 0.0000000000 0.0023188693 0.0015339808 0.0023188693 0.0015339808 0.0023188693 0.0030679617 0.0023188693 0.0030679617 0.0023188693 0.0015339808 0.0023188693 
LOG 31077980 0.0000000000 0.0023057954 0.0015339808 0.0023057954 0.0015339808 0.0023057954 0.0030679617 0.0023057954 0.0030679617 0.0023057954 0.0015339808 0.0023057954 
LOG 31092025 0.0000000000 0.0022926638 0.0015339808 0.0022926638 0.0015339808 0.0022926638 0.0030679617 0.0022926638 0.0030679617 0.0022926638 0.0015339808 0.0022926638 
LOG 31105471 0.0000000000 0.0022794751 0.0015339808 0.0022794751 0.0015339808 0.0022794751 0.0030679617 0.0022794751 0.0030679617 0.0022794751 0.0015339808 0.0022794751 
LOG 31117678 0.0000000000 0.0022662291 0.0015339808 0.0022662291 0.0015339808 0.0022662291 0.0030679617 0.0022662291 0.0030679617 0.0022662291 0.0015339808 0.0022662291 
LOG 31130077 0.0000000000 0.0022529268 0.0015339808 0.0022529268 0.0015339808 0.0022529268 0.0030679617 0.0022529268 0.0030679617 0.0022529268 0.0015339808 0.0022529268 
LOG 31145729 0.0000000000 0.0022395679 0.0015339808 0.0022395679 0.0015339808 0.0022395679 0.0030679617 0.0022395679 0.0015339808 0.0022395679 0.0015339808 0.0022395679 
LOG 31161158 0.0000000000 0.0022261532 0.0015339808 0.0022261532 0.0015339808 0.0022261532 0.0030679617 0.0022261532 0.0015339808 0.0022261532 0.0015339808 0.0022261532 
LOG 31173997 0.0000000000 0.0022126827 0.0015339808 0.0022126827 0.0015339808 0.0022126827 0.0030679617 0.0022126827 0.0030679617 0.0022126827 0.0015339808 0.0022126827 
LOG 31192511 0.0000000000 0.0021991569 0.0015339808 0.0021991569 0.0015339808 0.0021991569 0.0030679617 0.0021991569 0.0030679617 0.0021991569 0.0015339808 0.0021991569 
LOG 31205626 0.0000000000 0.0021855761 0.0015339808 0.0021855761 0.0015339808 0.0021855761 0.0030679617 0.0021855761 0.0015339808 0.0021855761 0.0015339808 0.0021855761 
LOG 31221786 0.0000000000 0.0021719409 0.0015339808 0.0021719409 0.0015339808 0.0021719409 0.0030679617 0.0021719409 0.0015339808 0.0021719409 0.0015339808 0.0021719409 
LOG 31232940 0.0000000000 0.0021582511 0.0015339808 0.0021582511 0.0015339808 0.0021582511 0.0030679617 0.0021582511 0.0030679617 0.0021582511 0.0015339808 0.0021582511 
LOG 31245677 0.0000000000 0.0021445074 0.0015339808 0.0021445074 0.0015339808 0.0021445074 0.0015339808 0.0021445074 0.0030679617 0.0021445074 0.0030679617 0.0021445074 
LOG 31261266 0.0000000000 0.0021307103 0.0015339808 0.0021307103 0.0015339808 0.0021307103 0.0030679617 0.0021307103 0.0030679617 0.0021307103 0.0015339808 0.0021307103 
LOG 31272793 0.0000000000 0.0021168597 0.0015339808 0.0021168597 0.0015339808 0.0021168597 0.0030679617 0.0021168597 0.0030679617 0.0021168597 0.0015339808 0.0021168597 
LOG 31286968 0.0000000000 0.0021029562 0.0015339808 0.0021029562 0.0015339808 0.0021029562 0.0030679617 0.0021029562 0.0015339808 0.0021029562 0.0015339808 0.0021029562 
LOG 31300352 0.0000000000 0.0020890003 0.0015339808 0.0020890003 0.0015339808 0.0020890003 0.0030679617 0.0020890003 0.0030679617 0.0020890003 0.0015339808 0.0020890003 
