Using port /dev/serial/by-id/usb-3D_Robotics_PX4_FMU_v5.x_0-if00
Connecting to MAVLINK...

NuttShell (NSH)
nsh> [K
nsh> [Kd[1D[Km[1D[Komav_control stop[17D[Komav_control stop
nsh> [Kdynamixel_position start[24D[Kdynamixel_position start
INFO  [dynamixel_position] resetting dynamixels...
nsh> [K
nsh> [K
nsh> [Kdny[1D[K[1D[Kynamixel_test 100[18D[Kdynamixel_test 100
WARN  [dynamixel_position] Unable to confirm read at 65
LOG 21045828 NaN 0.0034905556 NaN 0.0034905556 NaN 0.0034905556 NaN 0.0034905556 NaN 0.0034905556 NaN 0.0034905556 
LOG 21056129 0.3390097618 0.0069811111 0.3466796577 0.0069811111 0.3482136428 0.0069811111 0.3405437469 0.0069811111 0.3482136428 0.0069811111 0.3466796577 0.0069811111 
LOG 21067947 0.3252039254 0.0104716662 0.3313398659 0.0104716662 0.3344078064 0.0104716662 0.3252039254 0.0104716662 0.3359417915 0.0104716662 0.3328738511 0.0104716662 
LOG 21081112 0.2883884013 0.0139622223 0.2899223864 0.0139622223 0.3006602526 0.0139622223 0.2853204310 0.0139622223 0.3006602526 0.0139622223 0.2991262674 0.0139622223 
LOG 21096105 0.2254951894 0.0174527783 0.2270291597 0.0174527783 0.2423689663 0.0174527783 0.2239612043 0.0174527783 0.2393010110 0.0174527783 0.2439029515 0.0174527783 
LOG 21108635 0.1779417694 0.0209433325 0.1702718735 0.0209433325 0.1917476058 0.0209433325 0.1718058586 0.0209433325 0.1871456653 0.0209433325 0.1856116802 0.0209433325 
LOG 21124149 0.1288543940 0.0244338885 0.0966407955 0.0244338885 0.1426602155 0.0244338885 0.0997087508 0.0244338885 0.1288543940 0.0244338885 0.1119806021 0.0244338885 
LOG 21137816 0.0889708847 0.0279244445 0.0352815576 0.0279244445 0.1012427360 0.0279244445 0.0352815576 0.0279244445 0.0889708847 0.0279244445 0.0490873866 0.0279244445 
LOG 21151910 NaN 0.0314150006 NaN 0.0314150006 NaN 0.0314150006 NaN 0.0314150006 NaN 0.0314150006 NaN 0.0314150006 
LOG 21159809 NaN 0.0349055566 NaN 0.0349055566 NaN 0.0349055566 NaN 0.0349055566 NaN 0.0349055566 NaN 0.0349055566 
LOG 21169854 0.0138058271 0.0383961126 -0.0475534052 0.0383961126 0.0138058271 0.0383961126 -0.0383495204 0.0383961126 0.0076699043 0.0383961126 -0.0506213680 0.0383961126 
LOG 21181051 NaN 0.0418866649 NaN 0.0418866649 NaN 0.0418866649 NaN 0.0418866649 NaN 0.0418866649 NaN 0.0418866649 
LOG 21190688 NaN 0.0453772210 NaN 0.0453772210 NaN 0.0453772210 NaN 0.0453772210 NaN 0.0453772210 NaN 0.0453772210 
LOG 21202065 -0.0015339808 0.0488677770 -0.0076699043 0.0488677770 -0.0076699043 0.0488677770 -0.0214757323 0.0488677770 -0.0214757323 0.0488677770 -0.0383495204 0.0488677770 
LOG 21215799 0.0030679617 0.0523583330 0.0214757323 0.0523583330 -0.0076699043 0.0523583330 0.0061359233 0.0523583330 -0.0199417509 0.0523583330 -0.0138058271 0.0523583330 
LOG 21229917 0.0092038848 0.0558488891 0.0460194238 0.0558488891 -0.0046019424 0.0558488891 0.0337475799 0.0558488891 -0.0122718466 0.0558488891 0.0122718466 0.0558488891 
LOG 21243171 0.0153398085 0.0593394451 0.0598252527 0.0593394451 0.0030679617 0.0593394451 0.0490873866 0.0593394451 -0.0061359233 0.0593394451 0.0383495204 0.0593394451 
LOG 21256715 0.0245436933 0.0628300011 0.0690291375 0.0628300011 0.0138058271 0.0628300011 0.0613592342 0.0628300011 0.0030679617 0.0628300011 0.0598252527 0.0628300011 
LOG 21272094 0.0352815576 0.0663205534 0.0736310780 0.0663205534 0.0260776747 0.0663205534 0.0751650631 0.0663205534 0.0138058271 0.0663205534 0.0736310780 0.0663205534 
LOG 21289118 0.0490873866 0.0698111132 0.0736310780 0.0698111132 0.0383495204 0.0698111132 0.0797670037 0.0698111132 0.0245436933 0.0698111132 0.0782330260 0.0698111132 
LOG 21304726 0.0582912713 0.0733016655 0.0720971003 0.0733016655 0.0475534052 0.0733016655 0.0766990408 0.0733016655 0.0352815576 0.0733016655 0.0782330260 0.0733016655 
LOG 21317070 0.0628932118 0.0767922252 0.0720971003 0.0767922252 0.0552233085 0.0767922252 0.0736310780 0.0767922252 0.0414174832 0.0767922252 0.0751650631 0.0767922252 
LOG 21334921 NaN 0.0802827775 NaN 0.0802827775 NaN 0.0802827775 NaN 0.0802827775 NaN 0.0802827775 NaN 0.0802827775 
LOG 21345133 0.0690291375 0.0837733299 0.0736310780 0.0837733299 0.0659611747 0.0837733299 0.0736310780 0.0837733299 0.0552233085 0.0837733299 0.0736310780 0.0837733299 
LOG 21361416 0.0736310780 0.0872638896 0.0736310780 0.0872638896 0.0690291375 0.0872638896 0.0751650631 0.0872638896 0.0613592342 0.0872638896 0.0736310780 0.0872638896 
LOG 21375773 0.0766990408 0.0907544419 0.0751650631 0.0907544419 0.0720971003 0.0907544419 0.0751650631 0.0907544419 0.0659611747 0.0907544419 0.0751650631 0.0907544419 
LOG 21388312 0.0813009813 0.0942450017 0.0766990408 0.0942450017 0.0736310780 0.0942450017 0.0782330260 0.0942450017 0.0690291375 0.0942450017 0.0766990408 0.0942450017 
LOG 21403971 0.0843689442 0.0977355540 0.0813009813 0.0977355540 0.0766990408 0.0977355540 0.0828349665 0.0977355540 0.0705631152 0.0977355540 0.0813009813 0.0977355540 
LOG 21417165 0.0859029293 0.1012261137 0.0874369070 0.1012261137 0.0782330260 0.1012261137 0.0889708847 0.1012261137 0.0736310780 0.1012261137 0.0859029293 0.1012261137 
LOG 21430998 0.0859029293 0.1047166660 0.0935728326 0.1047166660 0.0813009813 0.1047166660 0.0951068103 0.1047166660 0.0751650631 0.1047166660 0.0905048698 0.1047166660 
LOG 21444252 0.0859029293 0.1082072258 0.1027767137 0.1082072258 0.0859029293 0.1082072258 0.0981747732 0.1082072258 0.0782330260 0.1082072258 0.0951068103 0.1082072258 
LOG 21461724 0.0905048698 0.1116977781 0.1119806021 0.1116977781 0.0889708847 0.1116977781 0.1012427360 0.1116977781 0.0828349665 0.1116977781 0.0997087508 0.1116977781 
LOG 21475961 0.0951068103 0.1151883304 0.1119806021 0.1151883304 0.0935728326 0.1151883304 0.1043106988 0.1151883304 0.0859029293 0.1151883304 0.1043106988 0.1151883304 
LOG 21488860 0.0997087508 0.1186788902 0.1119806021 0.1186788902 0.0966407955 0.1186788902 0.1073786616 0.1186788902 0.0905048698 0.1186788902 0.1073786616 0.1186788902 
LOG 21503679 0.1058446765 0.1221694425 0.1104466170 0.1221694425 0.1012427360 0.1221694425 0.1104466170 0.1221694425 0.0951068103 0.1221694425 0.1104466170 0.1221694425 
LOG 21514987 0.1104466170 0.1256600022 0.1104466170 0.1256600022 0.1043106988 0.1256600022 0.1150485650 0.1256600022 0.0981747732 0.1256600022 0.1135145798 0.1256600022 
LOG 21527785 0.1150485650 0.1291505545 0.1119806021 0.1291505545 0.1073786616 0.1291505545 0.1181165203 0.1291505545 0.1012427360 0.1291505545 0.1150485650 0.1291505545 
LOG 21541139 0.1181165203 0.1326411068 0.1150485650 0.1326411068 0.1104466170 0.1326411068 0.1211844832 0.1326411068 0.1058446765 0.1326411068 0.1196505055 0.1326411068 
LOG 21553687 NaN 0.1361316741 NaN 0.1361316741 NaN 0.1361316741 NaN 0.1361316741 NaN 0.1361316741 NaN 0.1361316741 
LOG 21566171 0.1211844832 0.1396222264 0.1227184683 0.1396222264 0.1181165203 0.1396222264 0.1273204088 0.1396222264 0.1119806021 0.1396222264 0.1257864237 0.1396222264 
LOG 21582757 0.1227184683 0.1431127787 0.1303883642 0.1431127787 0.1227184683 0.1431127787 0.1319223493 0.1431127787 0.1165825427 0.1431127787 0.1319223493 0.1431127787 
LOG 21599103 0.1288543940 0.1466033310 0.1395922601 0.1466033310 0.1273204088 0.1466033310 0.1365242898 0.1466033310 0.1227184683 0.1466033310 0.1365242898 0.1466033310 
LOG 21615479 0.1349903196 0.1500938833 0.1518640965 0.1500938833 0.1319223493 0.1500938833 0.1426602155 0.1500938833 0.1273204088 0.1500938833 0.1411262304 0.1500938833 
LOG 21625880 NaN 0.1535844505 NaN 0.1535844505 NaN 0.1535844505 NaN 0.1535844505 NaN 0.1535844505 NaN 0.1535844505 
LOG 21636541 0.1411262304 0.1570750028 0.1564660519 0.1570750028 0.1349903196 0.1570750028 0.1457281858 0.1570750028 0.1319223493 0.1570750028 0.1441942006 0.1570750028 
LOG 21650379 0.1457281858 0.1605655551 0.1564660519 0.1605655551 0.1380582750 0.1605655551 0.1457281858 0.1605655551 0.1349903196 0.1605655551 0.1472621560 0.1605655551 
LOG 21663900 0.1472621560 0.1640561074 0.1533980817 0.1640561074 0.1411262304 0.1640561074 0.1487961411 0.1640561074 0.1380582750 0.1640561074 0.1503301263 0.1640561074 
LOG 21676917 0.1487961411 0.1675466597 0.1533980817 0.1675466597 0.1441942006 0.1675466597 0.1518640965 0.1675466597 0.1426602155 0.1675466597 0.1533980817 0.1675466597 
LOG 21690615 0.1518640965 0.1710372269 0.1549320668 0.1710372269 0.1472621560 0.1710372269 0.1580000222 0.1710372269 0.1457281858 0.1710372269 0.1564660519 0.1710372269 
LOG 21700675 0.1549320668 0.1745277792 0.1564660519 0.1745277792 0.1503301263 0.1745277792 0.1610679924 0.1745277792 0.1503301263 0.1745277792 0.1595340073 0.1745277792 
LOG 21713977 0.1595340073 0.1780183315 0.1595340073 0.1780183315 0.1549320668 0.1780183315 0.1656699330 0.1780183315 0.1533980817 0.1780183315 0.1641359478 0.1780183315 
LOG 21724913 0.1626019627 0.1815088838 0.1626019627 0.1815088838 0.1580000222 0.1815088838 0.1702718735 0.1815088838 0.1564660519 0.1815088838 0.1672039032 0.1815088838 
LOG 21739338 0.1687378883 0.1849994510 0.1687378883 0.1849994510 0.1626019627 0.1849994510 0.1733398288 0.1849994510 0.1595340073 0.1849994510 0.1718058586 0.1849994510 
LOG 21755768 0.1733398288 0.1884900033 0.1794757545 0.1884900033 0.1672039032 0.1884900033 0.1779417694 0.1884900033 0.1656699330 0.1884900033 0.1779417694 0.1884900033 
LOG 21770672 0.1764077991 0.1919805557 0.1902136207 0.1919805557 0.1702718735 0.1919805557 0.1825437248 0.1919805557 0.1702718735 0.1919805557 0.1810097396 0.1919805557 
LOG 21787084 0.1794757545 0.1954711080 0.1978835315 0.1954711080 0.1764077991 0.1954711080 0.1856116802 0.1954711080 0.1748738140 0.1954711080 0.1856116802 0.1954711080 
LOG 21800068 0.1810097396 0.1989616603 0.1994175017 0.1989616603 0.1794757545 0.1989616603 0.1886796355 0.1989616603 0.1794757545 0.1989616603 0.1886796355 0.1989616603 
LOG 21813976 0.1840776950 0.2024522275 0.1978835315 0.2024522275 0.1825437248 0.2024522275 0.1917476058 0.2024522275 0.1810097396 0.2024522275 0.1902136207 0.2024522275 
LOG 21828055 NaN 0.2059427798 NaN 0.2059427798 NaN 0.2059427798 NaN 0.2059427798 NaN 0.2059427798 NaN 0.2059427798 
LOG 21837679 0.1902136207 0.2094333321 0.1963495463 0.2094333321 0.1871456653 0.2094333321 0.1963495463 0.2094333321 0.1871456653 0.2094333321 0.1978835315 0.2094333321 
LOG 21854667 0.1948155612 0.2129238844 0.1978835315 0.2129238844 0.1917476058 0.2129238844 0.1994175017 0.2129238844 0.1917476058 0.2129238844 0.2009514868 0.2129238844 
LOG 21872872 0.2009514868 0.2164144516 0.1994175017 0.2164144516 0.1963495463 0.2164144516 0.2055534273 0.2164144516 0.1963495463 0.2164144516 0.2055534273 0.2164144516 
LOG 21885763 0.2040194571 0.2199050039 0.2009514868 0.2199050039 0.1994175017 0.2199050039 0.2101553679 0.2199050039 0.1994175017 0.2199050039 0.2086213976 0.2199050039 
LOG 21900296 0.2070874125 0.2233955562 0.2070874125 0.2233955562 0.2040194571 0.2233955562 0.2132233381 0.2233955562 0.2040194571 0.2233955562 0.2132233381 0.2233955562 
LOG 21916071 0.2116893530 0.2268861085 0.2178252786 0.2268861085 0.2070874125 0.2268861085 0.2178252786 0.2268861085 0.2070874125 0.2268861085 0.2178252786 0.2268861085 
LOG 21929972 0.2147573233 0.2303766608 0.2254951894 0.2303766608 0.2101553679 0.2303766608 0.2193592638 0.2303766608 0.2101553679 0.2303766608 0.2208932340 0.2303766608 
LOG 21942239 0.2178252786 0.2338672280 0.2316311002 0.2338672280 0.2132233381 0.2338672280 0.2224272192 0.2338672280 0.2132233381 0.2338672280 0.2239612043 0.2338672280 
LOG 21956475 0.2208932340 0.2373577803 0.2362330407 0.2373577803 0.2162912935 0.2373577803 0.2254951894 0.2373577803 0.2178252786 0.2373577803 0.2270291597 0.2373577803 
LOG 21969884 0.2239612043 0.2408483326 0.2362330407 0.2408483326 0.2193592638 0.2408483326 0.2300971299 0.2408483326 0.2208932340 0.2408483326 0.2285631448 0.2408483326 
LOG 21985569 0.2270291597 0.2443388849 0.2362330407 0.2443388849 0.2239612043 0.2443388849 0.2331650853 0.2443388849 0.2254951894 0.2443388849 0.2331650853 0.2443388849 
LOG 22000862 0.2300971299 0.2478294373 0.2362330407 0.2478294373 0.2270291597 0.2478294373 0.2377670258 0.2478294373 0.2300971299 0.2478294373 0.2346990705 0.2478294373 
LOG 22013329 0.2331650853 0.2513200045 0.2362330407 0.2513200045 0.2316311002 0.2513200045 0.2408349961 0.2513200045 0.2316311002 0.2513200045 0.2377670258 0.2513200045 
LOG 22028725 0.2377670258 0.2548105419 0.2377670258 0.2548105419 0.2346990705 0.2548105419 0.2439029515 0.2548105419 0.2362330407 0.2548105419 0.2408349961 0.2548105419 
LOG 22040936 0.2408349961 0.2583011091 0.2408349961 0.2583011091 0.2377670258 0.2583011091 0.2469709069 0.2583011091 0.2393010110 0.2583011091 0.2454369366 0.2583011091 
LOG 22054666 0.2439029515 0.2617916763 0.2439029515 0.2617916763 0.2408349961 0.2617916763 0.2500388622 0.2617916763 0.2439029515 0.2617916763 0.2500388622 0.2617916763 
LOG 22074179 0.2485048920 0.2652822137 0.2561748028 0.2652822137 0.2454369366 0.2652822137 0.2546408176 0.2652822137 0.2469709069 0.2652822137 0.2561748028 0.2652822137 
LOG 22087682 0.2531068325 0.2687727809 0.2653786838 0.2687727809 0.2500388622 0.2687727809 0.2577087879 0.2687727809 0.2500388622 0.2687727809 0.2592427731 0.2687727809 
LOG 22102538 0.2561748028 0.2722633481 0.2715145946 0.2722633481 0.2531068325 0.2722633481 0.2623107135 0.2722633481 0.2546408176 0.2722633481 0.2638446987 0.2722633481 
LOG 22117909 0.2592427731 0.2757538855 0.2730485797 0.2757538855 0.2561748028 0.2757538855 0.2653786838 0.2757538855 0.2577087879 0.2757538855 0.2669126689 0.2757538855 
LOG 22132143 0.2623107135 0.2792444527 0.2730485797 0.2792444527 0.2592427731 0.2792444527 0.2684466541 0.2792444527 0.2623107135 0.2792444527 0.2699806392 0.2792444527 
LOG 22145741 0.2669126689 0.2827349901 0.2715145946 0.2827349901 0.2623107135 0.2827349901 0.2715145946 0.2827349901 0.2653786838 0.2827349901 0.2730485797 0.2827349901 
LOG 22158541 0.2699806392 0.2862255573 0.2715145946 0.2862255573 0.2653786838 0.2862255573 0.2761165500 0.2862255573 0.2699806392 0.2862255573 0.2761165500 0.2862255573 
LOG 22174219 0.2745825648 0.2897161245 0.2730485797 0.2897161245 0.2699806392 0.2897161245 0.2791845202 0.2897161245 0.2730485797 0.2897161245 0.2791845202 0.2897161245 
LOG 22187741 0.2776505351 0.2932066619 0.2745825648 0.2932066619 0.2730485797 0.2932066619 0.2822524607 0.2932066619 0.2776505351 0.2932066619 0.2822524607 0.2932066619 
LOG 22200221 0.2791845202 0.2966972291 0.2791845202 0.2966972291 0.2761165500 0.2966972291 0.2853204310 0.2966972291 0.2791845202 0.2966972291 0.2868544161 0.2966972291 
LOG 22214204 0.2822524607 0.3001877666 0.2853204310 0.3001877666 0.2791845202 0.3001877666 0.2899223864 0.3001877666 0.2822524607 0.3001877666 0.2899223864 0.3001877666 
LOG 22227463 0.2853204310 0.3036783338 0.2945243120 0.3036783338 0.2822524607 0.3036783338 0.2929903269 0.3036783338 0.2868544161 0.3036783338 0.2945243120 0.3036783338 
LOG 22239820 0.2899223864 0.3071689010 0.3006602526 0.3071689010 0.2853204310 0.3071689010 0.2960582972 0.3071689010 0.2899223864 0.3071689010 0.2975922823 0.3071689010 
LOG 22254650 0.2929903269 0.3106594384 0.3083301485 0.3106594384 0.2899223864 0.3106594384 0.2991262674 0.3106594384 0.2945243120 0.3106594384 0.3006602526 0.3106594384 
LOG 22268483 0.2975922823 0.3141500056 0.3098641336 0.3141500056 0.2929903269 0.3141500056 0.3037281930 0.3141500056 0.2975922823 0.3141500056 0.3037281930 0.3141500056 
LOG 22281052 0.3006602526 0.3176405430 0.3113981187 0.3176405430 0.2960582972 0.3176405430 0.3067961633 0.3176405430 0.3006602526 0.3176405430 0.3083301485 0.3176405430 
LOG 22294120 0.3037281930 0.3211311102 0.3098641336 0.3211311102 0.2991262674 0.3211311102 0.3098641336 0.3211311102 0.3052621782 0.3211311102 0.3113981187 0.3211311102 
LOG 22307335 0.3067961633 0.3246216774 0.3098641336 0.3246216774 0.3021942377 0.3246216774 0.3144660592 0.3246216774 0.3098641336 0.3246216774 0.3144660592 0.3246216774 
LOG 22318139 0.3083301485 0.3281122148 0.3098641336 0.3281122148 0.3052621782 0.3281122148 0.3175340295 0.3281122148 0.3113981187 0.3281122148 0.3175340295 0.3281122148 
LOG 22332550 0.3129321039 0.3316027820 0.3129321039 0.3316027820 0.3098641336 0.3316027820 0.3206019998 0.3316027820 0.3160000443 0.3316027820 0.3206019998 0.3316027820 
LOG 22344924 0.3160000443 0.3350933194 0.3175340295 0.3350933194 0.3129321039 0.3350933194 0.3236699700 0.3350933194 0.3190680146 0.3350933194 0.3252039254 0.3350933194 
LOG 22356961 0.3206019998 0.3385838866 0.3221359849 0.3385838866 0.3160000443 0.3385838866 0.3267379105 0.3385838866 0.3221359849 0.3385838866 0.3282718956 0.3385838866 
LOG 22367918 0.3236699700 0.3420744538 0.3282718956 0.3420744538 0.3190680146 0.3420744538 0.3298058808 0.3420744538 0.3252039254 0.3420744538 0.3313398659 0.3420744538 
LOG 22381728 NaN 0.3455649912 NaN 0.3455649912 NaN 0.3455649912 NaN 0.3455649912 NaN 0.3455649912 NaN 0.3455649912 
LOG 22395802 0.3298058808 0.3490555584 0.3436117172 0.3490555584 0.3282718956 0.3490555584 0.3390097618 0.3490555584 0.3328738511 0.3490555584 0.3390097618 0.3490555584 
LOG 22407068 0.3328738511 0.3525461257 0.3451456726 0.3525461257 0.3313398659 0.3525461257 0.3405437469 0.3525461257 0.3359417915 0.3525461257 0.3420777321 0.3525461257 
LOG 22417971 0.3359417915 0.3560366631 0.3466796577 0.3560366631 0.3344078064 0.3560366631 0.3451456726 0.3560366631 0.3405437469 0.3560366631 0.3466796577 0.3560366631 
LOG 22429938 0.3390097618 0.3595272303 0.3482136428 0.3595272303 0.3374757767 0.3595272303 0.3482136428 0.3595272303 0.3436117172 0.3595272303 0.3497476280 0.3595272303 
LOG 22447552 0.3451456726 0.3630177677 0.3528155982 0.3630177677 0.3420777321 0.3630177677 0.3528155982 0.3630177677 0.3482136428 0.3630177677 0.3543495834 0.3630177677 
LOG 22463461 0.3497476280 0.3665083349 0.3574175239 0.3665083349 0.3466796577 0.3665083349 0.3574175239 0.3665083349 0.3528155982 0.3665083349 0.3589515090 0.3665083349 
LOG 22474953 0.3512816131 0.3699989021 0.3604854941 0.3699989021 0.3497476280 0.3699989021 0.3604854941 0.3699989021 0.3558835387 0.3699989021 0.3620194793 0.3699989021 
LOG 22488313 0.3558835387 0.3734894395 0.3635534644 0.3734894395 0.3528155982 0.3734894395 0.3635534644 0.3734894395 0.3589515090 0.3734894395 0.3650874496 0.3734894395 
LOG 22501706 0.3589515090 0.3769800067 0.3650874496 0.3769800067 0.3558835387 0.3769800067 0.3650874496 0.3769800067 0.3635534644 0.3769800067 0.3681553900 0.3769800067 
LOG 22514151 0.3635534644 0.3804705441 0.3681553900 0.3804705441 0.3604854941 0.3804705441 0.3681553900 0.3804705441 0.3666214049 0.3804705441 0.3696893752 0.3804705441 
LOG 22524671 0.3666214049 0.3839611113 0.3712233603 0.3839611113 0.3620194793 0.3839611113 0.3712233603 0.3839611113 0.3696893752 0.3839611113 0.3727573454 0.3839611113 
LOG 22538475 0.3696893752 0.3874516785 0.3758253157 0.3874516785 0.3650874496 0.3874516785 0.3742913306 0.3874516785 0.3727573454 0.3874516785 0.3758253157 0.3874516785 
LOG 22552724 0.3742913306 0.3909422159 0.3819612265 0.3909422159 0.3696893752 0.3909422159 0.3788932562 0.3909422159 0.3773592710 0.3909422159 0.3804272413 0.3909422159 
LOG 22568264 0.3773592710 0.3944327831 0.3850291967 0.3944327831 0.3742913306 0.3944327831 0.3850291967 0.3944327831 0.3819612265 0.3944327831 0.3850291967 0.3944327831 
LOG 22583435 0.3819612265 0.3979233205 0.3880971372 0.3979233205 0.3773592710 0.3979233205 0.3896311224 0.3979233205 0.3865631819 0.3979233205 0.3896311224 0.3979233205 
LOG 22597420 0.3850291967 0.4014138877 0.3926990926 0.4014138877 0.3804272413 0.4014138877 0.3926990926 0.4014138877 0.3911651075 0.4014138877 0.3926990926 0.4014138877 
LOG 22612699 0.3896311224 0.4049044549 0.3957670629 0.4049044549 0.3834952116 0.4049044549 0.3957670629 0.4049044549 0.3942330778 0.4049044549 0.3973010480 0.4049044549 
LOG 22624099 0.3926990926 0.4083949924 0.3988350034 0.4083949924 0.3865631819 0.4083949924 0.3973010480 0.4083949924 0.3973010480 0.4083949924 0.3988350034 0.4083949924 
LOG 22640883 0.3957670629 0.4118855596 0.4034369588 0.4118855596 0.3911651075 0.4118855596 0.4019029737 0.4118855596 0.4003689885 0.4118855596 0.4034369588 0.4118855596 
LOG 22655919 0.3988350034 0.4153760970 0.4065049291 0.4153760970 0.3957670629 0.4153760970 0.4049709439 0.4153760970 0.4034369588 0.4153760970 0.4065049291 0.4153760970 
LOG 22669272 0.4019029737 0.4188666642 0.4095728695 0.4188666642 0.3988350034 0.4188666642 0.4080389142 0.4188666642 0.4065049291 0.4188666642 0.4111068547 0.4188666642 
LOG 22680380 0.4049709439 0.4223572314 0.4111068547 0.4223572314 0.4019029737 0.4223572314 0.4095728695 0.4223572314 0.4095728695 0.4223572314 0.4141748250 0.4223572314 
LOG 22696354 0.4080389142 0.4258477688 0.4157088101 0.4258477688 0.4049709439 0.4258477688 0.4141748250 0.4258477688 0.4141748250 0.4258477688 0.4172427952 0.4258477688 
LOG 22709951 0.4111068547 0.4293383360 0.4203107357 0.4293383360 0.4080389142 0.4293383360 0.4172427952 0.4293383360 0.4172427952 0.4293383360 0.4203107357 0.4293383360 
LOG 22722864 0.4157088101 0.4328289032 0.4233787060 0.4328289032 0.4111068547 0.4328289032 0.4203107357 0.4328289032 0.4203107357 0.4328289032 0.4233787060 0.4328289032 
LOG 22734680 0.4187767804 0.4363194406 0.4264466763 0.4363194406 0.4141748250 0.4363194406 0.4249126911 0.4363194406 0.4233787060 0.4363194406 0.4279806614 0.4363194406 
LOG 22750281 0.4218447208 0.4398100078 0.4310486019 0.4398100078 0.4187767804 0.4398100078 0.4279806614 0.4398100078 0.4279806614 0.4398100078 0.4310486019 0.4398100078 
LOG 22766781 0.4264466763 0.4433005452 0.4356505573 0.4433005452 0.4233787060 0.4433005452 0.4341165721 0.4433005452 0.4310486019 0.4433005452 0.4356505573 0.4433005452 
LOG 22779120 0.4295146465 0.4467911124 0.4371845424 0.4467911124 0.4264466763 0.4467911124 0.4371845424 0.4467911124 0.4356505573 0.4467911124 0.4387185276 0.4467911124 
LOG 22793476 0.4325825870 0.4502816796 0.4402525127 0.4502816796 0.4295146465 0.4502816796 0.4402525127 0.4502816796 0.4402525127 0.4502816796 0.4417864680 0.4502816796 
LOG 22805894 0.4371845424 0.4537722170 0.4433204532 0.4537722170 0.4325825870 0.4537722170 0.4433204532 0.4537722170 0.4417864680 0.4537722170 0.4448544383 0.4537722170 
LOG 22818485 0.4402525127 0.4572627842 0.4463884234 0.4572627842 0.4371845424 0.4572627842 0.4448544383 0.4572627842 0.4448544383 0.4572627842 0.4479224086 0.4572627842 
LOG 22831680 0.4433204532 0.4607533216 0.4494563937 0.4607533216 0.4402525127 0.4607533216 0.4479224086 0.4607533216 0.4494563937 0.4607533216 0.4509903789 0.4607533216 
LOG 22846227 0.4463884234 0.4642438889 0.4540583193 0.4642438889 0.4433204532 0.4642438889 0.4525243342 0.4642438889 0.4525243342 0.4642438889 0.4555923045 0.4642438889 
LOG 22862110 0.4509903789 0.4677344561 0.4586602747 0.4677344561 0.4479224086 0.4677344561 0.4571262896 0.4677344561 0.4571262896 0.4677344561 0.4601942599 0.4677344561 
LOG 22873125 0.4525243342 0.4712249935 0.4601942599 0.4712249935 0.4509903789 0.4712249935 0.4601942599 0.4712249935 0.4601942599 0.4712249935 0.4632622004 0.4712249935 
LOG 22887443 0.4571262896 0.4747155607 0.4647961855 0.4747155607 0.4540583193 0.4747155607 0.4632622004 0.4747155607 0.4632622004 0.4747155607 0.4663301706 0.4747155607 
LOG 22898693 0.4601942599 0.4782060981 0.4663301706 0.4782060981 0.4571262896 0.4782060981 0.4663301706 0.4782060981 0.4678641558 0.4782060981 0.4693981409 0.4782060981 
LOG 22913292 0.4632622004 0.4816966653 0.4709321260 0.4816966653 0.4601942599 0.4816966653 0.4693981409 0.4816966653 0.4709321260 0.4816966653 0.4724660814 0.4816966653 
LOG 22927119 0.4663301706 0.4851872325 0.4740000665 0.4851872325 0.4632622004 0.4851872325 0.4740000665 0.4851872325 0.4740000665 0.4851872325 0.4755340517 0.4851872325 
LOG 22940533 0.4709321260 0.4886777699 0.4801360071 0.4886777699 0.4663301706 0.4886777699 0.4786020219 0.4886777699 0.4770680368 0.4886777699 0.4801360071 0.4886777699 
LOG 22955043 0.4740000665 0.4921683371 0.4832039475 0.4921683371 0.4709321260 0.4921683371 0.4832039475 0.4921683371 0.4816699922 0.4921683371 0.4847379327 0.4921683371 
LOG 22968740 0.4770680368 0.4956588745 0.4862719178 0.4956588745 0.4740000665 0.4956588745 0.4862719178 0.4956588745 0.4847379327 0.4956588745 0.4878059030 0.4956588745 
LOG 22981036 0.4801360071 0.4991494417 0.4893398881 0.4991494417 0.4770680368 0.4991494417 0.4893398881 0.4991494417 0.4893398881 0.4991494417 0.4908738732 0.4991494417 
LOG 22995056 0.4847379327 0.5026400089 0.4924078584 0.5026400089 0.4816699922 0.5026400089 0.4908738732 0.5026400089 0.4924078584 0.5026400089 0.4939418137 0.5026400089 
LOG 23006160 0.4878059030 0.5061305761 0.4954757988 0.5061305761 0.4832039475 0.5061305761 0.4939418137 0.5061305761 0.4954757988 0.5061305761 0.4970097840 0.5061305761 
LOG 23020247 0.4924078584 0.5096210837 0.5000777245 0.5096210837 0.4878059030 0.5096210837 0.4970097840 0.5096210837 0.4985437691 0.5096210837 0.5016117096 0.5096210837 
LOG 23034071 0.4954757988 0.5131116509 0.5031456947 0.5131116509 0.4924078584 0.5131116509 0.5016117096 0.5131116509 0.5016117096 0.5131116509 0.5046796799 0.5131116509 
LOG 23048719 0.4985437691 0.5166022182 0.5062136650 0.5166022182 0.4954757988 0.5166022182 0.5062136650 0.5166022182 0.5062136650 0.5166022182 0.5092816353 0.5166022182 
LOG 23063507 0.5016117096 0.5200927854 0.5108156204 0.5200927854 0.5000777245 0.5200927854 0.5092816353 0.5200927854 0.5092816353 0.5200927854 0.5123496056 0.5200927854 
LOG 23078914 NaN 0.5235833526 NaN 0.5235833526 NaN 0.5235833526 NaN 0.5235833526 NaN 0.5235833526 NaN 0.5235833526 
LOG 23086907 NaN 0.5270738602 NaN 0.5270738602 NaN 0.5270738602 NaN 0.5270738602 NaN 0.5270738602 NaN 0.5270738602 
LOG 23097743 0.5092816353 0.5305644274 0.5184855461 0.5305644274 0.5077476501 0.5305644274 0.5184855461 0.5305644274 0.5184855461 0.5305644274 0.5215534568 0.5305644274 
LOG 23114485 0.5138835907 0.5340549946 0.5230874419 0.5340549946 0.5123496056 0.5340549946 0.5230874419 0.5340549946 0.5230874419 0.5340549946 0.5261554122 0.5340549946 
LOG 23127918 0.5154175758 0.5375455618 0.5276893973 0.5375455618 0.5154175758 0.5375455618 0.5276893973 0.5375455618 0.5261554122 0.5375455618 0.5292233825 0.5375455618 
LOG 23138663 0.5184855461 0.5410361290 0.5307573676 0.5410361290 0.5184855461 0.5410361290 0.5292233825 0.5410361290 0.5292233825 0.5410361290 0.5322913527 0.5410361290 
LOG 23154737 0.5230874419 0.5445266962 0.5338253379 0.5445266962 0.5230874419 0.5445266962 0.5338253379 0.5445266962 0.5353593230 0.5445266962 0.5368933082 0.5445266962 
LOG 23168880 0.5261554122 0.5480172038 0.5384272933 0.5480172038 0.5261554122 0.5480172038 0.5384272933 0.5480172038 0.5384272933 0.5480172038 0.5399612784 0.5480172038 
LOG 23181069 0.5322913527 0.5515077710 0.5414952040 0.5515077710 0.5292233825 0.5515077710 0.5399612784 0.5515077710 0.5430291891 0.5515077710 0.5445631742 0.5515077710 
LOG 23195004 NaN 0.5549983382 NaN 0.5549983382 NaN 0.5549983382 NaN 0.5549983382 NaN 0.5549983382 NaN 0.5549983382 
LOG 23202745 0.5384272933 0.5584889054 0.5460971594 0.5584889054 0.5353593230 0.5584889054 0.5460971594 0.5584889054 0.5476311445 0.5584889054 0.5491651297 0.5584889054 
LOG 23216698 0.5414952040 0.5619794726 0.5491651297 0.5619794726 0.5368933082 0.5619794726 0.5491651297 0.5619794726 0.5506991148 0.5619794726 0.5522330999 0.5619794726 
LOG 23230310 0.5476311445 0.5654699802 0.5553010702 0.5654699802 0.5430291891 0.5654699802 0.5553010702 0.5654699802 0.5553010702 0.5654699802 0.5568350554 0.5654699802 
LOG 23243857 0.5506991148 0.5689605474 0.5583690405 0.5689605474 0.5460971594 0.5689605474 0.5583690405 0.5689605474 0.5599030256 0.5689605474 0.5599030256 0.5689605474 
LOG 23257152 0.5537670851 0.5724511147 0.5614370108 0.5724511147 0.5491651297 0.5724511147 0.5629709363 0.5724511147 0.5629709363 0.5724511147 0.5645049214 0.5724511147 
LOG 23271674 0.5583690405 0.5759416819 0.5660389066 0.5759416819 0.5537670851 0.5759416819 0.5660389066 0.5759416819 0.5660389066 0.5759416819 0.5675728917 0.5759416819 
LOG 23288490 0.5629709363 0.5794322491 0.5706408620 0.5794322491 0.5583690405 0.5794322491 0.5706408620 0.5794322491 0.5706408620 0.5794322491 0.5721748471 0.5794322491 
LOG 23305118 0.5675728917 0.5829227567 0.5752428174 0.5829227567 0.5629709363 0.5829227567 0.5737088323 0.5829227567 0.5752428174 0.5829227567 0.5767768025 0.5829227567 
LOG 23318175 0.5691068769 0.5864133239 0.5783107877 0.5864133239 0.5660389066 0.5864133239 0.5767768025 0.5864133239 0.5783107877 0.5864133239 0.5798447728 0.5864133239 
LOG 23329326 NaN 0.5899038911 NaN 0.5899038911 NaN 0.5899038911 NaN 0.5899038911 NaN 0.5899038911 NaN 0.5899038911 
LOG 23338742 0.5737088323 0.5933944583 0.5813787580 0.5933944583 0.5721748471 0.5933944583 0.5798447728 0.5933944583 0.5844466686 0.5933944583 0.5844466686 0.5933944583 
LOG 23355345 0.5783107877 0.5968850255 0.5859806538 0.5968850255 0.5752428174 0.5968850255 0.5859806538 0.5968850255 0.5890486240 0.5968850255 0.5875146389 0.5968850255 
LOG 23365843 0.5798447728 0.6003755331 0.5890486240 0.6003755331 0.5783107877 0.6003755331 0.5875146389 0.6003755331 0.5905826092 0.6003755331 0.5905826092 0.6003755331 
LOG 23380927 0.5844466686 0.6038661003 0.5936505795 0.6038661003 0.5829127431 0.6038661003 0.5905826092 0.6038661003 0.5951845646 0.6038661003 0.5936505795 0.6038661003 
LOG 23396900 0.5875146389 0.6073566675 0.5982525349 0.6073566675 0.5875146389 0.6073566675 0.5967185497 0.6073566675 0.5982525349 0.6073566675 0.5997865200 0.6073566675 
LOG 23410245 0.5905826092 0.6108472347 0.6013205051 0.6108472347 0.5905826092 0.6108472347 0.6013205051 0.6108472347 0.6028544903 0.6108472347 0.6028544903 0.6108472347 
LOG 23423159 0.5936505795 0.6143378019 0.6043884754 0.6143378019 0.5936505795 0.6143378019 0.6043884754 0.6143378019 0.6059224010 0.6143378019 0.6074563861 0.6143378019 
LOG 23437536 0.5997865200 0.6178283095 0.6074563861 0.6178283095 0.5967185497 0.6178283095 0.6074563861 0.6178283095 0.6105243564 0.6178283095 0.6105243564 0.6178283095 
LOG 23453530 0.6043884754 0.6213188767 0.6105243564 0.6213188767 0.6013205051 0.6213188767 0.6120583415 0.6213188767 0.6135923266 0.6213188767 0.6151263118 0.6213188767 
LOG 23469155 0.6089903712 0.6248094440 0.6151263118 0.6248094440 0.6043884754 0.6248094440 0.6151263118 0.6248094440 0.6181942821 0.6248094440 0.6197282672 0.6248094440 
LOG 23480707 0.6120583415 0.6283000112 0.6181942821 0.6283000112 0.6074563861 0.6283000112 0.6181942821 0.6283000112 0.6212622523 0.6283000112 0.6212622523 0.6283000112 
LOG 23493873 0.6151263118 0.6317905784 0.6212622523 0.6317905784 0.6105243564 0.6317905784 0.6212622523 0.6317905784 0.6243302226 0.6317905784 0.6258642077 0.6317905784 
LOG 23505385 0.6181942821 0.6352810860 0.6243302226 0.6352810860 0.6135923266 0.6352810860 0.6243302226 0.6352810860 0.6273981333 0.6352810860 0.6273981333 0.6352810860 
LOG 23515959 0.6197282672 0.6387716532 0.6273981333 0.6387716532 0.6151263118 0.6387716532 0.6258642077 0.6387716532 0.6304661036 0.6387716532 0.6304661036 0.6387716532 
LOG 23527701 0.6227962375 0.6422622204 0.6289321184 0.6422622204 0.6181942821 0.6422622204 0.6289321184 0.6422622204 0.6335340738 0.6422622204 0.6320000887 0.6422622204 
LOG 23538191 0.6243302226 0.6457527876 0.6335340738 0.6457527876 0.6212622523 0.6457527876 0.6320000887 0.6457527876 0.6366020441 0.6457527876 0.6350680590 0.6457527876 
LOG 23553964 0.6289321184 0.6492433548 0.6381360292 0.6492433548 0.6243302226 0.6492433548 0.6381360292 0.6492433548 0.6412039995 0.6492433548 0.6396700144 0.6492433548 
LOG 23567260 0.6320000887 0.6527338624 0.6412039995 0.6527338624 0.6273981333 0.6527338624 0.6412039995 0.6527338624 0.6442719698 0.6527338624 0.6427379847 0.6527338624 
LOG 23579684 0.6350680590 0.6562244296 0.6458059549 0.6562244296 0.6320000887 0.6562244296 0.6458059549 0.6562244296 0.6473399401 0.6562244296 0.6473399401 0.6562244296 
LOG 23593523 NaN 0.6597149968 NaN 0.6597149968 NaN 0.6597149968 NaN 0.6597149968 NaN 0.6597149968 NaN 0.6597149968 
LOG 23601852 0.6412039995 0.6632055640 0.6534758210 0.6632055640 0.6381360292 0.6632055640 0.6519418359 0.6632055640 0.6534758210 0.6632055640 0.6550098062 0.6632055640 
LOG 23615912 0.6458059549 0.6666961312 0.6565437913 0.6666961312 0.6427379847 0.6666961312 0.6550098062 0.6666961312 0.6580777764 0.6666961312 0.6596117616 0.6666961312 
LOG 23628869 0.6488738656 0.6701866388 0.6596117616 0.6701866388 0.6458059549 0.6701866388 0.6596117616 0.6701866388 0.6611457467 0.6701866388 0.6626797318 0.6701866388 
LOG 23642245 0.6534758210 0.6736772060 0.6642137170 0.6736772060 0.6504078507 0.6736772060 0.6626797318 0.6736772060 0.6657477021 0.6736772060 0.6657477021 0.6736772060 
LOG 23654772 0.6580777764 0.6771677732 0.6672816873 0.6771677732 0.6534758210 0.6771677732 0.6657477021 0.6771677732 0.6688156128 0.6771677732 0.6688156128 0.6771677732 
LOG 23664664 0.6611457467 0.6806583405 0.6703495979 0.6806583405 0.6565437913 0.6806583405 0.6672816873 0.6806583405 0.6718835831 0.6806583405 0.6718835831 0.6806583405 
LOG 23677899 0.6642137170 0.6841489077 0.6734175682 0.6841489077 0.6596117616 0.6841489077 0.6718835831 0.6841489077 0.6749515533 0.6841489077 0.6749515533 0.6841489077 
LOG 23690512 0.6672816873 0.6876394153 0.6764855385 0.6876394153 0.6642137170 0.6876394153 0.6764855385 0.6876394153 0.6780195236 0.6876394153 0.6780195236 0.6876394153 
LOG 23706368 0.6718835831 0.6911299825 0.6810874939 0.6911299825 0.6688156128 0.6911299825 0.6795535088 0.6911299825 0.6841554642 0.6911299825 0.6826214790 0.6911299825 
LOG 23721148 0.6764855385 0.6946205497 0.6841554642 0.6946205497 0.6734175682 0.6946205497 0.6856894493 0.6946205497 0.6887574196 0.6946205497 0.6872234344 0.6946205497 
LOG 23736918 0.6795535088 0.0000000000 0.6887574196 0.0000000000 0.6764855385 0.0000000000 0.6887574196 0.0000000000 0.6918253303 0.0000000000 0.6918253303 0.0000000000 
LOG 23748643 0.6764855385 0.0034905556 0.6887574196 0.0034905556 0.6764855385 0.0034905556 0.6872234344 0.0034905556 0.6918253303 0.0034905556 0.6902913451 0.0034905556 
LOG 23763909 0.6550098062 0.0069811111 0.6703495979 0.0069811111 0.6596117616 0.0069811111 0.6626797318 0.0069811111 0.6734175682 0.0069811111 0.6734175682 0.0069811111 
LOG 23777051 0.6120583415 0.0104716662 0.6273981333 0.0104716662 0.6227962375 0.0104716662 0.6181942821 0.0104716662 0.6335340738 0.0104716662 0.6381360292 0.0104716662 
LOG 23792620 0.5414952040 0.0139622223 0.5553010702 0.0139622223 0.5537670851 0.0139622223 0.5553010702 0.0139622223 0.5645049214 0.0139622223 0.5752428174 0.0139622223 
LOG 23803773 0.4893398881 0.0174527783 0.5000777245 0.0174527783 0.4985437691 0.0174527783 0.5046796799 0.0174527783 0.5108156204 0.0174527783 0.5200195312 0.0174527783 
LOG 23816918 0.4295146465 0.0209433325 0.4325825870 0.0209433325 0.4387185276 0.0209433325 0.4371845424 0.0209433325 0.4463884234 0.0209433325 0.4540583193 0.0209433325 
LOG 23830474 0.3604854941 0.0244338885 0.3635534644 0.0244338885 0.3712233603 0.0244338885 0.3620194793 0.0244338885 0.3788932562 0.0244338885 0.3865631819 0.0244338885 
LOG 23843703 0.2853204310 0.0279244445 0.2960582972 0.0279244445 0.2945243120 0.0279244445 0.2883884013 0.0279244445 0.3067961633 0.0279244445 0.3190680146 0.0279244445 
LOG 23857711 0.2024854720 0.0314150006 0.2132233381 0.0314150006 0.2086213976 0.0314150006 0.2101553679 0.0314150006 0.2254951894 0.0314150006 0.2408349961 0.0314150006 
LOG 23870987 0.1334563345 0.0349055566 0.1303883642 0.0349055566 0.1395922601 0.0349055566 0.1319223493 0.0349055566 0.1457281858 0.0349055566 0.1595340073 0.0349055566 
LOG 23883180 0.0797670037 0.0383961126 0.0613592342 0.0383961126 0.0905048698 0.0383961126 0.0613592342 0.0383961126 0.0889708847 0.0383961126 0.0859029293 0.0383961126 
LOG 23898923 0.0306796171 0.0418866649 -0.0076699043 0.0418866649 0.0368155390 0.0418866649 -0.0092038848 0.0418866649 0.0291456357 0.0418866649 0.0030679617 0.0418866649 
LOG 23911110 NaN 0.0453772210 NaN 0.0453772210 NaN 0.0453772210 NaN 0.0453772210 NaN 0.0453772210 NaN 0.0453772210 
LOG 23920944 NaN 0.0488677770 NaN 0.0488677770 NaN 0.0488677770 NaN 0.0488677770 NaN 0.0488677770 NaN 0.0488677770 
LOG 23931023 -0.0245436933 0.0523583330 -0.0475534052 0.0523583330 -0.0368155390 0.0523583330 -0.0552233085 0.0523583330 -0.0398835018 0.0523583330 -0.0690291375 0.0523583330 
LOG 23948100 -0.0230097119 0.0558488891 -0.0214757323 0.0558488891 -0.0352815576 0.0558488891 -0.0337475799 0.0558488891 -0.0490873866 0.0558488891 -0.0659611747 0.0558488891 
LOG 23958690 -0.0168737900 0.0593394451 -0.0015339808 0.0593394451 -0.0276116543 0.0593394451 -0.0122718466 0.0593394451 -0.0460194238 0.0593394451 -0.0460194238 0.0593394451 
LOG 23975938 -0.0015339808 0.0628300011 0.0383495204 0.0628300011 -0.0168737900 0.0628300011 0.0260776747 0.0628300011 -0.0306796171 0.0628300011 -0.0061359233 0.0628300011 
LOG 23987749 0.0122718466 0.0663205534 0.0628932118 0.0663205534 -0.0076699043 0.0663205534 0.0475534052 0.0663205534 -0.0168737900 0.0663205534 0.0214757323 0.0663205534 
LOG 24001967 0.0260776747 0.0698111132 0.0828349665 0.0698111132 0.0076699043 0.0698111132 0.0705631152 0.0698111132 -0.0015339808 0.0698111132 0.0521553494 0.0698111132 
LOG 24015348 0.0398835018 0.0733016655 0.0874369070 0.0733016655 0.0245436933 0.0733016655 0.0828349665 0.0733016655 0.0107378662 0.0733016655 0.0751650631 0.0733016655 
LOG 24026162 0.0490873866 0.0767922252 0.0874369070 0.0767922252 0.0368155390 0.0767922252 0.0889708847 0.0767922252 0.0199417509 0.0767922252 0.0874369070 0.0767922252 
LOG 24039541 0.0598252527 0.0802827775 0.0843689442 0.0802827775 0.0475534052 0.0802827775 0.0905048698 0.0802827775 0.0306796171 0.0802827775 0.0966407955 0.0802827775 
LOG 24053578 0.0674951598 0.0837733299 0.0828349665 0.0837733299 0.0598252527 0.0837733299 0.0889708847 0.0837733299 0.0429514647 0.0837733299 0.0981747732 0.0837733299 
LOG 24068342 0.0736310780 0.0872638896 0.0828349665 0.0872638896 0.0690291375 0.0872638896 0.0874369070 0.0872638896 0.0552233085 0.0872638896 0.0935728326 0.0872638896 
LOG 24081961 0.0797670037 0.0907544419 0.0828349665 0.0907544419 0.0751650631 0.0907544419 0.0874369070 0.0907544419 0.0644271970 0.0907544419 0.0889708847 0.0907544419 
LOG 24097434 0.0843689442 0.0942450017 0.0843689442 0.0942450017 0.0813009813 0.0942450017 0.0874369070 0.0942450017 0.0705631152 0.0942450017 0.0859029293 0.0942450017 
LOG 24112909 0.0859029293 0.0977355540 0.0859029293 0.0977355540 0.0828349665 0.0977355540 0.0874369070 0.0977355540 0.0751650631 0.0977355540 0.0843689442 0.0977355540 
LOG 24128626 0.0859029293 0.1012261137 0.0889708847 0.1012261137 0.0843689442 0.1012261137 0.0874369070 0.1012261137 0.0766990408 0.1012261137 0.0859029293 0.1012261137 
LOG 24141892 NaN 0.1047166660 NaN 0.1047166660 NaN 0.1047166660 NaN 0.1047166660 NaN 0.1047166660 NaN 0.1047166660 
LOG 24150866 0.0859029293 0.1082072258 0.0951068103 0.1082072258 0.0859029293 0.1082072258 0.0889708847 0.1082072258 0.0782330260 0.1082072258 0.0905048698 0.1082072258 
LOG 24165440 0.0889708847 0.1116977781 0.0997087508 0.1116977781 0.0874369070 0.1116977781 0.0951068103 0.1116977781 0.0797670037 0.1116977781 0.0966407955 0.1116977781 
LOG 24178961 0.0920388475 0.1151883304 0.1027767137 0.1151883304 0.0905048698 0.1151883304 0.1012427360 0.1151883304 0.0828349665 0.1151883304 0.1012427360 0.1151883304 
LOG 24194189 0.0981747732 0.1186788902 0.1073786616 0.1186788902 0.0935728326 0.1186788902 0.1073786616 0.1186788902 0.0874369070 0.1186788902 0.1073786616 0.1186788902 
LOG 24210328 0.1043106988 0.1221694425 0.1119806021 0.1221694425 0.0981747732 0.1221694425 0.1135145798 0.1221694425 0.0920388475 0.1221694425 0.1119806021 0.1221694425 
LOG 24224156 0.1104466170 0.1256600022 0.1150485650 0.1256600022 0.1027767137 0.1256600022 0.1165825427 0.1256600022 0.0966407955 0.1256600022 0.1150485650 0.1256600022 
LOG 24235708 0.1150485650 0.1291505545 0.1181165203 0.1291505545 0.1058446765 0.1291505545 0.1196505055 0.1291505545 0.0997087508 0.1291505545 0.1181165203 0.1291505545 
LOG 24249858 0.1181165203 0.1326411068 0.1227184683 0.1326411068 0.1104466170 0.1326411068 0.1211844832 0.1326411068 0.1043106988 0.1326411068 0.1227184683 0.1326411068 
LOG 24263544 0.1196505055 0.1361316741 0.1273204088 0.1361316741 0.1150485650 0.1361316741 0.1242524460 0.1361316741 0.1089126393 0.1361316741 0.1242524460 0.1361316741 
LOG 24281740 0.1227184683 0.1396222264 0.1334563345 0.1396222264 0.1196505055 0.1396222264 0.1288543940 0.1396222264 0.1135145798 0.1396222264 0.1273204088 0.1396222264 
LOG 24295438 0.1257864237 0.1431127787 0.1380582750 0.1431127787 0.1242524460 0.1431127787 0.1319223493 0.1431127787 0.1165825427 0.1431127787 0.1319223493 0.1431127787 
LOG 24310515 0.1288543940 0.1466033310 0.1411262304 0.1466033310 0.1273204088 0.1466033310 0.1349903196 0.1466033310 0.1227184683 0.1466033310 0.1349903196 0.1466033310 
LOG 24323976 0.1334563345 0.1500938833 0.1426602155 0.1500938833 0.1319223493 0.1500938833 0.1395922601 0.1500938833 0.1273204088 0.1500938833 0.1380582750 0.1500938833 
LOG 24337344 0.1380582750 0.1535844505 0.1426602155 0.1535844505 0.1334563345 0.1535844505 0.1441942006 0.1535844505 0.1288543940 0.1535844505 0.1426602155 0.1535844505 
LOG 24350565 0.1411262304 0.1570750028 0.1426602155 0.1570750028 0.1365242898 0.1570750028 0.1457281858 0.1570750028 0.1319223493 0.1570750028 0.1457281858 0.1570750028 
LOG 24363914 0.1441942006 0.1605655551 0.1426602155 0.1605655551 0.1395922601 0.1605655551 0.1487961411 0.1605655551 0.1349903196 0.1605655551 0.1487961411 0.1605655551 
LOG 24376219 0.1472621560 0.1640561074 0.1441942006 0.1640561074 0.1426602155 0.1640561074 0.1518640965 0.1640561074 0.1365242898 0.1640561074 0.1518640965 0.1640561074 
LOG 24387741 0.1487961411 0.1675466597 0.1457281858 0.1675466597 0.1457281858 0.1675466597 0.1533980817 0.1675466597 0.1395922601 0.1675466597 0.1549320668 0.1675466597 
LOG 24400620 NaN 0.1710372269 NaN 0.1710372269 NaN 0.1710372269 NaN 0.1710372269 NaN 0.1710372269 NaN 0.1710372269 
LOG 24410288 0.1533980817 0.1745277792 0.1564660519 0.1745277792 0.1503301263 0.1745277792 0.1610679924 0.1745277792 0.1487961411 0.1745277792 0.1595340073 0.1745277792 
LOG 24423796 0.1580000222 0.1780183315 0.1656699330 0.1780183315 0.1549320668 0.1780183315 0.1656699330 0.1780183315 0.1518640965 0.1780183315 0.1641359478 0.1780183315 
LOG 24436075 0.1626019627 0.1815088838 0.1733398288 0.1815088838 0.1580000222 0.1815088838 0.1687378883 0.1815088838 0.1564660519 0.1815088838 0.1672039032 0.1815088838 
LOG 24451539 0.1687378883 0.1849994510 0.1840776950 0.1849994510 0.1626019627 0.1849994510 0.1748738140 0.1849994510 0.1595340073 0.1849994510 0.1733398288 0.1849994510 
LOG 24464733 NaN 0.1884900033 NaN 0.1884900033 NaN 0.1884900033 NaN 0.1884900033 NaN 0.1884900033 NaN 0.1884900033 
LOG 24475066 0.1764077991 0.1919805557 0.1917476058 0.1919805557 0.1702718735 0.1919805557 0.1794757545 0.1919805557 0.1687378883 0.1919805557 0.1810097396 0.1919805557 
LOG 24488467 0.1794757545 0.1954711080 0.1917476058 0.1954711080 0.1733398288 0.1954711080 0.1825437248 0.1954711080 0.1718058586 0.1954711080 0.1840776950 0.1954711080 
LOG 24503002 0.1825437248 0.1989616603 0.1902136207 0.1989616603 0.1779417694 0.1989616603 0.1871456653 0.1989616603 0.1764077991 0.1989616603 0.1871456653 0.1989616603 
LOG 24514072 0.1840776950 0.2024522275 0.1886796355 0.2024522275 0.1810097396 0.2024522275 0.1917476058 0.2024522275 0.1794757545 0.2024522275 0.1902136207 0.2024522275 
LOG 24528369 0.1886796355 0.2059427798 0.1902136207 0.2059427798 0.1856116802 0.2059427798 0.1963495463 0.2059427798 0.1840776950 0.2059427798 0.1948155612 0.2059427798 
LOG 24541903 0.1917476058 0.2094333321 0.1917476058 0.2094333321 0.1886796355 0.2094333321 0.1994175017 0.2094333321 0.1886796355 0.2094333321 0.1994175017 0.2094333321 
LOG 24559072 0.1978835315 0.2129238844 0.1948155612 0.2129238844 0.1932815909 0.2129238844 0.2024854720 0.2129238844 0.1932815909 0.2129238844 0.2040194571 0.2129238844 
LOG 24571149 0.2009514868 0.2164144516 0.1978835315 0.2164144516 0.1963495463 0.2164144516 0.2055534273 0.2164144516 0.1963495463 0.2164144516 0.2055534273 0.2164144516 
LOG 24583139 0.2040194571 0.2199050039 0.2040194571 0.2199050039 0.2009514868 0.2199050039 0.2086213976 0.2199050039 0.1994175017 0.2199050039 0.2086213976 0.2199050039 
LOG 24596647 0.2055534273 0.2233955562 0.2132233381 0.2233955562 0.2040194571 0.2233955562 0.2116893530 0.2233955562 0.2024854720 0.2233955562 0.2116893530 0.2233955562 
LOG 24612783 0.2101553679 0.2268861085 0.2239612043 0.2268861085 0.2070874125 0.2268861085 0.2162912935 0.2268861085 0.2055534273 0.2268861085 0.2162912935 0.2268861085 
LOG 24625155 0.2132233381 0.2303766608 0.2300971299 0.2303766608 0.2101553679 0.2303766608 0.2193592638 0.2303766608 0.2086213976 0.2303766608 0.2208932340 0.2303766608 
LOG 24637137 0.2162912935 0.2338672280 0.2331650853 0.2338672280 0.2132233381 0.2338672280 0.2224272192 0.2338672280 0.2116893530 0.2338672280 0.2239612043 0.2338672280 
LOG 24649712 0.2193592638 0.2373577803 0.2331650853 0.2373577803 0.2147573233 0.2373577803 0.2254951894 0.2373577803 0.2147573233 0.2373577803 0.2270291597 0.2373577803 
LOG 24665153 0.2224272192 0.2408483326 0.2331650853 0.2408483326 0.2193592638 0.2408483326 0.2285631448 0.2408483326 0.2208932340 0.2408483326 0.2300971299 0.2408483326 
LOG 24678149 0.2254951894 0.2443388849 0.2331650853 0.2443388849 0.2224272192 0.2443388849 0.2331650853 0.2443388849 0.2239612043 0.2443388849 0.2331650853 0.2443388849 
LOG 24692710 0.2300971299 0.2478294373 0.2331650853 0.2478294373 0.2270291597 0.2478294373 0.2362330407 0.2478294373 0.2270291597 0.2478294373 0.2362330407 0.2478294373 
LOG 24702681 0.2331650853 0.2513200045 0.2331650853 0.2513200045 0.2300971299 0.2513200045 0.2408349961 0.2513200045 0.2316311002 0.2513200045 0.2393010110 0.2513200045 
LOG 24718171 0.2362330407 0.2548105419 0.2362330407 0.2548105419 0.2331650853 0.2548105419 0.2439029515 0.2548105419 0.2346990705 0.2548105419 0.2439029515 0.2548105419 
LOG 24732740 0.2393010110 0.2583011091 0.2408349961 0.2583011091 0.2377670258 0.2583011091 0.2469709069 0.2583011091 0.2393010110 0.2583011091 0.2469709069 0.2583011091 
LOG 24745727 NaN 0.2617916763 NaN 0.2617916763 NaN 0.2617916763 NaN 0.2617916763 NaN 0.2617916763 NaN 0.2617916763 
LOG 24757369 0.2485048920 0.2652822137 0.2546408176 0.2652822137 0.2454369366 0.2652822137 0.2531068325 0.2652822137 0.2454369366 0.2652822137 0.2546408176 0.2652822137 
LOG 24768254 0.2500388622 0.2687727809 0.2623107135 0.2687727809 0.2469709069 0.2687727809 0.2561748028 0.2687727809 0.2469709069 0.2687727809 0.2577087879 0.2687727809 
LOG 24784144 NaN 0.2722633481 NaN 0.2722633481 NaN 0.2722633481 NaN 0.2722633481 NaN 0.2722633481 NaN 0.2722633481 
LOG 24796259 0.2577087879 0.2757538855 0.2730485797 0.2757538855 0.2546408176 0.2757538855 0.2638446987 0.2757538855 0.2561748028 0.2757538855 0.2653786838 0.2757538855 
LOG 24809422 0.2607767284 0.2792444527 0.2730485797 0.2792444527 0.2577087879 0.2792444527 0.2684466541 0.2792444527 0.2592427731 0.2792444527 0.2699806392 0.2792444527 
LOG 24821573 NaN 0.2827349901 NaN 0.2827349901 NaN 0.2827349901 NaN 0.2827349901 NaN 0.2827349901 NaN 0.2827349901 
LOG 24833131 0.2684466541 0.2862255573 0.2730485797 0.2862255573 0.2653786838 0.2862255573 0.2730485797 0.2862255573 0.2669126689 0.2862255573 0.2745825648 0.2862255573 
LOG 24844954 0.2715145946 0.2897161245 0.2715145946 0.2897161245 0.2684466541 0.2897161245 0.2776505351 0.2897161245 0.2699806392 0.2897161245 0.2761165500 0.2897161245 
LOG 24861126 0.2761165500 0.2932066619 0.2730485797 0.2932066619 0.2730485797 0.2932066619 0.2822524607 0.2932066619 0.2745825648 0.2932066619 0.2807185054 0.2932066619 
LOG 24876785 0.2791845202 0.2966972291 0.2776505351 0.2966972291 0.2776505351 0.2966972291 0.2853204310 0.2966972291 0.2776505351 0.2966972291 0.2853204310 0.2966972291 
LOG 24889308 NaN 0.3001877666 NaN 0.3001877666 NaN 0.3001877666 NaN 0.3001877666 NaN 0.3001877666 NaN 0.3001877666 
LOG 24900944 0.2853204310 0.3036783338 0.2899223864 0.3036783338 0.2837864459 0.3036783338 0.2929903269 0.3036783338 0.2853204310 0.3036783338 0.2945243120 0.3036783338 
LOG 24914680 0.2899223864 0.3071689010 0.2991262674 0.3071689010 0.2868544161 0.3071689010 0.2945243120 0.3071689010 0.2899223864 0.3071689010 0.2975922823 0.3071689010 
LOG 24930166 0.2929903269 0.3106594384 0.3083301485 0.3106594384 0.2899223864 0.3106594384 0.2991262674 0.3106594384 0.2945243120 0.3106594384 0.3006602526 0.3106594384 
LOG 24943514 0.2975922823 0.3141500056 0.3113981187 0.3141500056 0.2929903269 0.3141500056 0.3037281930 0.3141500056 0.2975922823 0.3141500056 0.3021942377 0.3141500056 
LOG 24957285 0.3006602526 0.3176405430 0.3129321039 0.3176405430 0.2960582972 0.3176405430 0.3067961633 0.3176405430 0.3006602526 0.3176405430 0.3052621782 0.3176405430 
LOG 24969391 0.3037281930 0.3211311102 0.3113981187 0.3211311102 0.2991262674 0.3211311102 0.3098641336 0.3211311102 0.3052621782 0.3211311102 0.3083301485 0.3211311102 
LOG 24982184 0.3067961633 0.3246216774 0.3113981187 0.3246216774 0.3021942377 0.3246216774 0.3144660592 0.3246216774 0.3083301485 0.3246216774 0.3129321039 0.3246216774 
LOG 24995792 0.3098641336 0.3281122148 0.3113981187 0.3281122148 0.3067961633 0.3281122148 0.3175340295 0.3281122148 0.3129321039 0.3281122148 0.3175340295 0.3281122148 
LOG 25008146 0.3129321039 0.3316027820 0.3129321039 0.3316027820 0.3098641336 0.3316027820 0.3206019998 0.3316027820 0.3175340295 0.3316027820 0.3206019998 0.3316027820 
LOG 25021366 0.3160000443 0.3350933194 0.3160000443 0.3350933194 0.3129321039 0.3350933194 0.3236699700 0.3350933194 0.3190680146 0.3350933194 0.3252039254 0.3350933194 
LOG 25033371 0.3206019998 0.3385838866 0.3221359849 0.3385838866 0.3175340295 0.3385838866 0.3267379105 0.3385838866 0.3221359849 0.3385838866 0.3282718956 0.3385838866 
LOG 25046529 0.3236699700 0.3420744538 0.3282718956 0.3420744538 0.3206019998 0.3420744538 0.3298058808 0.3420744538 0.3252039254 0.3420744538 0.3328738511 0.3420744538 
LOG 25061472 0.3267379105 0.3455649912 0.3374757767 0.3455649912 0.3252039254 0.3455649912 0.3344078064 0.3455649912 0.3282718956 0.3455649912 0.3374757767 0.3455649912 
LOG 25074246 0.3298058808 0.3490555584 0.3436117172 0.3490555584 0.3282718956 0.3490555584 0.3374757767 0.3490555584 0.3328738511 0.3490555584 0.3405437469 0.3490555584 
LOG 25086241 0.3328738511 0.3525461257 0.3466796577 0.3525461257 0.3313398659 0.3525461257 0.3405437469 0.3525461257 0.3359417915 0.3525461257 0.3436117172 0.3525461257 
LOG 25100074 0.3359417915 0.3560366631 0.3482136428 0.3560366631 0.3344078064 0.3560366631 0.3451456726 0.3560366631 0.3405437469 0.3560366631 0.3466796577 0.3560366631 
LOG 25113156 0.3420777321 0.3595272303 0.3497476280 0.3595272303 0.3390097618 0.3595272303 0.3482136428 0.3595272303 0.3436117172 0.3595272303 0.3497476280 0.3595272303 
LOG 25128251 0.3451456726 0.3630177677 0.3497476280 0.3630177677 0.3420777321 0.3630177677 0.3528155982 0.3630177677 0.3482136428 0.3630177677 0.3543495834 0.3630177677 
LOG 25140866 0.3482136428 0.3665083349 0.3528155982 0.3665083349 0.3466796577 0.3665083349 0.3558835387 0.3665083349 0.3512816131 0.3665083349 0.3574175239 0.3665083349 
LOG 25152779 0.3512816131 0.3699989021 0.3558835387 0.3699989021 0.3497476280 0.3699989021 0.3589515090 0.3699989021 0.3543495834 0.3699989021 0.3604854941 0.3699989021 
LOG 25166236 0.3543495834 0.3734894395 0.3604854941 0.3734894395 0.3528155982 0.3734894395 0.3620194793 0.3734894395 0.3589515090 0.3734894395 0.3635534644 0.3734894395 
LOG 25180697 0.3574175239 0.3769800067 0.3666214049 0.3769800067 0.3558835387 0.3769800067 0.3666214049 0.3769800067 0.3620194793 0.3769800067 0.3681553900 0.3769800067 
LOG 25195850 0.3635534644 0.3804705441 0.3696893752 0.3804705441 0.3604854941 0.3804705441 0.3696893752 0.3804705441 0.3666214049 0.3804705441 0.3712233603 0.3804705441 
LOG 25207498 0.3666214049 0.3839611113 0.3742913306 0.3839611113 0.3635534644 0.3839611113 0.3727573454 0.3839611113 0.3696893752 0.3839611113 0.3742913306 0.3839611113 
LOG 25220304 0.3696893752 0.3874516785 0.3788932562 0.3874516785 0.3666214049 0.3874516785 0.3758253157 0.3874516785 0.3727573454 0.3874516785 0.3788932562 0.3874516785 
LOG 25232685 0.3742913306 0.3909422159 0.3819612265 0.3909422159 0.3696893752 0.3909422159 0.3804272413 0.3909422159 0.3758253157 0.3909422159 0.3819612265 0.3909422159 
LOG 25243829 0.3758253157 0.3944327831 0.3850291967 0.3944327831 0.3727573454 0.3944327831 0.3834952116 0.3944327831 0.3804272413 0.3944327831 0.3850291967 0.3944327831 
LOG 25259821 0.3804272413 0.3979233205 0.3880971372 0.3979233205 0.3773592710 0.3979233205 0.3880971372 0.3979233205 0.3850291967 0.3979233205 0.3896311224 0.3979233205 
LOG 25271059 0.3834952116 0.4014138877 0.3896311224 0.4014138877 0.3804272413 0.4014138877 0.3911651075 0.4014138877 0.3880971372 0.4014138877 0.3926990926 0.4014138877 
LOG 25284621 0.3865631819 0.4049044549 0.3942330778 0.4049044549 0.3819612265 0.4049044549 0.3942330778 0.4049044549 0.3926990926 0.4049044549 0.3957670629 0.4049044549 
LOG 25299715 0.3911651075 0.4083949924 0.3988350034 0.4083949924 0.3865631819 0.4083949924 0.3988350034 0.4083949924 0.3957670629 0.4083949924 0.3988350034 0.4083949924 
LOG 25313081 0.3942330778 0.4118855596 0.4034369588 0.4118855596 0.3911651075 0.4118855596 0.4019029737 0.4118855596 0.3988350034 0.4118855596 0.4034369588 0.4118855596 
LOG 25325852 0.3988350034 0.4153760970 0.4065049291 0.4153760970 0.3942330778 0.4153760970 0.4049709439 0.4153760970 0.4034369588 0.4153760970 0.4065049291 0.4153760970 
LOG 25340142 0.4019029737 0.4188666642 0.4080389142 0.4188666642 0.3988350034 0.4188666642 0.4065049291 0.4188666642 0.4065049291 0.4188666642 0.4111068547 0.4188666642 
LOG 25352647 0.4049709439 0.4223572314 0.4126408398 0.4223572314 0.4019029737 0.4223572314 0.4111068547 0.4223572314 0.4095728695 0.4223572314 0.4141748250 0.4223572314 
LOG 25367960 0.4095728695 0.4258477688 0.4172427952 0.4258477688 0.4065049291 0.4258477688 0.4157088101 0.4258477688 0.4141748250 0.4258477688 0.4187767804 0.4258477688 
LOG 25380522 0.4126408398 0.4293383360 0.4203107357 0.4293383360 0.4095728695 0.4293383360 0.4172427952 0.4293383360 0.4172427952 0.4293383360 0.4218447208 0.4293383360 
LOG 25393315 0.4157088101 0.4328289032 0.4233787060 0.4328289032 0.4126408398 0.4328289032 0.4203107357 0.4328289032 0.4203107357 0.4328289032 0.4233787060 0.4328289032 
LOG 25404747 0.4187767804 0.4363194406 0.4264466763 0.4363194406 0.4157088101 0.4363194406 0.4249126911 0.4363194406 0.4233787060 0.4363194406 0.4279806614 0.4363194406 
LOG 25417959 0.4218447208 0.4398100078 0.4295146465 0.4398100078 0.4187767804 0.4398100078 0.4295146465 0.4398100078 0.4264466763 0.4398100078 0.4310486019 0.4398100078 
LOG 25431969 0.4249126911 0.4433005452 0.4341165721 0.4433005452 0.4233787060 0.4433005452 0.4325825870 0.4433005452 0.4310486019 0.4433005452 0.4356505573 0.4433005452 
LOG 25448480 0.4295146465 0.4467911124 0.4371845424 0.4467911124 0.4264466763 0.4467911124 0.4371845424 0.4467911124 0.4356505573 0.4467911124 0.4387185276 0.4467911124 
LOG 25462686 0.4325825870 0.4502816796 0.4402525127 0.4502816796 0.4310486019 0.4502816796 0.4402525127 0.4502816796 0.4402525127 0.4502816796 0.4417864680 0.4502816796 
LOG 25479932 0.4387185276 0.4537722170 0.4448544383 0.4537722170 0.4356505573 0.4537722170 0.4448544383 0.4537722170 0.4433204532 0.4537722170 0.4463884234 0.4537722170 
LOG 25493336 0.4417864680 0.4572627842 0.4463884234 0.4572627842 0.4387185276 0.4572627842 0.4463884234 0.4572627842 0.4463884234 0.4572627842 0.4494563937 0.4572627842 
LOG 25506318 0.4448544383 0.4607533216 0.4509903789 0.4607533216 0.4417864680 0.4607533216 0.4494563937 0.4607533216 0.4494563937 0.4607533216 0.4525243342 0.4607533216 
LOG 25517735 0.4463884234 0.4642438889 0.4525243342 0.4642438889 0.4448544383 0.4642438889 0.4509903789 0.4642438889 0.4509903789 0.4642438889 0.4555923045 0.4642438889 
LOG 25533672 0.4509903789 0.4677344561 0.4571262896 0.4677344561 0.4479224086 0.4677344561 0.4555923045 0.4677344561 0.4555923045 0.4677344561 0.4601942599 0.4677344561 
LOG 25545750 0.4540583193 0.4712249935 0.4601942599 0.4712249935 0.4509903789 0.4712249935 0.4586602747 0.4712249935 0.4601942599 0.4712249935 0.4632622004 0.4712249935 
LOG 25560119 0.4571262896 0.4747155607 0.4647961855 0.4747155607 0.4540583193 0.4747155607 0.4617282152 0.4747155607 0.4632622004 0.4747155607 0.4663301706 0.4747155607 
LOG 25572936 0.4601942599 0.4782060981 0.4678641558 0.4782060981 0.4571262896 0.4782060981 0.4663301706 0.4782060981 0.4678641558 0.4782060981 0.4693981409 0.4782060981 
LOG 25586654 0.4632622004 0.4816966653 0.4709321260 0.4816966653 0.4601942599 0.4816966653 0.4709321260 0.4816966653 0.4709321260 0.4816966653 0.4724660814 0.4816966653 
LOG 25602739 0.4678641558 0.4851872325 0.4755340517 0.4851872325 0.4647961855 0.4851872325 0.4740000665 0.4851872325 0.4740000665 0.4851872325 0.4770680368 0.4851872325 
LOG 25616870 0.4709321260 0.4886777699 0.4801360071 0.4886777699 0.4678641558 0.4886777699 0.4786020219 0.4886777699 0.4786020219 0.4886777699 0.4816699922 0.4886777699 
LOG 25629979 0.4740000665 0.4921683371 0.4832039475 0.4921683371 0.4709321260 0.4921683371 0.4832039475 0.4921683371 0.4816699922 0.4921683371 0.4847379327 0.4921683371 
LOG 25643103 0.4770680368 0.4956588745 0.4847379327 0.4956588745 0.4755340517 0.4956588745 0.4847379327 0.4956588745 0.4847379327 0.4956588745 0.4878059030 0.4956588745 
LOG 25656274 0.4816699922 0.4991494417 0.4878059030 0.4991494417 0.4786020219 0.4991494417 0.4893398881 0.4991494417 0.4878059030 0.4991494417 0.4908738732 0.4991494417 
LOG 25667762 0.4847379327 0.5026400089 0.4908738732 0.5026400089 0.4816699922 0.5026400089 0.4908738732 0.5026400089 0.4908738732 0.5026400089 0.4939418137 0.5026400089 
LOG 25681544 0.4862719178 0.5061305761 0.4954757988 0.5061305761 0.4847379327 0.5061305761 0.4939418137 0.5061305761 0.4939418137 0.5061305761 0.4970097840 0.5061305761 
LOG 25691810 NaN 0.5096210837 NaN 0.5096210837 NaN 0.5096210837 NaN 0.5096210837 NaN 0.5096210837 NaN 0.5096210837 
LOG 25705368 0.4939418137 0.5131116509 0.5031456947 0.5131116509 0.4924078584 0.5131116509 0.5000777245 0.5131116509 0.5000777245 0.5131116509 0.5046796799 0.5131116509 
LOG 25715985 0.4954757988 0.5166022182 0.5062136650 0.5166022182 0.4939418137 0.5166022182 0.5046796799 0.5166022182 0.5046796799 0.5166022182 0.5077476501 0.5166022182 
LOG 25727708 0.4985437691 0.5200927854 0.5092816353 0.5200927854 0.4970097840 0.5200927854 0.5062136650 0.5200927854 0.5077476501 0.5200927854 0.5108156204 0.5200927854 
LOG 25742947 0.5046796799 0.5235833526 0.5138835907 0.5235833526 0.5016117096 0.5235833526 0.5123496056 0.5235833526 0.5123496056 0.5235833526 0.5154175758 0.5235833526 
LOG 25755916 0.5077476501 0.5270738602 0.5169515610 0.5270738602 0.5046796799 0.5270738602 0.5169515610 0.5270738602 0.5154175758 0.5270738602 0.5184855461 0.5270738602 
LOG 25769073 0.5123496056 0.5305644274 0.5200195312 0.5305644274 0.5092816353 0.5305644274 0.5200195312 0.5305644274 0.5184855461 0.5305644274 0.5230874419 0.5305644274 
LOG 25783797 0.5169515610 0.5340549946 0.5230874419 0.5340549946 0.5123496056 0.5340549946 0.5246214271 0.5340549946 0.5230874419 0.5340549946 0.5261554122 0.5340549946 
LOG 25798180 0.5200195312 0.5375455618 0.5276893973 0.5375455618 0.5169515610 0.5375455618 0.5276893973 0.5375455618 0.5261554122 0.5375455618 0.5292233825 0.5375455618 
LOG 25810172 0.5230874419 0.5410361290 0.5307573676 0.5410361290 0.5215534568 0.5410361290 0.5307573676 0.5410361290 0.5307573676 0.5410361290 0.5322913527 0.5410361290 
LOG 25822278 0.5276893973 0.5445266962 0.5338253379 0.5445266962 0.5246214271 0.5445266962 0.5338253379 0.5445266962 0.5338253379 0.5445266962 0.5353593230 0.5445266962 
LOG 25836226 0.5307573676 0.5480172038 0.5368933082 0.5480172038 0.5276893973 0.5480172038 0.5368933082 0.5480172038 0.5368933082 0.5480172038 0.5399612784 0.5480172038 
LOG 25849114 0.5353593230 0.5515077710 0.5414952040 0.5515077710 0.5307573676 0.5515077710 0.5399612784 0.5515077710 0.5430291891 0.5515077710 0.5430291891 0.5515077710 
LOG 25863017 0.5384272933 0.5549983382 0.5445631742 0.5549983382 0.5338253379 0.5549983382 0.5430291891 0.5549983382 0.5460971594 0.5549983382 0.5460971594 0.5549983382 
LOG 25874183 0.5399612784 0.5584889054 0.5476311445 0.5584889054 0.5353593230 0.5584889054 0.5460971594 0.5584889054 0.5476311445 0.5584889054 0.5491651297 0.5584889054 
LOG 25887798 0.5430291891 0.5619794726 0.5506991148 0.5619794726 0.5384272933 0.5619794726 0.5506991148 0.5619794726 0.5522330999 0.5619794726 0.5522330999 0.5619794726 
LOG 25902277 0.5476311445 0.5654699802 0.5553010702 0.5654699802 0.5445631742 0.5654699802 0.5553010702 0.5654699802 0.5568350554 0.5654699802 0.5568350554 0.5654699802 
LOG 25913962 0.5491651297 0.5689605474 0.5583690405 0.5689605474 0.5460971594 0.5689605474 0.5583690405 0.5689605474 0.5583690405 0.5689605474 0.5599030256 0.5689605474 
LOG 25929133 0.5537670851 0.5724511147 0.5614370108 0.5724511147 0.5506991148 0.5724511147 0.5629709363 0.5724511147 0.5629709363 0.5724511147 0.5645049214 0.5724511147 
LOG 25941088 0.5568350554 0.5759416819 0.5660389066 0.5759416819 0.5537670851 0.5759416819 0.5660389066 0.5759416819 0.5660389066 0.5759416819 0.5675728917 0.5759416819 
LOG 25953873 0.5599030256 0.5794322491 0.5691068769 0.5794322491 0.5568350554 0.5794322491 0.5691068769 0.5794322491 0.5691068769 0.5794322491 0.5706408620 0.5794322491 
LOG 25968521 0.5645049214 0.5829227567 0.5721748471 0.5829227567 0.5614370108 0.5829227567 0.5721748471 0.5829227567 0.5737088323 0.5829227567 0.5752428174 0.5829227567 
LOG 25980621 0.5675728917 0.5864133239 0.5752428174 0.5864133239 0.5645049214 0.5864133239 0.5752428174 0.5864133239 0.5767768025 0.5864133239 0.5783107877 0.5864133239 
LOG 25995294 0.5706408620 0.5899038911 0.5813787580 0.5899038911 0.5691068769 0.5899038911 0.5798447728 0.5899038911 0.5798447728 0.5899038911 0.5829127431 0.5899038911 
LOG 26009726 0.5737088323 0.5933944583 0.5844466686 0.5933944583 0.5721748471 0.5933944583 0.5813787580 0.5933944583 0.5844466686 0.5933944583 0.5875146389 0.5933944583 
LOG 26020647 0.5767768025 0.5968850255 0.5875146389 0.5968850255 0.5752428174 0.5968850255 0.5859806538 0.5968850255 0.5875146389 0.5968850255 0.5890486240 0.5968850255 
LOG 26033717 0.5813787580 0.6003755331 0.5905826092 0.6003755331 0.5798447728 0.6003755331 0.5890486240 0.6003755331 0.5905826092 0.6003755331 0.5921165943 0.6003755331 
LOG 26048502 0.5844466686 0.6038661003 0.5936505795 0.6038661003 0.5829127431 0.6038661003 0.5921165943 0.6038661003 0.5951845646 0.6038661003 0.5967185497 0.6038661003 
LOG 26063032 0.5890486240 0.6073566675 0.5967185497 0.6073566675 0.5875146389 0.6073566675 0.5967185497 0.6073566675 0.5982525349 0.6073566675 0.6013205051 0.6073566675 
LOG 26077967 0.5921165943 0.6108472347 0.6013205051 0.6108472347 0.5905826092 0.6108472347 0.6013205051 0.6108472347 0.6028544903 0.6108472347 0.6043884754 0.6108472347 
LOG 26089681 0.5936505795 0.6143378019 0.6043884754 0.6143378019 0.5936505795 0.6143378019 0.6028544903 0.6143378019 0.6059224010 0.6143378019 0.6074563861 0.6143378019 
LOG 26103935 0.5982525349 0.6178283095 0.6059224010 0.6178283095 0.5982525349 0.6178283095 0.6059224010 0.6178283095 0.6105243564 0.6178283095 0.6105243564 0.6178283095 
LOG 26120672 0.6028544903 0.6213188767 0.6105243564 0.6213188767 0.6013205051 0.6213188767 0.6105243564 0.6213188767 0.6135923266 0.6213188767 0.6135923266 0.6213188767 
LOG 26132618 0.6074563861 0.6248094440 0.6151263118 0.6248094440 0.6043884754 0.6248094440 0.6151263118 0.6248094440 0.6166602969 0.6248094440 0.6181942821 0.6248094440 
LOG 26147812 0.6120583415 0.6283000112 0.6181942821 0.6283000112 0.6074563861 0.6283000112 0.6166602969 0.6283000112 0.6212622523 0.6283000112 0.6212622523 0.6283000112 
LOG 26163346 0.6151263118 0.6317905784 0.6227962375 0.6317905784 0.6120583415 0.6317905784 0.6212622523 0.6317905784 0.6258642077 0.6317905784 0.6243302226 0.6317905784 
LOG 26177681 0.6181942821 0.6352810860 0.6258642077 0.6352810860 0.6151263118 0.6352810860 0.6243302226 0.6352810860 0.6289321184 0.6352810860 0.6273981333 0.6352810860 
LOG 26192895 0.6212622523 0.6387716532 0.6289321184 0.6387716532 0.6181942821 0.6387716532 0.6273981333 0.6387716532 0.6320000887 0.6387716532 0.6304661036 0.6387716532 
LOG 26205886 0.6243302226 0.6422622204 0.6320000887 0.6422622204 0.6212622523 0.6422622204 0.6304661036 0.6422622204 0.6366020441 0.6422622204 0.6335340738 0.6422622204 
LOG 26219567 NaN 0.6457527876 NaN 0.6457527876 NaN 0.6457527876 NaN 0.6457527876 NaN 0.6457527876 NaN 0.6457527876 
LOG 26231262 NaN 0.6492433548 NaN 0.6492433548 NaN 0.6492433548 NaN 0.6492433548 NaN 0.6492433548 NaN 0.6492433548 
LOG 26241055 0.6320000887 0.6527338624 0.6396700144 0.6527338624 0.6289321184 0.6527338624 0.6396700144 0.6527338624 0.6442719698 0.6527338624 0.6427379847 0.6527338624 
LOG 26254102 NaN 0.6562244296 NaN 0.6562244296 NaN 0.6562244296 NaN 0.6562244296 NaN 0.6562244296 NaN 0.6562244296 
LOG 26265130 NaN 0.6597149968 NaN 0.6597149968 NaN 0.6597149968 NaN 0.6597149968 NaN 0.6597149968 NaN 0.6597149968 
LOG 26277309 0.6427379847 0.6632055640 0.6519418359 0.6632055640 0.6381360292 0.6632055640 0.6519418359 0.6632055640 0.6534758210 0.6632055640 0.6550098062 0.6632055640 
LOG 26294172 0.6473399401 0.6666961312 0.6580777764 0.6666961312 0.6442719698 0.6666961312 0.6565437913 0.6666961312 0.6580777764 0.6666961312 0.6596117616 0.6666961312 
LOG 26305288 0.6504078507 0.6701866388 0.6611457467 0.6701866388 0.6473399401 0.6701866388 0.6596117616 0.6701866388 0.6611457467 0.6701866388 0.6642137170 0.6701866388 
LOG 26316379 0.6534758210 0.6736772060 0.6642137170 0.6736772060 0.6504078507 0.6736772060 0.6626797318 0.6736772060 0.6642137170 0.6736772060 0.6672816873 0.6736772060 
LOG 26329544 0.6580777764 0.6771677732 0.6672816873 0.6771677732 0.6534758210 0.6771677732 0.6657477021 0.6771677732 0.6688156128 0.6771677732 0.6703495979 0.6771677732 
LOG 26345380 0.6626797318 0.6806583405 0.6718835831 0.6806583405 0.6580777764 0.6806583405 0.6688156128 0.6806583405 0.6718835831 0.6806583405 0.6749515533 0.6806583405 
LOG 26361388 0.6657477021 0.6841489077 0.6749515533 0.6841489077 0.6642137170 0.6841489077 0.6749515533 0.6841489077 0.6764855385 0.6841489077 0.6780195236 0.6841489077 
LOG 26373481 0.6688156128 0.6876394153 0.6780195236 0.6876394153 0.6672816873 0.6876394153 0.6764855385 0.6876394153 0.6810874939 0.6876394153 0.6810874939 0.6876394153 
LOG 26385286 0.6718835831 0.6911299825 0.6795535088 0.6911299825 0.6703495979 0.6911299825 0.6795535088 0.6911299825 0.6841554642 0.6911299825 0.6841554642 0.6911299825 
LOG 26397565 0.6749515533 0.6946205497 0.6810874939 0.6946205497 0.6734175682 0.6946205497 0.6841554642 0.6946205497 0.6872234344 0.6946205497 0.6872234344 0.6946205497 
LOG 26410197 0.6780195236 0.0000000000 0.6841554642 0.0000000000 0.6764855385 0.0000000000 0.6856894493 0.0000000000 0.6902913451 0.0000000000 0.6887574196 0.0000000000 
LOG 26422173 0.6764855385 0.0034905556 0.6856894493 0.0034905556 0.6764855385 0.0034905556 0.6841554642 0.0034905556 0.6887574196 0.0034905556 0.6872234344 0.0034905556 
LOG 26436245 0.6565437913 0.0069811111 0.6703495979 0.0069811111 0.6611457467 0.0069811111 0.6626797318 0.0069811111 0.6734175682 0.0069811111 0.6749515533 0.0069811111 
LOG 26450483 0.6120583415 0.0104716662 0.6227962375 0.0104716662 0.6181942821 0.0104716662 0.6166602969 0.0104716662 0.6289321184 0.0104716662 0.6381360292 0.0104716662 
nsh> [KLOG 26464225 0.5491651297 0.0139622223 0.5599030256 0.0139622223 0.5583690405 0.0139622223 0.5599030256 0.0139622223 0.5675728917 0.0139622223 0.5844466686 0.0139622223 
LOG 26477287 0.4893398881 0.0174527783 0.4939418137 0.0174527783 0.4954757988 0.0174527783 0.5031456947 0.0174527783 0.5031456947 0.0174527783 0.5169515610 0.0174527783 
LOG 26490935 0.4264466763 0.0209433325 0.4233787060 0.0209433325 0.4341165721 0.0209433325 0.4325825870 0.0209433325 0.4402525127 0.0209433325 0.4509903789 0.0209433325 
LOG 26501309 0.3727573454 0.0244338885 0.3742913306 0.0244338885 0.3819612265 0.0244338885 0.3742913306 0.0244338885 0.3865631819 0.0244338885 0.3988350034 0.0244338885 
LOG 26515952 0.2929903269 0.0279244445 0.2960582972 0.0279244445 0.3006602526 0.0279244445 0.2945243120 0.0279244445 0.3067961633 0.0279244445 0.3236699700 0.0279244445 
LOG 26528683 0.2285631448 0.0314150006 0.2224272192 0.0314150006 0.2208932340 0.0314150006 0.2208932340 0.0314150006 0.2331650853 0.0314150006 0.2531068325 0.0314150006 
LOG 26542968 0.1395922601 0.0349055566 0.1334563345 0.0349055566 0.1457281858 0.0349055566 0.1380582750 0.0349055566 0.1487961411 0.0349055566 0.1702718735 0.0349055566 
LOG 26555327 0.0843689442 0.0383961126 0.0628932118 0.0383961126 0.0935728326 0.0383961126 0.0690291375 0.0383961126 0.0889708847 0.0383961126 0.0920388475 0.0383961126 
LOG 26566633 0.0444854423 0.0418866649 0.0092038848 0.0418866649 0.0552233085 0.0418866649 0.0153398085 0.0418866649 0.0460194238 0.0418866649 0.0306796171 0.0418866649 
LOG 26582076 NaN 0.0453772210 NaN 0.0453772210 NaN 0.0453772210 NaN 0.0453772210 NaN 0.0453772210 NaN 0.0453772210 
LOG 26591478 NaN 0.0488677770 NaN 0.0488677770 NaN 0.0488677770 NaN 0.0488677770 NaN 0.0488677770 NaN 0.0488677770 
LOG 26603939 NaN 0.0523583330 NaN 0.0523583330 NaN 0.0523583330 NaN 0.0523583330 NaN 0.0523583330 NaN 0.0523583330 
LOG 26613009 NaN 0.0558488891 NaN 0.0558488891 NaN 0.0558488891 NaN 0.0558488891 NaN 0.0558488891 NaN 0.0558488891 
LOG 26621897 -0.0230097119 0.0593394451 -0.0199417509 0.0593394451 -0.0337475799 0.0593394451 -0.0322135985 0.0593394451 -0.0490873866 0.0593394451 -0.0598252527 0.0593394451 
LOG 26636502 -0.0138058271 0.0628300011 0.0107378662 0.0628300011 -0.0245436933 0.0628300011 -0.0030679617 0.0628300011 -0.0444854423 0.0628300011 -0.0291456357 0.0628300011 
LOG 26650684 0.0000000000 0.0663205534 0.0444854423 0.0663205534 -0.0153398085 0.0663205534 0.0276116543 0.0663205534 -0.0306796171 0.0663205534 0.0046019424 0.0663205534 
LOG 26663080 0.0138058271 0.0698111132 0.0705631152 0.0698111132 -0.0061359233 0.0698111132 0.0521553494 0.0698111132 -0.0168737900 0.0698111132 0.0352815576 0.0698111132 
LOG 26677972 0.0306796171 0.0733016655 0.0874369070 0.0733016655 0.0122718466 0.0733016655 0.0766990408 0.0733016655 0.0000000000 0.0733016655 0.0659611747 0.0733016655 
LOG 26693382 0.0460194238 0.0767922252 0.0905048698 0.0767922252 0.0322135985 0.0767922252 0.0905048698 0.0767922252 0.0153398085 0.0767922252 0.0874369070 0.0767922252 
LOG 26705883 0.0567572899 0.0802827775 0.0905048698 0.0802827775 0.0444854423 0.0802827775 0.0935728326 0.0802827775 0.0276116543 0.0802827775 0.0966407955 0.0802827775 
LOG 26720923 0.0659611747 0.0837733299 0.0874369070 0.0837733299 0.0582912713 0.0837733299 0.0920388475 0.0837733299 0.0414174832 0.0837733299 0.0997087508 0.0837733299 
LOG 26735310 0.0736310780 0.0872638896 0.0859029293 0.0872638896 0.0674951598 0.0872638896 0.0905048698 0.0872638896 0.0552233085 0.0872638896 0.0966407955 0.0872638896 
LOG 26747821 0.0797670037 0.0907544419 0.0859029293 0.0907544419 0.0736310780 0.0907544419 0.0889708847 0.0907544419 0.0628932118 0.0907544419 0.0920388475 0.0907544419 
LOG 26763157 0.0843689442 0.0942450017 0.0859029293 0.0942450017 0.0813009813 0.0942450017 0.0889708847 0.0942450017 0.0705631152 0.0942450017 0.0874369070 0.0942450017 
LOG 26775030 0.0874369070 0.0977355540 0.0859029293 0.0977355540 0.0843689442 0.0977355540 0.0889708847 0.0977355540 0.0736310780 0.0977355540 0.0859029293 0.0977355540 
LOG 26785719 0.0874369070 0.1012261137 0.0874369070 0.1012261137 0.0859029293 0.1012261137 0.0889708847 0.1012261137 0.0766990408 0.1012261137 0.0859029293 0.1012261137 
LOG 26801956 0.0874369070 0.1047166660 0.0905048698 0.1047166660 0.0874369070 0.1047166660 0.0889708847 0.1047166660 0.0797670037 0.1047166660 0.0874369070 0.1047166660 
LOG 26816264 0.0874369070 0.1082072258 0.0951068103 0.1082072258 0.0889708847 0.1082072258 0.0889708847 0.1082072258 0.0797670037 0.1082072258 0.0905048698 0.1082072258 
LOG 26831418 0.0889708847 0.1116977781 0.0981747732 0.1116977781 0.0905048698 0.1116977781 0.0935728326 0.1116977781 0.0813009813 0.1116977781 0.0951068103 0.1116977781 
LOG 26845310 0.0935728326 0.1151883304 0.1012427360 0.1151883304 0.0935728326 0.1151883304 0.1012427360 0.1151883304 0.0843689442 0.1151883304 0.1012427360 0.1151883304 
LOG 26858118 0.0966407955 0.1186788902 0.1058446765 0.1186788902 0.0951068103 0.1186788902 0.1073786616 0.1186788902 0.0874369070 0.1186788902 0.1073786616 0.1186788902 
LOG 26870748 0.1043106988 0.1221694425 0.1089126393 0.1221694425 0.0981747732 0.1221694425 0.1119806021 0.1221694425 0.0920388475 0.1221694425 0.1119806021 0.1221694425 
LOG 26885300 0.1089126393 0.1256600022 0.1150485650 0.1256600022 0.1027767137 0.1256600022 0.1165825427 0.1256600022 0.0951068103 0.1256600022 0.1135145798 0.1256600022 
LOG 26900556 0.1135145798 0.1291505545 0.1211844832 0.1291505545 0.1073786616 0.1291505545 0.1196505055 0.1291505545 0.0997087508 0.1291505545 0.1181165203 0.1291505545 
LOG 26916376 0.1181165203 0.1326411068 0.1273204088 0.1326411068 0.1119806021 0.1326411068 0.1227184683 0.1326411068 0.1043106988 0.1326411068 0.1227184683 0.1326411068 
LOG 26933064 0.1211844832 0.1361316741 0.1334563345 0.1361316741 0.1165825427 0.1361316741 0.1273204088 0.1361316741 0.1089126393 0.1361316741 0.1273204088 0.1361316741 
LOG 26946377 0.1227184683 0.1396222264 0.1349903196 0.1396222264 0.1196505055 0.1396222264 0.1288543940 0.1396222264 0.1135145798 0.1396222264 0.1288543940 0.1396222264 
LOG 26962290 0.1257864237 0.1431127787 0.1365242898 0.1431127787 0.1242524460 0.1431127787 0.1319223493 0.1431127787 0.1181165203 0.1431127787 0.1303883642 0.1431127787 
LOG 26976704 0.1288543940 0.1466033310 0.1349903196 0.1466033310 0.1288543940 0.1466033310 0.1334563345 0.1466033310 0.1211844832 0.1466033310 0.1334563345 0.1466033310 
LOG 26989419 0.1334563345 0.1500938833 0.1349903196 0.1500938833 0.1319223493 0.1500938833 0.1380582750 0.1500938833 0.1257864237 0.1500938833 0.1365242898 0.1500938833 
LOG 27002872 0.1365242898 0.1535844505 0.1349903196 0.1535844505 0.1334563345 0.1535844505 0.1426602155 0.1535844505 0.1273204088 0.1535844505 0.1411262304 0.1535844505 
LOG 27017089 0.1411262304 0.1570750028 0.1380582750 0.1570750028 0.1365242898 0.1570750028 0.1457281858 0.1570750028 0.1319223493 0.1570750028 0.1457281858 0.1570750028 
LOG 27032902 0.1457281858 0.1605655551 0.1426602155 0.1605655551 0.1395922601 0.1605655551 0.1518640965 0.1605655551 0.1349903196 0.1605655551 0.1487961411 0.1605655551 
LOG 27045674 0.1472621560 0.1640561074 0.1487961411 0.1640561074 0.1426602155 0.1640561074 0.1533980817 0.1640561074 0.1380582750 0.1640561074 0.1518640965 0.1640561074 
LOG 27059171 0.1487961411 0.1675466597 0.1564660519 0.1675466597 0.1457281858 0.1675466597 0.1564660519 0.1675466597 0.1411262304 0.1675466597 0.1549320668 0.1675466597 
LOG 27073127 0.1533980817 0.1710372269 0.1641359478 0.1710372269 0.1503301263 0.1710372269 0.1580000222 0.1710372269 0.1457281858 0.1710372269 0.1580000222 0.1710372269 
LOG 27086165 0.1564660519 0.1745277792 0.1702718735 0.1745277792 0.1533980817 0.1745277792 0.1626019627 0.1745277792 0.1503301263 0.1745277792 0.1610679924 0.1745277792 
LOG 27098748 0.1595340073 0.1780183315 0.1764077991 0.1780183315 0.1564660519 0.1780183315 0.1656699330 0.1780183315 0.1533980817 0.1780183315 0.1656699330 0.1780183315 
LOG 27114650 0.1641359478 0.1815088838 0.1794757545 0.1815088838 0.1610679924 0.1815088838 0.1702718735 0.1815088838 0.1580000222 0.1815088838 0.1702718735 0.1815088838 
LOG 27129373 0.1702718735 0.1849994510 0.1794757545 0.1849994510 0.1656699330 0.1849994510 0.1748738140 0.1849994510 0.1610679924 0.1849994510 0.1748738140 0.1849994510 
LOG 27141970 0.1718058586 0.1884900033 0.1779417694 0.1884900033 0.1687378883 0.1884900033 0.1764077991 0.1884900033 0.1641359478 0.1884900033 0.1779417694 0.1884900033 
LOG 27157887 0.1779417694 0.1919805557 0.1779417694 0.1919805557 0.1718058586 0.1919805557 0.1810097396 0.1919805557 0.1702718735 0.1919805557 0.1810097396 0.1919805557 
LOG 27170220 0.1794757545 0.1954711080 0.1794757545 0.1954711080 0.1764077991 0.1954711080 0.1840776950 0.1954711080 0.1733398288 0.1954711080 0.1840776950 0.1954711080 
LOG 27183720 0.1825437248 0.1989616603 0.1810097396 0.1989616603 0.1794757545 0.1989616603 0.1886796355 0.1989616603 0.1779417694 0.1989616603 0.1871456653 0.1989616603 
LOG 27197921 0.1840776950 0.2024522275 0.1840776950 0.2024522275 0.1825437248 0.2024522275 0.1917476058 0.2024522275 0.1810097396 0.2024522275 0.1902136207 0.2024522275 
LOG 27213973 0.1886796355 0.2059427798 0.1902136207 0.2059427798 0.1871456653 0.2059427798 0.1963495463 0.2059427798 0.1840776950 0.2059427798 0.1948155612 0.2059427798 
LOG 27225318 0.1917476058 0.2094333321 0.1963495463 0.2094333321 0.1886796355 0.2094333321 0.1994175017 0.2094333321 0.1871456653 0.2094333321 0.1978835315 0.2094333321 
LOG 27239555 0.1963495463 0.2129238844 0.2040194571 0.2129238844 0.1932815909 0.2129238844 0.1994175017 0.2129238844 0.1917476058 0.2129238844 0.2024854720 0.2129238844 
LOG 27252618 0.1994175017 0.2164144516 0.2116893530 0.2164144516 0.1963495463 0.2164144516 0.2040194571 0.2164144516 0.1948155612 0.2164144516 0.2055534273 0.2164144516 
LOG 27266697 0.2024854720 0.2199050039 0.2178252786 0.2199050039 0.2009514868 0.2199050039 0.2070874125 0.2199050039 0.1994175017 0.2199050039 0.2086213976 0.2199050039 
LOG 27282924 0.2070874125 0.2233955562 0.2208932340 0.2233955562 0.2040194571 0.2233955562 0.2132233381 0.2233955562 0.2024854720 0.2233955562 0.2132233381 0.2233955562 
LOG 27294920 0.2101553679 0.2268861085 0.2208932340 0.2268861085 0.2086213976 0.2268861085 0.2162912935 0.2268861085 0.2055534273 0.2268861085 0.2178252786 0.2268861085 
LOG 27307789 0.2147573233 0.2303766608 0.2208932340 0.2303766608 0.2116893530 0.2303766608 0.2193592638 0.2303766608 0.2086213976 0.2303766608 0.2208932340 0.2303766608 
LOG 27320625 0.2162912935 0.2338672280 0.2208932340 0.2338672280 0.2132233381 0.2338672280 0.2224272192 0.2338672280 0.2132233381 0.2338672280 0.2239612043 0.2338672280 
LOG 27332647 0.2193592638 0.2373577803 0.2208932340 0.2373577803 0.2162912935 0.2373577803 0.2254951894 0.2373577803 0.2147573233 0.2373577803 0.2270291597 0.2373577803 
LOG 27346163 NaN 0.2408483326 NaN 0.2408483326 NaN 0.2408483326 NaN 0.2408483326 NaN 0.2408483326 NaN 0.2408483326 
LOG 27355102 0.2254951894 0.2443388849 0.2224272192 0.2443388849 0.2224272192 0.2443388849 0.2300971299 0.2443388849 0.2224272192 0.2443388849 0.2316311002 0.2443388849 
LOG 27368779 0.2285631448 0.2478294373 0.2285631448 0.2478294373 0.2254951894 0.2478294373 0.2346990705 0.2478294373 0.2270291597 0.2478294373 0.2346990705 0.2478294373 
LOG 27381051 0.2316311002 0.2513200045 0.2346990705 0.2513200045 0.2300971299 0.2513200045 0.2393010110 0.2513200045 0.2300971299 0.2513200045 0.2377670258 0.2513200045 
LOG 27395841 0.2346990705 0.2548105419 0.2469709069 0.2548105419 0.2331650853 0.2548105419 0.2423689663 0.2548105419 0.2346990705 0.2548105419 0.2439029515 0.2548105419 
LOG 27408514 0.2393010110 0.2583011091 0.2561748028 0.2583011091 0.2377670258 0.2583011091 0.2469709069 0.2583011091 0.2377670258 0.2583011091 0.2454369366 0.2583011091 
LOG 27423485 0.2439029515 0.2617916763 0.2623107135 0.2617916763 0.2423689663 0.2617916763 0.2515728474 0.2617916763 0.2423689663 0.2617916763 0.2515728474 0.2617916763 
LOG 27437057 0.2485048920 0.2652822137 0.2653786838 0.2652822137 0.2454369366 0.2652822137 0.2546408176 0.2652822137 0.2454369366 0.2652822137 0.2561748028 0.2652822137 
LOG 27452621 0.2515728474 0.2687727809 0.2638446987 0.2687727809 0.2500388622 0.2687727809 0.2577087879 0.2687727809 0.2500388622 0.2687727809 0.2592427731 0.2687727809 
LOG 27468080 0.2561748028 0.2722633481 0.2623107135 0.2722633481 0.2546408176 0.2722633481 0.2623107135 0.2722633481 0.2546408176 0.2722633481 0.2638446987 0.2722633481 
LOG 27477711 0.2592427731 0.2757538855 0.2638446987 0.2757538855 0.2561748028 0.2757538855 0.2638446987 0.2757538855 0.2561748028 0.2757538855 0.2653786838 0.2757538855 
LOG 27491060 NaN 0.2792444527 NaN 0.2792444527 NaN 0.2792444527 NaN 0.2792444527 NaN 0.2792444527 NaN 0.2792444527 
LOG 27497939 0.2623107135 0.2827349901 0.2638446987 0.2827349901 0.2607767284 0.2827349901 0.2684466541 0.2827349901 0.2623107135 0.2827349901 0.2699806392 0.2827349901 
LOG 27511787 0.2669126689 0.2862255573 0.2653786838 0.2862255573 0.2638446987 0.2862255573 0.2730485797 0.2862255573 0.2653786838 0.2862255573 0.2745825648 0.2862255573 
LOG 27523832 0.2699806392 0.2897161245 0.2699806392 0.2897161245 0.2684466541 0.2897161245 0.2761165500 0.2897161245 0.2699806392 0.2897161245 0.2776505351 0.2897161245 
LOG 27537163 0.2745825648 0.2932066619 0.2761165500 0.2932066619 0.2715145946 0.2932066619 0.2807185054 0.2932066619 0.2730485797 0.2932066619 0.2822524607 0.2932066619 
LOG 27549963 0.2776505351 0.2966972291 0.2853204310 0.2966972291 0.2761165500 0.2966972291 0.2853204310 0.2966972291 0.2776505351 0.2966972291 0.2853204310 0.2966972291 
LOG 27561115 0.2807185054 0.3001877666 0.2914563715 0.3001877666 0.2791845202 0.3001877666 0.2883884013 0.3001877666 0.2807185054 0.3001877666 0.2899223864 0.3001877666 
LOG 27574662 0.2853204310 0.3036783338 0.2991262674 0.3036783338 0.2822524607 0.3036783338 0.2929903269 0.3036783338 0.2837864459 0.3036783338 0.2945243120 0.3036783338 
LOG 27587494 0.2883884013 0.3071689010 0.3021942377 0.3071689010 0.2868544161 0.3071689010 0.2960582972 0.3071689010 0.2883884013 0.3071689010 0.2975922823 0.3071689010 
LOG 27602176 0.2929903269 0.3106594384 0.3067961633 0.3106594384 0.2899223864 0.3106594384 0.2991262674 0.3106594384 0.2929903269 0.3106594384 0.3006602526 0.3106594384 
LOG 27614753 0.2975922823 0.3141500056 0.3067961633 0.3141500056 0.2945243120 0.3141500056 0.3037281930 0.3141500056 0.2975922823 0.3141500056 0.3037281930 0.3141500056 
LOG 27628646 NaN 0.3176405430 NaN 0.3176405430 NaN 0.3176405430 NaN 0.3176405430 NaN 0.3176405430 NaN 0.3176405430 
LOG 27640325 0.3037281930 0.3211311102 0.3052621782 0.3211311102 0.3006602526 0.3211311102 0.3113981187 0.3211311102 0.3037281930 0.3211311102 0.3083301485 0.3211311102 
LOG 27657566 0.3067961633 0.3246216774 0.3067961633 0.3246216774 0.3052621782 0.3246216774 0.3160000443 0.3246216774 0.3098641336 0.3246216774 0.3129321039 0.3246216774 
LOG 27669485 0.3098641336 0.3281122148 0.3098641336 0.3281122148 0.3067961633 0.3281122148 0.3175340295 0.3281122148 0.3129321039 0.3281122148 0.3175340295 0.3281122148 
LOG 27682913 0.3129321039 0.3316027820 0.3160000443 0.3316027820 0.3113981187 0.3316027820 0.3206019998 0.3316027820 0.3175340295 0.3316027820 0.3221359849 0.3316027820 
LOG 27697498 0.3175340295 0.3350933194 0.3221359849 0.3350933194 0.3160000443 0.3350933194 0.3236699700 0.3350933194 0.3206019998 0.3350933194 0.3252039254 0.3350933194 
LOG 27710761 0.3221359849 0.3385838866 0.3298058808 0.3385838866 0.3190680146 0.3385838866 0.3267379105 0.3385838866 0.3221359849 0.3385838866 0.3298058808 0.3385838866 
LOG 27722178 0.3252039254 0.3420744538 0.3328738511 0.3420744538 0.3221359849 0.3420744538 0.3298058808 0.3420744538 0.3252039254 0.3420744538 0.3313398659 0.3420744538 
LOG 27736946 0.3267379105 0.3455649912 0.3374757767 0.3455649912 0.3267379105 0.3455649912 0.3344078064 0.3455649912 0.3298058808 0.3455649912 0.3374757767 0.3455649912 
LOG 27750197 0.3298058808 0.3490555584 0.3405437469 0.3490555584 0.3298058808 0.3490555584 0.3374757767 0.3490555584 0.3328738511 0.3490555584 0.3405437469 0.3490555584 
